{"obj": {"type": "AssignString", "path": ["sys", "name"], "value": "Untitled"}, "version": 1, "at": 1717596929.1794012}
{"obj": {"type": "AssignString", "path": ["sys", "description"], "value": ""}, "version": 2, "at": 1717596929.1797729}
{"obj": {"type": "AssignString", "path": ["monitoring", "81e3bd79", "hostname"], "value": "sn4622120131"}, "version": 3, "at": 1717596929.1799397}
{"obj": {"type": "AssignString", "path": ["sys", "hostname"], "value": "sn4622120131"}, "version": 4, "at": 1717596929.1800737}
{"obj": {"type": "AssignString", "path": ["monitoring", "81e3bd79", "pid"], "value": "2713857"}, "version": 5, "at": 1717596929.1802094}
{"obj": {"type": "AssignString", "path": ["monitoring", "81e3bd79", "tid"], "value": "140651202553664"}, "version": 6, "at": 1717596929.1803355}
{"obj": {"type": "AssignBool", "path": ["sys", "failed"], "value": false}, "version": 7, "at": 1717596929.1804514}
{"obj": {"type": "ClearStringLog", "path": ["monitoring", "81e3bd79", "stdout"]}, "version": 8, "at": 1717596929.1806245}
{"obj": {"type": "ClearStringLog", "path": ["monitoring", "81e3bd79", "stderr"]}, "version": 9, "at": 1717596929.1807463}
{"obj": {"type": "AssignString", "path": ["source_code", "entrypoint"], "value": "snl_finetune_unstructured.py"}, "version": 10, "at": 1717596929.1811078}
{"obj": {"type": "UploadFileSet", "path": ["source_code", "files"], "file_globs": ["/home/xxu002/snip-snl-pgd/snl_finetune_unstructured.py"], "reset": "False"}, "version": 11, "at": 1717596929.181265}
{"obj": {"type": "UploadFile", "path": ["source_code", "diff"], "ext": "patch", "file_path": null, "tmp_file_name": "source_code_diff-1717596929.215269-2024-06-05_10.15.29.215269.patch", "clean_after_upload": false}, "version": 12, "at": 1717596929.2157345}
{"obj": {"type": "ConfigFloatSeries", "path": ["monitoring", "81e3bd79", "cpu"], "min": 0.0, "max": 100.0, "unit": "%"}, "version": 13, "at": 1717596929.2235668}
{"obj": {"type": "ClearFloatLog", "path": ["monitoring", "81e3bd79", "cpu"]}, "version": 14, "at": 1717596929.2236323}
{"obj": {"type": "ConfigFloatSeries", "path": ["monitoring", "81e3bd79", "memory"], "min": 0.0, "max": 440.5097770690918, "unit": "GB"}, "version": 15, "at": 1717596929.223698}
{"obj": {"type": "ClearFloatLog", "path": ["monitoring", "81e3bd79", "memory"]}, "version": 16, "at": 1717596929.22373}
{"obj": {"type": "ConfigFloatSeries", "path": ["monitoring", "81e3bd79", "gpu"], "min": 0.0, "max": 100.0, "unit": "%"}, "version": 17, "at": 1717596929.2237854}
{"obj": {"type": "ClearFloatLog", "path": ["monitoring", "81e3bd79", "gpu"]}, "version": 18, "at": 1717596929.2238142}
{"obj": {"type": "ConfigFloatSeries", "path": ["monitoring", "81e3bd79", "gpu_memory"], "min": 0.0, "max": 47.98828125, "unit": "GB"}, "version": 19, "at": 1717596929.2238653}
{"obj": {"type": "ClearFloatLog", "path": ["monitoring", "81e3bd79", "gpu_memory"]}, "version": 20, "at": 1717596929.2238922}
{"obj": {"type": "LogStrings", "path": ["monitoring", "81e3bd79", "stdout"], "values": [{"value": "\rHyperparameter List", "step": null, "ts": 1717596929.2256184}]}, "version": 21, "at": 1717596929.2256978}
{"obj": {"type": "LogStrings", "path": ["monitoring", "81e3bd79", "stdout"], "values": [{"value": "\rFinetune Epochs: 100", "step": null, "ts": 1717596929.2262356}]}, "version": 22, "at": 1717596929.226262}
{"obj": {"type": "LogStrings", "path": ["monitoring", "81e3bd79", "stdout"], "values": [{"value": "\rLearning Rate: 0.001", "step": null, "ts": 1717596929.2267277}]}, "version": 23, "at": 1717596929.2267396}
{"obj": {"type": "LogStrings", "path": ["monitoring", "81e3bd79", "stdout"], "values": [{"value": "\rAlpha: 1e-05", "step": null, "ts": 1717596929.227165}]}, "version": 24, "at": 1717596929.2271762}
{"obj": {"type": "LogStrings", "path": ["monitoring", "81e3bd79", "stdout"], "values": [{"value": "\rReLU Budget: 45000", "step": null, "ts": 1717596929.2275996}]}, "version": 25, "at": 1717596929.2276099}
{"obj": {"type": "LogFloats", "path": ["monitoring", "81e3bd79", "cpu"], "values": [{"value": 1.3, "step": null, "ts": 1717596929.224056}]}, "version": 26, "at": 1717596929.2297049}
{"obj": {"type": "LogFloats", "path": ["monitoring", "81e3bd79", "memory"], "values": [{"value": 21.316070556640625, "step": null, "ts": 1717596929.224056}]}, "version": 27, "at": 1717596929.2298498}
{"obj": {"type": "LogFloats", "path": ["monitoring", "81e3bd79", "gpu_memory"], "values": [{"value": 1.3900146484375, "step": null, "ts": 1717596929.224056}]}, "version": 28, "at": 1717596929.2299178}
{"obj": {"type": "LogStrings", "path": ["monitoring", "81e3bd79", "stdout"], "values": [{"value": "Files already downloaded and verified", "step": null, "ts": 1717596929.4529288}]}, "version": 29, "at": 1717596929.4529722}
{"obj": {"type": "LogStrings", "path": ["monitoring", "81e3bd79", "stdout"], "values": [{"value": "\n", "step": null, "ts": 1717596929.453095}]}, "version": 30, "at": 1717596929.4531083}
{"obj": {"type": "LogStrings", "path": ["monitoring", "81e3bd79", "stdout"], "values": [{"value": "Files already downloaded and verified", "step": null, "ts": 1717596930.1325917}]}, "version": 31, "at": 1717596930.1326358}
{"obj": {"type": "LogStrings", "path": ["monitoring", "81e3bd79", "stdout"], "values": [{"value": "\n", "step": null, "ts": 1717596930.1328309}]}, "version": 32, "at": 1717596930.1328585}
{"obj": {"type": "LogStrings", "path": ["monitoring", "81e3bd79", "stdout"], "values": [{"value": "CIFAR10/100 Setting", "step": null, "ts": 1717596930.4047208}]}, "version": 33, "at": 1717596930.4047585}
{"obj": {"type": "LogStrings", "path": ["monitoring", "81e3bd79", "stdout"], "values": [{"value": "\n", "step": null, "ts": 1717596930.4050767}]}, "version": 34, "at": 1717596930.4050996}
{"obj": {"type": "LogStrings", "path": ["monitoring", "81e3bd79", "stdout"], "values": [{"value": "\rLoaded the base_classifier", "step": null, "ts": 1717596930.6706398}]}, "version": 35, "at": 1717596930.670683}
{"obj": {"type": "LogFloats", "path": ["monitoring", "81e3bd79", "cpu"], "values": [{"value": 3.8, "step": null, "ts": 1717596930.6841364}]}, "version": 36, "at": 1717596930.6919482}
{"obj": {"type": "LogFloats", "path": ["monitoring", "81e3bd79", "memory"], "values": [{"value": 22.06072998046875, "step": null, "ts": 1717596930.6841364}]}, "version": 37, "at": 1717596930.6921113}
{"obj": {"type": "LogFloats", "path": ["monitoring", "81e3bd79", "gpu"], "values": [{"value": 1.0, "step": null, "ts": 1717596930.6841364}]}, "version": 38, "at": 1717596930.6921945}
{"obj": {"type": "LogFloats", "path": ["monitoring", "81e3bd79", "gpu_memory"], "values": [{"value": 2.294189453125, "step": null, "ts": 1717596930.6841364}]}, "version": 39, "at": 1717596930.6922588}
{"obj": {"type": "LogFloats", "path": ["monitoring", "81e3bd79", "cpu"], "values": [{"value": 0.8, "step": null, "ts": 1717596930.9750743}]}, "version": 40, "at": 1717596930.9803581}
{"obj": {"type": "LogFloats", "path": ["monitoring", "81e3bd79", "memory"], "values": [{"value": 22.074413299560547, "step": null, "ts": 1717596930.9750743}]}, "version": 41, "at": 1717596930.9805722}
{"obj": {"type": "LogFloats", "path": ["monitoring", "81e3bd79", "gpu"], "values": [{"value": 18.0, "step": null, "ts": 1717596930.9750743}]}, "version": 42, "at": 1717596930.9806674}
{"obj": {"type": "LogFloats", "path": ["monitoring", "81e3bd79", "gpu_memory"], "values": [{"value": 2.294189453125, "step": null, "ts": 1717596930.9750743}]}, "version": 43, "at": 1717596930.9807568}
{"obj": {"type": "LogFloats", "path": ["monitoring", "81e3bd79", "cpu"], "values": [{"value": 13.7, "step": null, "ts": 1717596931.1835217}]}, "version": 44, "at": 1717596931.1913772}
{"obj": {"type": "LogFloats", "path": ["monitoring", "81e3bd79", "memory"], "values": [{"value": 22.091686248779297, "step": null, "ts": 1717596931.1835217}]}, "version": 45, "at": 1717596931.191519}
{"obj": {"type": "LogFloats", "path": ["monitoring", "81e3bd79", "gpu_memory"], "values": [{"value": 2.294189453125, "step": null, "ts": 1717596931.1835217}]}, "version": 46, "at": 1717596931.1915824}
{"obj": {"type": "LogFloats", "path": ["monitoring", "81e3bd79", "cpu"], "values": [{"value": 0.7, "step": null, "ts": 1717596931.3778603}]}, "version": 47, "at": 1717596931.3857253}
{"obj": {"type": "LogFloats", "path": ["monitoring", "81e3bd79", "memory"], "values": [{"value": 22.117881774902344, "step": null, "ts": 1717596931.3778603}]}, "version": 48, "at": 1717596931.386061}
{"obj": {"type": "LogFloats", "path": ["monitoring", "81e3bd79", "gpu_memory"], "values": [{"value": 2.294189453125, "step": null, "ts": 1717596931.3778603}]}, "version": 49, "at": 1717596931.3861403}
{"obj": {"type": "LogStrings", "path": ["monitoring", "81e3bd79", "stdout"], "values": [{"value": "Test : [0/79]\tAcc@1 78.906Acc@5 95.312", "step": null, "ts": 1717596931.6182868}]}, "version": 50, "at": 1717596931.61837}
{"obj": {"type": "LogStrings", "path": ["monitoring", "81e3bd79", "stdout"], "values": [{"value": "\n", "step": null, "ts": 1717596931.6186576}]}, "version": 51, "at": 1717596931.6186857}
{"obj": {"type": "LogStrings", "path": ["monitoring", "81e3bd79", "stdout"], "values": [{"value": "Inference Time: 2.710", "step": null, "ts": 1717596933.3813002}]}, "version": 52, "at": 1717596933.3813481}
{"obj": {"type": "LogStrings", "path": ["monitoring", "81e3bd79", "stdout"], "values": [{"value": "\n", "step": null, "ts": 1717596933.3817022}]}, "version": 53, "at": 1717596933.3817306}
{"obj": {"type": "LogStrings", "path": ["monitoring", "81e3bd79", "stdout"], "values": [{"value": "Final Accuracy: [76.92]", "step": null, "ts": 1717596933.3818717}]}, "version": 54, "at": 1717596933.381897}
{"obj": {"type": "LogStrings", "path": ["monitoring", "81e3bd79", "stdout"], "values": [{"value": "\n", "step": null, "ts": 1717596933.3820128}]}, "version": 55, "at": 1717596933.3820348}
{"obj": {"type": "LogStrings", "path": ["monitoring", "81e3bd79", "stdout"], "values": [{"value": "\rOriginal Model Test Accuracy: 76.92", "step": null, "ts": 1717596933.3821423}]}, "version": 56, "at": 1717596933.3821635}
{"obj": {"type": "LogStrings", "path": ["monitoring", "81e3bd79", "stdout"], "values": [{"value": "\rOriginal ReLU Count: 491520", "step": null, "ts": 1717596933.3883572}]}, "version": 57, "at": 1717596933.3883824}
{"obj": {"type": "LogFloats", "path": ["monitoring", "81e3bd79", "cpu"], "values": [{"value": 7.1, "step": null, "ts": 1717596933.4155438}]}, "version": 58, "at": 1717596933.416413}
{"obj": {"type": "LogFloats", "path": ["monitoring", "81e3bd79", "memory"], "values": [{"value": 22.440399169921875, "step": null, "ts": 1717596933.4155438}]}, "version": 59, "at": 1717596933.4165666}
{"obj": {"type": "LogFloats", "path": ["monitoring", "81e3bd79", "gpu"], "values": [{"value": 98.0, "step": null, "ts": 1717596933.4155438}]}, "version": 60, "at": 1717596933.416642}
{"obj": {"type": "LogFloats", "path": ["monitoring", "81e3bd79", "gpu_memory"], "values": [{"value": 2.813720703125, "step": null, "ts": 1717596933.4155438}]}, "version": 61, "at": 1717596933.416708}
{"obj": {"type": "LogFloats", "path": ["monitoring", "81e3bd79", "cpu"], "values": [{"value": 6.7, "step": null, "ts": 1717596933.6299598}]}, "version": 62, "at": 1717596933.6365652}
{"obj": {"type": "LogFloats", "path": ["monitoring", "81e3bd79", "memory"], "values": [{"value": 22.467243194580078, "step": null, "ts": 1717596933.6299598}]}, "version": 63, "at": 1717596933.6367373}
{"obj": {"type": "LogFloats", "path": ["monitoring", "81e3bd79", "gpu"], "values": [{"value": 2.0, "step": null, "ts": 1717596933.6299598}]}, "version": 64, "at": 1717596933.6368122}
{"obj": {"type": "LogFloats", "path": ["monitoring", "81e3bd79", "gpu_memory"], "values": [{"value": 2.813720703125, "step": null, "ts": 1717596933.6299598}]}, "version": 65, "at": 1717596933.6368778}
{"obj": {"type": "LogFloats", "path": ["monitoring", "81e3bd79", "cpu"], "values": [{"value": 6.0, "step": null, "ts": 1717596933.8425665}]}, "version": 66, "at": 1717596933.8456807}
{"obj": {"type": "LogFloats", "path": ["monitoring", "81e3bd79", "memory"], "values": [{"value": 22.49004364013672, "step": null, "ts": 1717596933.8425665}]}, "version": 67, "at": 1717596933.845826}
{"obj": {"type": "LogFloats", "path": ["monitoring", "81e3bd79", "gpu_memory"], "values": [{"value": 2.813720703125, "step": null, "ts": 1717596933.8425665}]}, "version": 68, "at": 1717596933.8458948}
{"obj": {"type": "LogFloats", "path": ["monitoring", "81e3bd79", "cpu"], "values": [{"value": 3.5, "step": null, "ts": 1717596934.070141}]}, "version": 69, "at": 1717596934.0719695}
{"obj": {"type": "LogFloats", "path": ["monitoring", "81e3bd79", "memory"], "values": [{"value": 22.52655029296875, "step": null, "ts": 1717596934.070141}]}, "version": 70, "at": 1717596934.0721128}
{"obj": {"type": "LogFloats", "path": ["monitoring", "81e3bd79", "gpu_memory"], "values": [{"value": 2.813720703125, "step": null, "ts": 1717596934.070141}]}, "version": 71, "at": 1717596934.0721855}
{"obj": {"type": "LogStrings", "path": ["monitoring", "81e3bd79", "stderr"], "values": [{"value": "/home/xxu002/.local/lib/python3.9/site-packages/torch/autograd/graph.py:744: UserWarning: Plan failed with a cudnnException: CUDNN_BACKEND_EXECUTION_PLAN_DESCRIPTOR: cudnnFinalize Descriptor Failed cudnn_status: CUDNN_STATUS_NOT_SUPPORTED (Triggered internally at ../aten/src/ATen/native/cudnn/Conv_v8.cpp:919.)\n  return Variable._execution_engine.run_backward(  # Calls into the C++ engine to run the backward pass\n", "step": null, "ts": 1717596934.273717}]}, "version": 72, "at": 1717596934.2737675}
{"obj": {"type": "LogStrings", "path": ["monitoring", "81e3bd79", "stderr"], "values": [{"value": "/home/xxu002/snip-snl-pgd/snip.py:71: UserWarning: To copy construct from a tensor, it is recommended to use sourceTensor.clone().detach() or sourceTensor.clone().detach().requires_grad_(True), rather than torch.tensor(sourceTensor).\n  layer_scores = torch.tensor(layer_grads)\n", "step": null, "ts": 1717596934.2873588}]}, "version": 73, "at": 1717596934.287392}
{"obj": {"type": "LogFloats", "path": ["monitoring", "81e3bd79", "cpu"], "values": [{"value": 19.5, "step": null, "ts": 1717596934.3102608}]}, "version": 74, "at": 1717596934.3110468}
{"obj": {"type": "LogFloats", "path": ["monitoring", "81e3bd79", "memory"], "values": [{"value": 22.65402603149414, "step": null, "ts": 1717596934.3102608}]}, "version": 75, "at": 1717596934.3112078}
{"obj": {"type": "LogFloats", "path": ["monitoring", "81e3bd79", "gpu_memory"], "values": [{"value": 5.770751953125, "step": null, "ts": 1717596934.3102608}]}, "version": 76, "at": 1717596934.3112812}
{"obj": {"type": "LogFloats", "path": ["monitoring", "81e3bd79", "cpu"], "values": [{"value": 5.7, "step": null, "ts": 1717596934.509719}]}, "version": 77, "at": 1717596934.5112345}
{"obj": {"type": "LogFloats", "path": ["monitoring", "81e3bd79", "memory"], "values": [{"value": 22.678504943847656, "step": null, "ts": 1717596934.509719}]}, "version": 78, "at": 1717596934.5114}
{"obj": {"type": "LogFloats", "path": ["monitoring", "81e3bd79", "gpu"], "values": [{"value": 40.0, "step": null, "ts": 1717596934.509719}]}, "version": 79, "at": 1717596934.51148}
{"obj": {"type": "LogFloats", "path": ["monitoring", "81e3bd79", "gpu_memory"], "values": [{"value": 5.770751953125, "step": null, "ts": 1717596934.509719}]}, "version": 80, "at": 1717596934.5115511}
{"obj": {"type": "LogFloats", "path": ["monitoring", "81e3bd79", "cpu"], "values": [{"value": 10.8, "step": null, "ts": 1717596934.706464}]}, "version": 81, "at": 1717596934.7098973}
{"obj": {"type": "LogFloats", "path": ["monitoring", "81e3bd79", "memory"], "values": [{"value": 22.699352264404297, "step": null, "ts": 1717596934.706464}]}, "version": 82, "at": 1717596934.7100523}
{"obj": {"type": "LogFloats", "path": ["monitoring", "81e3bd79", "gpu_memory"], "values": [{"value": 5.770751953125, "step": null, "ts": 1717596934.706464}]}, "version": 83, "at": 1717596934.710124}
{"obj": {"type": "LogFloats", "path": ["monitoring", "81e3bd79", "cpu"], "values": [{"value": 14.6, "step": null, "ts": 1717596934.9093082}]}, "version": 84, "at": 1717596934.9101288}
{"obj": {"type": "LogFloats", "path": ["monitoring", "81e3bd79", "memory"], "values": [{"value": 22.725933074951172, "step": null, "ts": 1717596934.9093082}]}, "version": 85, "at": 1717596934.9103098}
{"obj": {"type": "LogFloats", "path": ["monitoring", "81e3bd79", "gpu_memory"], "values": [{"value": 5.770751953125, "step": null, "ts": 1717596934.9093082}]}, "version": 86, "at": 1717596934.9103837}
{"obj": {"type": "LogFloats", "path": ["monitoring", "81e3bd79", "cpu"], "values": [{"value": 22.3, "step": null, "ts": 1717596935.107342}]}, "version": 87, "at": 1717596935.115168}
{"obj": {"type": "LogFloats", "path": ["monitoring", "81e3bd79", "memory"], "values": [{"value": 22.638011932373047, "step": null, "ts": 1717596935.107342}]}, "version": 88, "at": 1717596935.1157277}
{"obj": {"type": "LogFloats", "path": ["monitoring", "81e3bd79", "gpu_memory"], "values": [{"value": 5.770751953125, "step": null, "ts": 1717596935.107342}]}, "version": 89, "at": 1717596935.115843}
{"obj": {"type": "LogFloats", "path": ["monitoring", "81e3bd79", "cpu"], "values": [{"value": 12.4, "step": null, "ts": 1717596935.3075635}]}, "version": 90, "at": 1717596935.3122206}
{"obj": {"type": "LogFloats", "path": ["monitoring", "81e3bd79", "memory"], "values": [{"value": 22.656593322753906, "step": null, "ts": 1717596935.3075635}]}, "version": 91, "at": 1717596935.3123693}
{"obj": {"type": "LogFloats", "path": ["monitoring", "81e3bd79", "gpu"], "values": [{"value": 38.0, "step": null, "ts": 1717596935.3075635}]}, "version": 92, "at": 1717596935.3124452}
{"obj": {"type": "LogFloats", "path": ["monitoring", "81e3bd79", "gpu_memory"], "values": [{"value": 5.770751953125, "step": null, "ts": 1717596935.3075635}]}, "version": 93, "at": 1717596935.3125112}
{"obj": {"type": "LogFloats", "path": ["monitoring", "81e3bd79", "cpu"], "values": [{"value": 6.2, "step": null, "ts": 1717596935.5020115}]}, "version": 94, "at": 1717596935.5066292}
{"obj": {"type": "LogFloats", "path": ["monitoring", "81e3bd79", "memory"], "values": [{"value": 22.68349838256836, "step": null, "ts": 1717596935.5020115}]}, "version": 95, "at": 1717596935.5068877}
{"obj": {"type": "LogFloats", "path": ["monitoring", "81e3bd79", "gpu_memory"], "values": [{"value": 5.770751953125, "step": null, "ts": 1717596935.5020115}]}, "version": 96, "at": 1717596935.5069745}
{"obj": {"type": "LogFloats", "path": ["monitoring", "81e3bd79", "cpu"], "values": [{"value": 7.0, "step": null, "ts": 1717596935.6991384}]}, "version": 97, "at": 1717596935.7057667}
{"obj": {"type": "LogFloats", "path": ["monitoring", "81e3bd79", "memory"], "values": [{"value": 22.713485717773438, "step": null, "ts": 1717596935.6991384}]}, "version": 98, "at": 1717596935.7070959}
{"obj": {"type": "LogFloats", "path": ["monitoring", "81e3bd79", "gpu_memory"], "values": [{"value": 5.770751953125, "step": null, "ts": 1717596935.6991384}]}, "version": 99, "at": 1717596935.7074676}
{"obj": {"type": "LogFloats", "path": ["monitoring", "81e3bd79", "cpu"], "values": [{"value": 14.1, "step": null, "ts": 1717596935.9115317}]}, "version": 100, "at": 1717596935.9179347}
{"obj": {"type": "LogFloats", "path": ["monitoring", "81e3bd79", "memory"], "values": [{"value": 22.61334228515625, "step": null, "ts": 1717596935.9115317}]}, "version": 101, "at": 1717596935.9180653}
{"obj": {"type": "LogFloats", "path": ["monitoring", "81e3bd79", "gpu_memory"], "values": [{"value": 5.770751953125, "step": null, "ts": 1717596935.9115317}]}, "version": 102, "at": 1717596935.9181304}
{"obj": {"type": "LogFloats", "path": ["monitoring", "81e3bd79", "cpu"], "values": [{"value": 1.3, "step": null, "ts": 1717596936.104947}]}, "version": 103, "at": 1717596936.1099274}
{"obj": {"type": "LogFloats", "path": ["monitoring", "81e3bd79", "memory"], "values": [{"value": 22.639312744140625, "step": null, "ts": 1717596936.104947}]}, "version": 104, "at": 1717596936.1100993}
{"obj": {"type": "LogFloats", "path": ["monitoring", "81e3bd79", "gpu"], "values": [{"value": 40.0, "step": null, "ts": 1717596936.104947}]}, "version": 105, "at": 1717596936.1101842}
{"obj": {"type": "LogFloats", "path": ["monitoring", "81e3bd79", "gpu_memory"], "values": [{"value": 5.770751953125, "step": null, "ts": 1717596936.104947}]}, "version": 106, "at": 1717596936.1102557}
{"obj": {"type": "LogFloats", "path": ["monitoring", "81e3bd79", "cpu"], "values": [{"value": 4.3, "step": null, "ts": 1717596936.2982957}]}, "version": 107, "at": 1717596936.3037496}
{"obj": {"type": "LogFloats", "path": ["monitoring", "81e3bd79", "memory"], "values": [{"value": 22.66838836669922, "step": null, "ts": 1717596936.2982957}]}, "version": 108, "at": 1717596936.3039107}
{"obj": {"type": "LogFloats", "path": ["monitoring", "81e3bd79", "gpu_memory"], "values": [{"value": 5.770751953125, "step": null, "ts": 1717596936.2982957}]}, "version": 109, "at": 1717596936.303979}
{"obj": {"type": "LogFloats", "path": ["monitoring", "81e3bd79", "cpu"], "values": [{"value": 2.1, "step": null, "ts": 1717596936.494771}]}, "version": 110, "at": 1717596936.5013802}
{"obj": {"type": "LogFloats", "path": ["monitoring", "81e3bd79", "memory"], "values": [{"value": 22.697898864746094, "step": null, "ts": 1717596936.494771}]}, "version": 111, "at": 1717596936.5027738}
{"obj": {"type": "LogFloats", "path": ["monitoring", "81e3bd79", "gpu_memory"], "values": [{"value": 5.770751953125, "step": null, "ts": 1717596936.494771}]}, "version": 112, "at": 1717596936.5037138}
{"obj": {"type": "LogFloats", "path": ["monitoring", "81e3bd79", "cpu"], "values": [{"value": 15.4, "step": null, "ts": 1717596936.6947556}]}, "version": 113, "at": 1717596936.6978335}
{"obj": {"type": "LogFloats", "path": ["monitoring", "81e3bd79", "memory"], "values": [{"value": 22.595497131347656, "step": null, "ts": 1717596936.6947556}]}, "version": 114, "at": 1717596936.6979878}
{"obj": {"type": "LogFloats", "path": ["monitoring", "81e3bd79", "gpu_memory"], "values": [{"value": 5.770751953125, "step": null, "ts": 1717596936.6947556}]}, "version": 115, "at": 1717596936.6980586}
{"obj": {"type": "LogFloats", "path": ["monitoring", "81e3bd79", "cpu"], "values": [{"value": 2.5, "step": null, "ts": 1717596936.885871}]}, "version": 116, "at": 1717596936.8902414}
{"obj": {"type": "LogFloats", "path": ["monitoring", "81e3bd79", "memory"], "values": [{"value": 22.622859954833984, "step": null, "ts": 1717596936.885871}]}, "version": 117, "at": 1717596936.8904026}
{"obj": {"type": "LogFloats", "path": ["monitoring", "81e3bd79", "gpu"], "values": [{"value": 39.0, "step": null, "ts": 1717596936.885871}]}, "version": 118, "at": 1717596936.890495}
{"obj": {"type": "LogFloats", "path": ["monitoring", "81e3bd79", "gpu_memory"], "values": [{"value": 5.770751953125, "step": null, "ts": 1717596936.885871}]}, "version": 119, "at": 1717596936.8905768}
{"obj": {"type": "LogFloats", "path": ["monitoring", "81e3bd79", "cpu"], "values": [{"value": 2.0, "step": null, "ts": 1717596937.0731149}]}, "version": 120, "at": 1717596937.0787272}
{"obj": {"type": "LogFloats", "path": ["monitoring", "81e3bd79", "memory"], "values": [{"value": 22.653610229492188, "step": null, "ts": 1717596937.0731149}]}, "version": 121, "at": 1717596937.0789018}
{"obj": {"type": "LogFloats", "path": ["monitoring", "81e3bd79", "gpu_memory"], "values": [{"value": 5.770751953125, "step": null, "ts": 1717596937.0731149}]}, "version": 122, "at": 1717596937.079005}
{"obj": {"type": "LogFloats", "path": ["monitoring", "81e3bd79", "cpu"], "values": [{"value": 3.2, "step": null, "ts": 1717596937.275335}]}, "version": 123, "at": 1717596937.282574}
{"obj": {"type": "LogFloats", "path": ["monitoring", "81e3bd79", "memory"], "values": [{"value": 22.68624496459961, "step": null, "ts": 1717596937.275335}]}, "version": 124, "at": 1717596937.2842865}
{"obj": {"type": "LogFloats", "path": ["monitoring", "81e3bd79", "gpu_memory"], "values": [{"value": 5.770751953125, "step": null, "ts": 1717596937.275335}]}, "version": 125, "at": 1717596937.2846854}
{"obj": {"type": "LogFloats", "path": ["monitoring", "81e3bd79", "cpu"], "values": [{"value": 16.1, "step": null, "ts": 1717596937.4744554}]}, "version": 126, "at": 1717596937.4794126}
{"obj": {"type": "LogFloats", "path": ["monitoring", "81e3bd79", "memory"], "values": [{"value": 22.602676391601562, "step": null, "ts": 1717596937.4744554}]}, "version": 127, "at": 1717596937.4795806}
{"obj": {"type": "LogFloats", "path": ["monitoring", "81e3bd79", "gpu_memory"], "values": [{"value": 5.770751953125, "step": null, "ts": 1717596937.4744554}]}, "version": 128, "at": 1717596937.4796476}
{"obj": {"type": "LogFloats", "path": ["monitoring", "81e3bd79", "cpu"], "values": [{"value": 2.0, "step": null, "ts": 1717596937.6932778}]}, "version": 129, "at": 1717596937.6946328}
{"obj": {"type": "LogFloats", "path": ["monitoring", "81e3bd79", "memory"], "values": [{"value": 22.627826690673828, "step": null, "ts": 1717596937.6932778}]}, "version": 130, "at": 1717596937.6947827}
{"obj": {"type": "LogFloats", "path": ["monitoring", "81e3bd79", "gpu"], "values": [{"value": 38.0, "step": null, "ts": 1717596937.6932778}]}, "version": 131, "at": 1717596937.6948512}
{"obj": {"type": "LogFloats", "path": ["monitoring", "81e3bd79", "gpu_memory"], "values": [{"value": 5.770751953125, "step": null, "ts": 1717596937.6932778}]}, "version": 132, "at": 1717596937.6949124}
{"obj": {"type": "LogFloats", "path": ["monitoring", "81e3bd79", "cpu"], "values": [{"value": 2.0, "step": null, "ts": 1717596937.8899088}]}, "version": 133, "at": 1717596937.8965883}
{"obj": {"type": "LogFloats", "path": ["monitoring", "81e3bd79", "memory"], "values": [{"value": 22.658145904541016, "step": null, "ts": 1717596937.8899088}]}, "version": 134, "at": 1717596937.8967462}
{"obj": {"type": "LogFloats", "path": ["monitoring", "81e3bd79", "gpu_memory"], "values": [{"value": 5.770751953125, "step": null, "ts": 1717596937.8899088}]}, "version": 135, "at": 1717596937.8968248}
{"obj": {"type": "LogFloats", "path": ["monitoring", "81e3bd79", "cpu"], "values": [{"value": 2.2, "step": null, "ts": 1717596938.1079714}]}, "version": 136, "at": 1717596938.1120908}
{"obj": {"type": "LogFloats", "path": ["monitoring", "81e3bd79", "memory"], "values": [{"value": 22.680450439453125, "step": null, "ts": 1717596938.1079714}]}, "version": 137, "at": 1717596938.112258}
{"obj": {"type": "LogFloats", "path": ["monitoring", "81e3bd79", "gpu_memory"], "values": [{"value": 5.770751953125, "step": null, "ts": 1717596938.1079714}]}, "version": 138, "at": 1717596938.1137495}
{"obj": {"type": "LogStrings", "path": ["monitoring", "81e3bd79", "stderr"], "values": [{"value": "/home/xxu002/snip-snl-pgd/snl_finetune_unstructured.py:185: TqdmExperimentalWarning: rich is experimental/alpha\n  for epoch in tqdm(range(args.epochs)):\n", "step": null, "ts": 1717596938.3282428}]}, "version": 139, "at": 1717596938.328315}
{"obj": {"type": "LogStrings", "path": ["monitoring", "81e3bd79", "stdout"], "values": [{"value": "\u001b[?25l", "step": null, "ts": 1717596938.3309808}]}, "version": 140, "at": 1717596938.331026}
{"obj": {"type": "LogStrings", "path": ["monitoring", "81e3bd79", "stdout"], "values": [{"value": "", "step": null, "ts": 1717596938.3313851}]}, "version": 141, "at": 1717596938.3313992}
{"obj": {"type": "LogStrings", "path": ["monitoring", "81e3bd79", "stdout"], "values": [{"value": "\r\u001b[2K\u001b[35m   0%\u001b[0m \u001b[38;5;237m\u2501\u2501\u2501\u2501\u2501\u2501\u2501\u2501\u2501\u2501\u2501\u2501\u2501\u2501\u2501\u2501\u2501\u2501\u2501\u2501\u2501\u2501\u2501\u2501\u2501\u2501\u2501\u2501\u2501\u2501\u2501\u2501\u2501\u2501\u2501\u2501\u2501\u2501\u2501\u2501\u2501\u2501\u2501\u2501\u2501\u2501\u2501\u2501\u2501\u2501\u2501\u2501\u2501\u2501\u2501\u2501\u2501\u2501\u2501\u2501\u2501\u2501\u2501\u2501\u2501\u2501\u2501\u2501\u2501\u2501\u2501\u2501\u2501\u2501\u2501\u2501\u2501\u2501\u2501\u2501\u2501\u2501\u2501\u2501\u2501\u2501\u2501\u2501\u2501\u2501\u2501\u2501\u2501\u2501\u2501\u2501\u2501\u2501\u2501\u2501\u2501\u2501\u2501\u2501\u2501\u2501\u2501\u2501\u2501\u2501\u2501\u2501\u2501\u2501\u2501\u2501\u2501\u2501\u2501\u2501\u2501\u2501\u2501\u2501\u2501\u2501\u2501\u2501\u2501\u2501\u2501\u2501\u2501\u2501\u2501\u2501\u2501\u2501\u2501\u2501\u2501\u2501\u2501\u2501\u2501\u2501\u2501\u2501\u2501\u2501\u2501\u2501\u2501\u2501\u2501\u001b[0m \u001b[32m0/300 \u001b[0m [ \u001b[33m0:00:00\u001b[0m < \u001b[36m-:--:--\u001b[0m , \u001b[31m? it/s\u001b[0m ]", "step": null, "ts": 1717596938.331464}]}, "version": 142, "at": 1717596938.331476}
{"obj": {"type": "LogStrings", "path": ["monitoring", "81e3bd79", "stdout"], "values": [{"value": "\r\u001b[2K\u001b[35m   0%\u001b[0m \u001b[38;5;237m\u2501\u2501\u2501\u2501\u2501\u2501\u2501\u2501\u2501\u2501\u2501\u2501\u2501\u2501\u2501\u2501\u2501\u2501\u2501\u2501\u2501\u2501\u2501\u2501\u2501\u2501\u2501\u2501\u2501\u2501\u2501\u2501\u2501\u2501\u2501\u2501\u2501\u2501\u2501\u2501\u2501\u2501\u2501\u2501\u2501\u2501\u2501\u2501\u2501\u2501\u2501\u2501\u2501\u2501\u2501\u2501\u2501\u2501\u2501\u2501\u2501\u2501\u2501\u2501\u2501\u2501\u2501\u2501\u2501\u2501\u2501\u2501\u2501\u2501\u2501\u2501\u2501\u2501\u2501\u2501\u2501\u2501\u2501\u2501\u2501\u2501\u2501\u2501\u2501\u2501\u2501\u2501\u2501\u2501\u2501\u2501\u2501\u2501\u2501\u2501\u2501\u2501\u2501\u2501\u2501\u2501\u2501\u2501\u2501\u2501\u2501\u2501\u2501\u2501\u2501\u2501\u2501\u2501\u2501\u2501\u2501\u2501\u2501\u2501\u2501\u2501\u2501\u2501\u2501\u2501\u2501\u2501\u2501\u2501\u2501\u2501\u2501\u2501\u2501\u2501\u2501\u2501\u2501\u2501\u2501\u2501\u2501\u2501\u2501\u2501\u2501\u2501\u2501\u2501\u2501\u001b[0m \u001b[32m0/300 \u001b[0m [ \u001b[33m0:00:00\u001b[0m < \u001b[36m-:--:--\u001b[0m , \u001b[31m? it/s\u001b[0m ]", "step": null, "ts": 1717596938.4316738}]}, "version": 143, "at": 1717596938.431762}
{"obj": {"type": "LogStrings", "path": ["monitoring", "81e3bd79", "stdout"], "values": [{"value": "\r\u001b[2K\u001b[35m   0%\u001b[0m \u001b[38;5;237m\u2501\u2501\u2501\u2501\u2501\u2501\u2501\u2501\u2501\u2501\u2501\u2501\u2501\u2501\u2501\u2501\u2501\u2501\u2501\u2501\u2501\u2501\u2501\u2501\u2501\u2501\u2501\u2501\u2501\u2501\u2501\u2501\u2501\u2501\u2501\u2501\u2501\u2501\u2501\u2501\u2501\u2501\u2501\u2501\u2501\u2501\u2501\u2501\u2501\u2501\u2501\u2501\u2501\u2501\u2501\u2501\u2501\u2501\u2501\u2501\u2501\u2501\u2501\u2501\u2501\u2501\u2501\u2501\u2501\u2501\u2501\u2501\u2501\u2501\u2501\u2501\u2501\u2501\u2501\u2501\u2501\u2501\u2501\u2501\u2501\u2501\u2501\u2501\u2501\u2501\u2501\u2501\u2501\u2501\u2501\u2501\u2501\u2501\u2501\u2501\u2501\u2501\u2501\u2501\u2501\u2501\u2501\u2501\u2501\u2501\u2501\u2501\u2501\u2501\u2501\u2501\u2501\u2501\u2501\u2501\u2501\u2501\u2501\u2501\u2501\u2501\u2501\u2501\u2501\u2501\u2501\u2501\u2501\u2501\u2501\u2501\u2501\u2501\u2501\u2501\u2501\u2501\u2501\u2501\u2501\u2501\u2501\u2501\u2501\u2501\u2501\u2501\u2501\u2501\u2501\u001b[0m \u001b[32m0/300 \u001b[0m [ \u001b[33m0:00:00\u001b[0m < \u001b[36m-:--:--\u001b[0m , \u001b[31m? it/s\u001b[0m ]", "step": null, "ts": 1717596938.533569}]}, "version": 144, "at": 1717596938.533625}
{"obj": {"type": "LogStrings", "path": ["monitoring", "81e3bd79", "stdout"], "values": [{"value": "\r\u001b[2K\u001b[35m   0%\u001b[0m \u001b[38;5;237m\u2501\u2501\u2501\u2501\u2501\u2501\u2501\u2501\u2501\u2501\u2501\u2501\u2501\u2501\u2501\u2501\u2501\u2501\u2501\u2501\u2501\u2501\u2501\u2501\u2501\u2501\u2501\u2501\u2501\u2501\u2501\u2501\u2501\u2501\u2501\u2501\u2501\u2501\u2501\u2501\u2501\u2501\u2501\u2501\u2501\u2501\u2501\u2501\u2501\u2501\u2501\u2501\u2501\u2501\u2501\u2501\u2501\u2501\u2501\u2501\u2501\u2501\u2501\u2501\u2501\u2501\u2501\u2501\u2501\u2501\u2501\u2501\u2501\u2501\u2501\u2501\u2501\u2501\u2501\u2501\u2501\u2501\u2501\u2501\u2501\u2501\u2501\u2501\u2501\u2501\u2501\u2501\u2501\u2501\u2501\u2501\u2501\u2501\u2501\u2501\u2501\u2501\u2501\u2501\u2501\u2501\u2501\u2501\u2501\u2501\u2501\u2501\u2501\u2501\u2501\u2501\u2501\u2501\u2501\u2501\u2501\u2501\u2501\u2501\u2501\u2501\u2501\u2501\u2501\u2501\u2501\u2501\u2501\u2501\u2501\u2501\u2501\u2501\u2501\u2501\u2501\u2501\u2501\u2501\u2501\u2501\u2501\u2501\u2501\u2501\u2501\u2501\u2501\u2501\u2501\u001b[0m \u001b[32m0/300 \u001b[0m [ \u001b[33m0:00:00\u001b[0m < \u001b[36m-:--:--\u001b[0m , \u001b[31m? it/s\u001b[0m ]", "step": null, "ts": 1717596938.635778}]}, "version": 145, "at": 1717596938.6358202}
{"obj": {"type": "LogStrings", "path": ["monitoring", "81e3bd79", "stdout"], "values": [{"value": "\r\u001b[2K\u001b[35m   0%\u001b[0m \u001b[38;5;237m\u2501\u2501\u2501\u2501\u2501\u2501\u2501\u2501\u2501\u2501\u2501\u2501\u2501\u2501\u2501\u2501\u2501\u2501\u2501\u2501\u2501\u2501\u2501\u2501\u2501\u2501\u2501\u2501\u2501\u2501\u2501\u2501\u2501\u2501\u2501\u2501\u2501\u2501\u2501\u2501\u2501\u2501\u2501\u2501\u2501\u2501\u2501\u2501\u2501\u2501\u2501\u2501\u2501\u2501\u2501\u2501\u2501\u2501\u2501\u2501\u2501\u2501\u2501\u2501\u2501\u2501\u2501\u2501\u2501\u2501\u2501\u2501\u2501\u2501\u2501\u2501\u2501\u2501\u2501\u2501\u2501\u2501\u2501\u2501\u2501\u2501\u2501\u2501\u2501\u2501\u2501\u2501\u2501\u2501\u2501\u2501\u2501\u2501\u2501\u2501\u2501\u2501\u2501\u2501\u2501\u2501\u2501\u2501\u2501\u2501\u2501\u2501\u2501\u2501\u2501\u2501\u2501\u2501\u2501\u2501\u2501\u2501\u2501\u2501\u2501\u2501\u2501\u2501\u2501\u2501\u2501\u2501\u2501\u2501\u2501\u2501\u2501\u2501\u2501\u2501\u2501\u2501\u2501\u2501\u2501\u2501\u2501\u2501\u2501\u2501\u2501\u2501\u2501\u2501\u2501\u001b[0m \u001b[32m0/300 \u001b[0m [ \u001b[33m0:00:00\u001b[0m < \u001b[36m-:--:--\u001b[0m , \u001b[31m? it/s\u001b[0m ]", "step": null, "ts": 1717596938.7383893}]}, "version": 146, "at": 1717596938.7384417}
{"obj": {"type": "LogStrings", "path": ["monitoring", "81e3bd79", "stdout"], "values": [{"value": "\r\u001b[2K\u001b[35m   0%\u001b[0m \u001b[38;5;237m\u2501\u2501\u2501\u2501\u2501\u2501\u2501\u2501\u2501\u2501\u2501\u2501\u2501\u2501\u2501\u2501\u2501\u2501\u2501\u2501\u2501\u2501\u2501\u2501\u2501\u2501\u2501\u2501\u2501\u2501\u2501\u2501\u2501\u2501\u2501\u2501\u2501\u2501\u2501\u2501\u2501\u2501\u2501\u2501\u2501\u2501\u2501\u2501\u2501\u2501\u2501\u2501\u2501\u2501\u2501\u2501\u2501\u2501\u2501\u2501\u2501\u2501\u2501\u2501\u2501\u2501\u2501\u2501\u2501\u2501\u2501\u2501\u2501\u2501\u2501\u2501\u2501\u2501\u2501\u2501\u2501\u2501\u2501\u2501\u2501\u2501\u2501\u2501\u2501\u2501\u2501\u2501\u2501\u2501\u2501\u2501\u2501\u2501\u2501\u2501\u2501\u2501\u2501\u2501\u2501\u2501\u2501\u2501\u2501\u2501\u2501\u2501\u2501\u2501\u2501\u2501\u2501\u2501\u2501\u2501\u2501\u2501\u2501\u2501\u2501\u2501\u2501\u2501\u2501\u2501\u2501\u2501\u2501\u2501\u2501\u2501\u2501\u2501\u2501\u2501\u2501\u2501\u2501\u2501\u2501\u2501\u2501\u2501\u2501\u2501\u2501\u2501\u2501\u2501\u2501\u001b[0m \u001b[32m0/300 \u001b[0m [ \u001b[33m0:00:00\u001b[0m < \u001b[36m-:--:--\u001b[0m , \u001b[31m? it/s\u001b[0m ]", "step": null, "ts": 1717596938.841538}]}, "version": 147, "at": 1717596938.8415864}
{"obj": {"type": "LogStrings", "path": ["monitoring", "81e3bd79", "stdout"], "values": [{"value": "\r\u001b[2K\u001b[35m   0%\u001b[0m \u001b[38;5;237m\u2501\u2501\u2501\u2501\u2501\u2501\u2501\u2501\u2501\u2501\u2501\u2501\u2501\u2501\u2501\u2501\u2501\u2501\u2501\u2501\u2501\u2501\u2501\u2501\u2501\u2501\u2501\u2501\u2501\u2501\u2501\u2501\u2501\u2501\u2501\u2501\u2501\u2501\u2501\u2501\u2501\u2501\u2501\u2501\u2501\u2501\u2501\u2501\u2501\u2501\u2501\u2501\u2501\u2501\u2501\u2501\u2501\u2501\u2501\u2501\u2501\u2501\u2501\u2501\u2501\u2501\u2501\u2501\u2501\u2501\u2501\u2501\u2501\u2501\u2501\u2501\u2501\u2501\u2501\u2501\u2501\u2501\u2501\u2501\u2501\u2501\u2501\u2501\u2501\u2501\u2501\u2501\u2501\u2501\u2501\u2501\u2501\u2501\u2501\u2501\u2501\u2501\u2501\u2501\u2501\u2501\u2501\u2501\u2501\u2501\u2501\u2501\u2501\u2501\u2501\u2501\u2501\u2501\u2501\u2501\u2501\u2501\u2501\u2501\u2501\u2501\u2501\u2501\u2501\u2501\u2501\u2501\u2501\u2501\u2501\u2501\u2501\u2501\u2501\u2501\u2501\u2501\u2501\u2501\u2501\u2501\u2501\u2501\u2501\u2501\u2501\u2501\u2501\u2501\u2501\u001b[0m \u001b[32m0/300 \u001b[0m [ \u001b[33m0:00:00\u001b[0m < \u001b[36m-:--:--\u001b[0m , \u001b[31m? it/s\u001b[0m ]", "step": null, "ts": 1717596938.944691}]}, "version": 148, "at": 1717596938.9447408}
{"obj": {"type": "LogStrings", "path": ["monitoring", "81e3bd79", "stdout"], "values": [{"value": "\r\u001b[2K\u001b[35m   0%\u001b[0m \u001b[38;5;237m\u2501\u2501\u2501\u2501\u2501\u2501\u2501\u2501\u2501\u2501\u2501\u2501\u2501\u2501\u2501\u2501\u2501\u2501\u2501\u2501\u2501\u2501\u2501\u2501\u2501\u2501\u2501\u2501\u2501\u2501\u2501\u2501\u2501\u2501\u2501\u2501\u2501\u2501\u2501\u2501\u2501\u2501\u2501\u2501\u2501\u2501\u2501\u2501\u2501\u2501\u2501\u2501\u2501\u2501\u2501\u2501\u2501\u2501\u2501\u2501\u2501\u2501\u2501\u2501\u2501\u2501\u2501\u2501\u2501\u2501\u2501\u2501\u2501\u2501\u2501\u2501\u2501\u2501\u2501\u2501\u2501\u2501\u2501\u2501\u2501\u2501\u2501\u2501\u2501\u2501\u2501\u2501\u2501\u2501\u2501\u2501\u2501\u2501\u2501\u2501\u2501\u2501\u2501\u2501\u2501\u2501\u2501\u2501\u2501\u2501\u2501\u2501\u2501\u2501\u2501\u2501\u2501\u2501\u2501\u2501\u2501\u2501\u2501\u2501\u2501\u2501\u2501\u2501\u2501\u2501\u2501\u2501\u2501\u2501\u2501\u2501\u2501\u2501\u2501\u2501\u2501\u2501\u2501\u2501\u2501\u2501\u2501\u2501\u2501\u2501\u2501\u2501\u2501\u2501\u2501\u001b[0m \u001b[32m0/300 \u001b[0m [ \u001b[33m0:00:00\u001b[0m < \u001b[36m-:--:--\u001b[0m , \u001b[31m? it/s\u001b[0m ]", "step": null, "ts": 1717596939.0478358}]}, "version": 149, "at": 1717596939.047884}
{"obj": {"type": "LogStrings", "path": ["monitoring", "81e3bd79", "stdout"], "values": [{"value": "\r\u001b[2K\u001b[35m   0%\u001b[0m \u001b[38;5;237m\u2501\u2501\u2501\u2501\u2501\u2501\u2501\u2501\u2501\u2501\u2501\u2501\u2501\u2501\u2501\u2501\u2501\u2501\u2501\u2501\u2501\u2501\u2501\u2501\u2501\u2501\u2501\u2501\u2501\u2501\u2501\u2501\u2501\u2501\u2501\u2501\u2501\u2501\u2501\u2501\u2501\u2501\u2501\u2501\u2501\u2501\u2501\u2501\u2501\u2501\u2501\u2501\u2501\u2501\u2501\u2501\u2501\u2501\u2501\u2501\u2501\u2501\u2501\u2501\u2501\u2501\u2501\u2501\u2501\u2501\u2501\u2501\u2501\u2501\u2501\u2501\u2501\u2501\u2501\u2501\u2501\u2501\u2501\u2501\u2501\u2501\u2501\u2501\u2501\u2501\u2501\u2501\u2501\u2501\u2501\u2501\u2501\u2501\u2501\u2501\u2501\u2501\u2501\u2501\u2501\u2501\u2501\u2501\u2501\u2501\u2501\u2501\u2501\u2501\u2501\u2501\u2501\u2501\u2501\u2501\u2501\u2501\u2501\u2501\u2501\u2501\u2501\u2501\u2501\u2501\u2501\u2501\u2501\u2501\u2501\u2501\u2501\u2501\u2501\u2501\u2501\u2501\u2501\u2501\u2501\u2501\u2501\u2501\u2501\u2501\u2501\u2501\u2501\u2501\u2501\u001b[0m \u001b[32m0/300 \u001b[0m [ \u001b[33m0:00:00\u001b[0m < \u001b[36m-:--:--\u001b[0m , \u001b[31m? it/s\u001b[0m ]", "step": null, "ts": 1717596939.1498353}]}, "version": 150, "at": 1717596939.1498907}
{"obj": {"type": "LogStrings", "path": ["monitoring", "81e3bd79", "stdout"], "values": [{"value": "\r\u001b[2K\u001b[35m   0%\u001b[0m \u001b[38;5;237m\u2501\u2501\u2501\u2501\u2501\u2501\u2501\u2501\u2501\u2501\u2501\u2501\u2501\u2501\u2501\u2501\u2501\u2501\u2501\u2501\u2501\u2501\u2501\u2501\u2501\u2501\u2501\u2501\u2501\u2501\u2501\u2501\u2501\u2501\u2501\u2501\u2501\u2501\u2501\u2501\u2501\u2501\u2501\u2501\u2501\u2501\u2501\u2501\u2501\u2501\u2501\u2501\u2501\u2501\u2501\u2501\u2501\u2501\u2501\u2501\u2501\u2501\u2501\u2501\u2501\u2501\u2501\u2501\u2501\u2501\u2501\u2501\u2501\u2501\u2501\u2501\u2501\u2501\u2501\u2501\u2501\u2501\u2501\u2501\u2501\u2501\u2501\u2501\u2501\u2501\u2501\u2501\u2501\u2501\u2501\u2501\u2501\u2501\u2501\u2501\u2501\u2501\u2501\u2501\u2501\u2501\u2501\u2501\u2501\u2501\u2501\u2501\u2501\u2501\u2501\u2501\u2501\u2501\u2501\u2501\u2501\u2501\u2501\u2501\u2501\u2501\u2501\u2501\u2501\u2501\u2501\u2501\u2501\u2501\u2501\u2501\u2501\u2501\u2501\u2501\u2501\u2501\u2501\u2501\u2501\u2501\u2501\u2501\u2501\u2501\u2501\u2501\u2501\u2501\u2501\u001b[0m \u001b[32m0/300 \u001b[0m [ \u001b[33m0:00:00\u001b[0m < \u001b[36m-:--:--\u001b[0m , \u001b[31m? it/s\u001b[0m ]", "step": null, "ts": 1717596939.2532098}]}, "version": 151, "at": 1717596939.2532415}
{"obj": {"type": "LogStrings", "path": ["monitoring", "81e3bd79", "stdout"], "values": [{"value": "\r\u001b[2K\u001b[35m   0%\u001b[0m \u001b[38;5;237m\u2501\u2501\u2501\u2501\u2501\u2501\u2501\u2501\u2501\u2501\u2501\u2501\u2501\u2501\u2501\u2501\u2501\u2501\u2501\u2501\u2501\u2501\u2501\u2501\u2501\u2501\u2501\u2501\u2501\u2501\u2501\u2501\u2501\u2501\u2501\u2501\u2501\u2501\u2501\u2501\u2501\u2501\u2501\u2501\u2501\u2501\u2501\u2501\u2501\u2501\u2501\u2501\u2501\u2501\u2501\u2501\u2501\u2501\u2501\u2501\u2501\u2501\u2501\u2501\u2501\u2501\u2501\u2501\u2501\u2501\u2501\u2501\u2501\u2501\u2501\u2501\u2501\u2501\u2501\u2501\u2501\u2501\u2501\u2501\u2501\u2501\u2501\u2501\u2501\u2501\u2501\u2501\u2501\u2501\u2501\u2501\u2501\u2501\u2501\u2501\u2501\u2501\u2501\u2501\u2501\u2501\u2501\u2501\u2501\u2501\u2501\u2501\u2501\u2501\u2501\u2501\u2501\u2501\u2501\u2501\u2501\u2501\u2501\u2501\u2501\u2501\u2501\u2501\u2501\u2501\u2501\u2501\u2501\u2501\u2501\u2501\u2501\u2501\u2501\u2501\u2501\u2501\u2501\u2501\u2501\u2501\u2501\u2501\u2501\u2501\u2501\u2501\u2501\u2501\u2501\u001b[0m \u001b[32m0/300 \u001b[0m [ \u001b[33m0:00:01\u001b[0m < \u001b[36m-:--:--\u001b[0m , \u001b[31m? it/s\u001b[0m ]", "step": null, "ts": 1717596939.3563144}]}, "version": 152, "at": 1717596939.3563445}
{"obj": {"type": "LogStrings", "path": ["monitoring", "81e3bd79", "stdout"], "values": [{"value": "\r\u001b[2K\u001b[35m   0%\u001b[0m \u001b[38;5;237m\u2501\u2501\u2501\u2501\u2501\u2501\u2501\u2501\u2501\u2501\u2501\u2501\u2501\u2501\u2501\u2501\u2501\u2501\u2501\u2501\u2501\u2501\u2501\u2501\u2501\u2501\u2501\u2501\u2501\u2501\u2501\u2501\u2501\u2501\u2501\u2501\u2501\u2501\u2501\u2501\u2501\u2501\u2501\u2501\u2501\u2501\u2501\u2501\u2501\u2501\u2501\u2501\u2501\u2501\u2501\u2501\u2501\u2501\u2501\u2501\u2501\u2501\u2501\u2501\u2501\u2501\u2501\u2501\u2501\u2501\u2501\u2501\u2501\u2501\u2501\u2501\u2501\u2501\u2501\u2501\u2501\u2501\u2501\u2501\u2501\u2501\u2501\u2501\u2501\u2501\u2501\u2501\u2501\u2501\u2501\u2501\u2501\u2501\u2501\u2501\u2501\u2501\u2501\u2501\u2501\u2501\u2501\u2501\u2501\u2501\u2501\u2501\u2501\u2501\u2501\u2501\u2501\u2501\u2501\u2501\u2501\u2501\u2501\u2501\u2501\u2501\u2501\u2501\u2501\u2501\u2501\u2501\u2501\u2501\u2501\u2501\u2501\u2501\u2501\u2501\u2501\u2501\u2501\u2501\u2501\u2501\u2501\u2501\u2501\u2501\u2501\u2501\u2501\u2501\u2501\u001b[0m \u001b[32m0/300 \u001b[0m [ \u001b[33m0:00:01\u001b[0m < \u001b[36m-:--:--\u001b[0m , \u001b[31m? it/s\u001b[0m ]", "step": null, "ts": 1717596939.458247}]}, "version": 153, "at": 1717596939.4582767}
{"obj": {"type": "LogStrings", "path": ["monitoring", "81e3bd79", "stdout"], "values": [{"value": "\r\u001b[2K\u001b[35m   0%\u001b[0m \u001b[38;5;237m\u2501\u2501\u2501\u2501\u2501\u2501\u2501\u2501\u2501\u2501\u2501\u2501\u2501\u2501\u2501\u2501\u2501\u2501\u2501\u2501\u2501\u2501\u2501\u2501\u2501\u2501\u2501\u2501\u2501\u2501\u2501\u2501\u2501\u2501\u2501\u2501\u2501\u2501\u2501\u2501\u2501\u2501\u2501\u2501\u2501\u2501\u2501\u2501\u2501\u2501\u2501\u2501\u2501\u2501\u2501\u2501\u2501\u2501\u2501\u2501\u2501\u2501\u2501\u2501\u2501\u2501\u2501\u2501\u2501\u2501\u2501\u2501\u2501\u2501\u2501\u2501\u2501\u2501\u2501\u2501\u2501\u2501\u2501\u2501\u2501\u2501\u2501\u2501\u2501\u2501\u2501\u2501\u2501\u2501\u2501\u2501\u2501\u2501\u2501\u2501\u2501\u2501\u2501\u2501\u2501\u2501\u2501\u2501\u2501\u2501\u2501\u2501\u2501\u2501\u2501\u2501\u2501\u2501\u2501\u2501\u2501\u2501\u2501\u2501\u2501\u2501\u2501\u2501\u2501\u2501\u2501\u2501\u2501\u2501\u2501\u2501\u2501\u2501\u2501\u2501\u2501\u2501\u2501\u2501\u2501\u2501\u2501\u2501\u2501\u2501\u2501\u2501\u2501\u2501\u2501\u001b[0m \u001b[32m0/300 \u001b[0m [ \u001b[33m0:00:01\u001b[0m < \u001b[36m-:--:--\u001b[0m , \u001b[31m? it/s\u001b[0m ]", "step": null, "ts": 1717596939.561465}]}, "version": 154, "at": 1717596939.5614958}
{"obj": {"type": "LogStrings", "path": ["monitoring", "81e3bd79", "stdout"], "values": [{"value": "\r\u001b[2K\u001b[35m   0%\u001b[0m \u001b[38;5;237m\u2501\u2501\u2501\u2501\u2501\u2501\u2501\u2501\u2501\u2501\u2501\u2501\u2501\u2501\u2501\u2501\u2501\u2501\u2501\u2501\u2501\u2501\u2501\u2501\u2501\u2501\u2501\u2501\u2501\u2501\u2501\u2501\u2501\u2501\u2501\u2501\u2501\u2501\u2501\u2501\u2501\u2501\u2501\u2501\u2501\u2501\u2501\u2501\u2501\u2501\u2501\u2501\u2501\u2501\u2501\u2501\u2501\u2501\u2501\u2501\u2501\u2501\u2501\u2501\u2501\u2501\u2501\u2501\u2501\u2501\u2501\u2501\u2501\u2501\u2501\u2501\u2501\u2501\u2501\u2501\u2501\u2501\u2501\u2501\u2501\u2501\u2501\u2501\u2501\u2501\u2501\u2501\u2501\u2501\u2501\u2501\u2501\u2501\u2501\u2501\u2501\u2501\u2501\u2501\u2501\u2501\u2501\u2501\u2501\u2501\u2501\u2501\u2501\u2501\u2501\u2501\u2501\u2501\u2501\u2501\u2501\u2501\u2501\u2501\u2501\u2501\u2501\u2501\u2501\u2501\u2501\u2501\u2501\u2501\u2501\u2501\u2501\u2501\u2501\u2501\u2501\u2501\u2501\u2501\u2501\u2501\u2501\u2501\u2501\u2501\u2501\u2501\u2501\u2501\u2501\u001b[0m \u001b[32m0/300 \u001b[0m [ \u001b[33m0:00:01\u001b[0m < \u001b[36m-:--:--\u001b[0m , \u001b[31m? it/s\u001b[0m ]", "step": null, "ts": 1717596939.664497}]}, "version": 155, "at": 1717596939.6645281}
{"obj": {"type": "LogStrings", "path": ["monitoring", "81e3bd79", "stdout"], "values": [{"value": "\r\u001b[2K\u001b[35m   0%\u001b[0m \u001b[38;5;237m\u2501\u2501\u2501\u2501\u2501\u2501\u2501\u2501\u2501\u2501\u2501\u2501\u2501\u2501\u2501\u2501\u2501\u2501\u2501\u2501\u2501\u2501\u2501\u2501\u2501\u2501\u2501\u2501\u2501\u2501\u2501\u2501\u2501\u2501\u2501\u2501\u2501\u2501\u2501\u2501\u2501\u2501\u2501\u2501\u2501\u2501\u2501\u2501\u2501\u2501\u2501\u2501\u2501\u2501\u2501\u2501\u2501\u2501\u2501\u2501\u2501\u2501\u2501\u2501\u2501\u2501\u2501\u2501\u2501\u2501\u2501\u2501\u2501\u2501\u2501\u2501\u2501\u2501\u2501\u2501\u2501\u2501\u2501\u2501\u2501\u2501\u2501\u2501\u2501\u2501\u2501\u2501\u2501\u2501\u2501\u2501\u2501\u2501\u2501\u2501\u2501\u2501\u2501\u2501\u2501\u2501\u2501\u2501\u2501\u2501\u2501\u2501\u2501\u2501\u2501\u2501\u2501\u2501\u2501\u2501\u2501\u2501\u2501\u2501\u2501\u2501\u2501\u2501\u2501\u2501\u2501\u2501\u2501\u2501\u2501\u2501\u2501\u2501\u2501\u2501\u2501\u2501\u2501\u2501\u2501\u2501\u2501\u2501\u2501\u2501\u2501\u2501\u2501\u2501\u2501\u001b[0m \u001b[32m0/300 \u001b[0m [ \u001b[33m0:00:01\u001b[0m < \u001b[36m-:--:--\u001b[0m , \u001b[31m? it/s\u001b[0m ]", "step": null, "ts": 1717596939.7676487}]}, "version": 156, "at": 1717596939.7676802}
{"obj": {"type": "LogStrings", "path": ["monitoring", "81e3bd79", "stdout"], "values": [{"value": "\r\u001b[2K\u001b[35m   0%\u001b[0m \u001b[38;5;237m\u2501\u2501\u2501\u2501\u2501\u2501\u2501\u2501\u2501\u2501\u2501\u2501\u2501\u2501\u2501\u2501\u2501\u2501\u2501\u2501\u2501\u2501\u2501\u2501\u2501\u2501\u2501\u2501\u2501\u2501\u2501\u2501\u2501\u2501\u2501\u2501\u2501\u2501\u2501\u2501\u2501\u2501\u2501\u2501\u2501\u2501\u2501\u2501\u2501\u2501\u2501\u2501\u2501\u2501\u2501\u2501\u2501\u2501\u2501\u2501\u2501\u2501\u2501\u2501\u2501\u2501\u2501\u2501\u2501\u2501\u2501\u2501\u2501\u2501\u2501\u2501\u2501\u2501\u2501\u2501\u2501\u2501\u2501\u2501\u2501\u2501\u2501\u2501\u2501\u2501\u2501\u2501\u2501\u2501\u2501\u2501\u2501\u2501\u2501\u2501\u2501\u2501\u2501\u2501\u2501\u2501\u2501\u2501\u2501\u2501\u2501\u2501\u2501\u2501\u2501\u2501\u2501\u2501\u2501\u2501\u2501\u2501\u2501\u2501\u2501\u2501\u2501\u2501\u2501\u2501\u2501\u2501\u2501\u2501\u2501\u2501\u2501\u2501\u2501\u2501\u2501\u2501\u2501\u2501\u2501\u2501\u2501\u2501\u2501\u2501\u2501\u2501\u2501\u2501\u2501\u001b[0m \u001b[32m0/300 \u001b[0m [ \u001b[33m0:00:01\u001b[0m < \u001b[36m-:--:--\u001b[0m , \u001b[31m? it/s\u001b[0m ]", "step": null, "ts": 1717596939.8709433}]}, "version": 157, "at": 1717596939.87098}
{"obj": {"type": "LogStrings", "path": ["monitoring", "81e3bd79", "stdout"], "values": [{"value": "\r\u001b[2K\u001b[35m   0%\u001b[0m \u001b[38;5;237m\u2501\u2501\u2501\u2501\u2501\u2501\u2501\u2501\u2501\u2501\u2501\u2501\u2501\u2501\u2501\u2501\u2501\u2501\u2501\u2501\u2501\u2501\u2501\u2501\u2501\u2501\u2501\u2501\u2501\u2501\u2501\u2501\u2501\u2501\u2501\u2501\u2501\u2501\u2501\u2501\u2501\u2501\u2501\u2501\u2501\u2501\u2501\u2501\u2501\u2501\u2501\u2501\u2501\u2501\u2501\u2501\u2501\u2501\u2501\u2501\u2501\u2501\u2501\u2501\u2501\u2501\u2501\u2501\u2501\u2501\u2501\u2501\u2501\u2501\u2501\u2501\u2501\u2501\u2501\u2501\u2501\u2501\u2501\u2501\u2501\u2501\u2501\u2501\u2501\u2501\u2501\u2501\u2501\u2501\u2501\u2501\u2501\u2501\u2501\u2501\u2501\u2501\u2501\u2501\u2501\u2501\u2501\u2501\u2501\u2501\u2501\u2501\u2501\u2501\u2501\u2501\u2501\u2501\u2501\u2501\u2501\u2501\u2501\u2501\u2501\u2501\u2501\u2501\u2501\u2501\u2501\u2501\u2501\u2501\u2501\u2501\u2501\u2501\u2501\u2501\u2501\u2501\u2501\u2501\u2501\u2501\u2501\u2501\u2501\u2501\u2501\u2501\u2501\u2501\u2501\u001b[0m \u001b[32m0/300 \u001b[0m [ \u001b[33m0:00:01\u001b[0m < \u001b[36m-:--:--\u001b[0m , \u001b[31m? it/s\u001b[0m ]", "step": null, "ts": 1717596939.973791}]}, "version": 158, "at": 1717596939.9738212}
