Files already downloaded and verified
Files already downloaded and verified
CIFAR10/100 Setting
Traceback (most recent call last):
  File "/home/xxu002/snip-snl-pgd/layer_shapley.py", line 177, in <module>
    main()
  File "/home/xxu002/snip-snl-pgd/layer_shapley.py", line 157, in main
    log(logfilename, "Original Model Test Accuracy: {:.5}".format(original_acc))
NameError: name 'original_acc' is not defined
/home/xxu002/snip-snl-pgd/layer_shapley.py:165: TqdmExperimentalWarning: rich is experimental/alpha
  for i in tqdm(range(17)):
Files already downloaded and verified
Files already downloaded and verified
CIFAR10/100 Setting
model recovered to original one
Test : [0/79]	Acc@1 49.219Acc@5 71.094
Inference Time: 1.153
Final Accuracy: [47.41]
Test : [0/79]	Acc@1 78.906Acc@5 95.312
Inference Time: 0.953
Final Accuracy: [76.92]
Test : [0/79]	Acc@1 41.406Acc@5 73.438
Inference Time: 0.969
Final Accuracy: [42.95]
Test : [0/79]	Acc@1 60.938Acc@5 80.469
Inference Time: 0.972
Final Accuracy: [58.6]
Test : [0/79]	Acc@1 0.781Acc@5 7.031
Inference Time: 0.960
Final Accuracy: [1.08]
Test : [0/79]	Acc@1 10.938Acc@5 24.219
Inference Time: 0.969
Final Accuracy: [8.77]
Test : [0/79]	Acc@1 34.375Acc@5 57.031
Inference Time: 0.978
Final Accuracy: [31.98]
Test : [0/79]	Acc@1 23.438Acc@5 44.531
Inference Time: 0.961
Final Accuracy: [18.74]
Test : [0/79]	Acc@1 1.562Acc@5 6.250
Inference Time: 0.966
Final Accuracy: [1.49]
Test : [0/79]	Acc@1 4.688Acc@5 14.844
Inference Time: 0.966
Final Accuracy: [2.89]
Test : [0/79]	Acc@1 3.906Acc@5 12.500
Inference Time: 0.977
Final Accuracy: [1.84]
Test : [0/79]	Acc@1 3.125Acc@5 10.938
Inference Time: 0.984
Final Accuracy: [2.67]
Test : [0/79]	Acc@1 0.781Acc@5 3.906
Inference Time: 0.988
Final Accuracy: [1.0]
Test : [0/79]	Acc@1 0.781Acc@5 3.125
Inference Time: 0.972
Final Accuracy: [0.99]
Test : [0/79]	Acc@1 17.188Acc@5 39.062
Inference Time: 0.974
Final Accuracy: [14.6]
Test : [0/79]	Acc@1 56.250Acc@5 78.906
Inference Time: 0.972
Final Accuracy: [47.94]
Test : [0/79]	Acc@1 0.781Acc@5 3.906
Inference Time: 1.011
Final Accuracy: [1.0]
Test : [0/79]	Acc@1 0.781Acc@5 4.688
Inference Time: 0.973
Final Accuracy: [1.0]
Test : [0/79]	Acc@1 2.344Acc@5 7.812
Inference Time: 0.974
Final Accuracy: [1.93]
Test : [0/79]	Acc@1 2.344Acc@5 9.375
Inference Time: 0.974
Final Accuracy: [1.91]
Test : [0/79]	Acc@1 0.781Acc@5 9.375
Inference Time: 0.985
Final Accuracy: [1.04]
Test : [0/79]	Acc@1 0.781Acc@5 9.375
Inference Time: 0.961
Final Accuracy: [1.12]
Test : [0/79]	Acc@1 31.250Acc@5 55.469
Inference Time: 0.969
Final Accuracy: [28.74]
Test : [0/79]	Acc@1 57.812Acc@5 83.594
Inference Time: 0.972
Final Accuracy: [54.4]
Test : [0/79]	Acc@1 6.250Acc@5 28.125
Inference Time: 0.963
Final Accuracy: [3.47]
Test : [0/79]	Acc@1 16.406Acc@5 46.875
Inference Time: 0.967
Final Accuracy: [9.56]
Test : [0/79]	Acc@1 3.125Acc@5 21.875
Inference Time: 0.962
Final Accuracy: [1.57]
Test : [0/79]	Acc@1 3.125Acc@5 39.062
Inference Time: 0.967
Final Accuracy: [1.98]
Test : [0/79]	Acc@1 23.438Acc@5 52.344
Inference Time: 0.966
Final Accuracy: [23.66]
Test : [0/79]	Acc@1 50.781Acc@5 79.688
Inference Time: 0.965
Final Accuracy: [53.84]
Test : [0/79]	Acc@1 48.438Acc@5 70.312
Inference Time: 0.963
Final Accuracy: [47.04]
Test : [0/79]	Acc@1 78.125Acc@5 95.312
Inference Time: 0.969
Final Accuracy: [76.81]
Test : [0/79]	Acc@1 49.219Acc@5 71.094
Inference Time: 0.969
Final Accuracy: [47.41]
Test : [0/79]	Acc@1 78.906Acc@5 95.312
Inference Time: 0.967
Final Accuracy: [76.92]
Test : [0/79]	Acc@1 0.781Acc@5 7.812
Inference Time: 0.970
Final Accuracy: [0.99]
Test : [0/79]	Acc@1 10.156Acc@5 21.875
Inference Time: 0.971
Final Accuracy: [6.31]
Test : [0/79]	Acc@1 6.250Acc@5 14.844
Inference Time: 0.973
Final Accuracy: [4.32]
Test : [0/79]	Acc@1 1.562Acc@5 10.938
Inference Time: 0.970
Final Accuracy: [1.68]
Test : [0/79]	Acc@1 1.562Acc@5 4.688
Inference Time: 0.967
Final Accuracy: [1.77]
Test : [0/79]	Acc@1 5.469Acc@5 10.938
Inference Time: 0.974
Final Accuracy: [2.53]
Test : [0/79]	Acc@1 1.562Acc@5 12.500
Inference Time: 0.967
Final Accuracy: [1.11]
Test : [0/79]	Acc@1 1.562Acc@5 7.031
Inference Time: 0.963
Final Accuracy: [1.03]
Test : [0/79]	Acc@1 0.781Acc@5 3.125
Inference Time: 0.965
Final Accuracy: [1.0]
Test : [0/79]	Acc@1 0.781Acc@5 3.125
Inference Time: 0.986
Final Accuracy: [1.01]
Test : [0/79]	Acc@1 10.156Acc@5 25.000
Inference Time: 0.974
Final Accuracy: [9.6]
Test : [0/79]	Acc@1 16.406Acc@5 35.156
Inference Time: 0.965
Final Accuracy: [15.81]
Test : [0/79]	Acc@1 0.781Acc@5 4.688
Inference Time: 0.966
Final Accuracy: [0.99]
Test : [0/79]	Acc@1 0.781Acc@5 4.688
Inference Time: 0.960
Final Accuracy: [1.0]
Test : [0/79]	Acc@1 2.344Acc@5 7.812
Inference Time: 0.973
Final Accuracy: [1.93]
Test : [0/79]	Acc@1 3.125Acc@5 10.156
Inference Time: 0.972
Final Accuracy: [1.96]
Test : [0/79]	Acc@1 0.781Acc@5 10.938
Inference Time: 0.974
Final Accuracy: [1.0]
Test : [0/79]	Acc@1 0.781Acc@5 8.594
Inference Time: 0.983
Final Accuracy: [1.04]
Test : [0/79]	Acc@1 29.688Acc@5 50.781
Inference Time: 0.968
Final Accuracy: [22.88]
Test : [0/79]	Acc@1 35.938Acc@5 65.625
Inference Time: 0.962
Final Accuracy: [31.71]
Test : [0/79]	Acc@1 4.688Acc@5 32.812
Inference Time: 0.974
Final Accuracy: [2.72]
Test : [0/79]	Acc@1 10.156Acc@5 39.062
Inference Time: 0.969
Final Accuracy: [5.76]
Test : [0/79]	Acc@1 3.125Acc@5 22.656
Inference Time: 0.970
Final Accuracy: [1.45]
Test : [0/79]	Acc@1 3.125Acc@5 27.344
Inference Time: 0.966
Final Accuracy: [1.62]
Test : [0/79]	Acc@1 17.969Acc@5 48.438
Inference Time: 0.996
Final Accuracy: [23.26]
Test : [0/79]	Acc@1 38.281Acc@5 63.281
Inference Time: 0.967
Final Accuracy: [35.27]
Test : [0/79]	Acc@1 42.969Acc@5 71.875
Inference Time: 0.977
Final Accuracy: [42.92]
Test : [0/79]	Acc@1 60.938Acc@5 81.250
Inference Time: 0.970
Final Accuracy: [58.76]
Test : [0/79]	Acc@1 41.406Acc@5 73.438
Inference Time: 1.127
Final Accuracy: [42.95]
Test : [0/79]	Acc@1 60.938Acc@5 80.469
Inference Time: 0.972
Final Accuracy: [58.6]
Test : [0/79]	Acc@1 0.781Acc@5 7.031
Inference Time: 0.973
Final Accuracy: [1.15]
Test : [0/79]	Acc@1 12.500Acc@5 31.250
Inference Time: 0.973
Final Accuracy: [13.28]
Test : [0/79]	Acc@1 0.781Acc@5 4.688
Inference Time: 0.969
Final Accuracy: [1.0]
Test : [0/79]	Acc@1 0.000Acc@5 6.250
Inference Time: 0.975
Final Accuracy: [1.02]
Test : [0/79]	Acc@1 0.781Acc@5 10.156
Inference Time: 0.973
Final Accuracy: [1.16]
Test : [0/79]	Acc@1 1.562Acc@5 9.375
Inference Time: 0.971
Final Accuracy: [1.11]
Test : [0/79]	Acc@1 0.781Acc@5 3.906
Inference Time: 0.982
Final Accuracy: [1.0]
Test : [0/79]	Acc@1 0.781Acc@5 5.469
Inference Time: 0.975
Final Accuracy: [1.0]
Test : [0/79]	Acc@1 0.781Acc@5 8.594
Inference Time: 0.969
Final Accuracy: [1.01]
Test : [0/79]	Acc@1 1.562Acc@5 8.594
Inference Time: 0.988
Final Accuracy: [2.22]
Test : [0/79]	Acc@1 0.781Acc@5 4.688
Inference Time: 0.974
Final Accuracy: [1.0]
Test : [0/79]	Acc@1 0.781Acc@5 3.906
Inference Time: 0.978
Final Accuracy: [1.0]
Test : [0/79]	Acc@1 0.781Acc@5 6.250
Inference Time: 0.973
Final Accuracy: [1.01]
Test : [0/79]	Acc@1 1.562Acc@5 7.812
Inference Time: 0.980
Final Accuracy: [1.18]
Test : [0/79]	Acc@1 0.781Acc@5 7.031
Inference Time: 1.007
Final Accuracy: [1.0]
Test : [0/79]	Acc@1 0.781Acc@5 8.594
Inference Time: 0.972
Final Accuracy: [1.0]
Test : [0/79]	Acc@1 0.781Acc@5 9.375
Inference Time: 1.004
Final Accuracy: [1.01]
Test : [0/79]	Acc@1 5.469Acc@5 18.750
Inference Time: 1.010
Final Accuracy: [4.21]
Test : [0/79]	Acc@1 1.562Acc@5 2.344
Inference Time: 0.997
Final Accuracy: [1.0]
Test : [0/79]	Acc@1 1.562Acc@5 7.812
Inference Time: 0.975
Final Accuracy: [1.71]
Test : [0/79]	Acc@1 3.125Acc@5 8.594
Inference Time: 0.977
Final Accuracy: [1.01]
Test : [0/79]	Acc@1 3.125Acc@5 14.062
Inference Time: 0.978
Final Accuracy: [1.15]
Test : [0/79]	Acc@1 0.781Acc@5 3.906
Inference Time: 0.972
Final Accuracy: [1.37]
Test : [0/79]	Acc@1 3.125Acc@5 17.188
Inference Time: 0.972
Final Accuracy: [5.99]
Test : [0/79]	Acc@1 0.781Acc@5 7.031
Inference Time: 0.970
Final Accuracy: [1.05]
Test : [0/79]	Acc@1 13.281Acc@5 25.000
Inference Time: 0.969
Final Accuracy: [8.89]
Test : [0/79]	Acc@1 0.781Acc@5 7.031
Inference Time: 0.974
Final Accuracy: [1.08]
Test : [0/79]	Acc@1 10.938Acc@5 24.219
Inference Time: 0.980
Final Accuracy: [8.77]
Test : [0/79]	Acc@1 1.562Acc@5 10.156
Inference Time: 0.969
Final Accuracy: [1.89]
Test : [0/79]	Acc@1 7.031Acc@5 16.406
Inference Time: 0.978
Final Accuracy: [3.72]
Test : [0/79]	Acc@1 0.781Acc@5 9.375
Inference Time: 0.973
Final Accuracy: [1.11]
Test : [0/79]	Acc@1 1.562Acc@5 7.812
Inference Time: 1.001
Final Accuracy: [0.96]
Test : [0/79]	Acc@1 0.781Acc@5 3.906
Inference Time: 0.977
Final Accuracy: [1.0]
Test : [0/79]	Acc@1 0.781Acc@5 4.688
Inference Time: 0.976
Final Accuracy: [1.0]
Test : [0/79]	Acc@1 11.719Acc@5 26.562
Inference Time: 0.971
Final Accuracy: [12.53]
Test : [0/79]	Acc@1 23.438Acc@5 46.094
Inference Time: 0.998
Final Accuracy: [19.74]
Test : [0/79]	Acc@1 0.781Acc@5 5.469
Inference Time: 0.971
Final Accuracy: [1.0]
Test : [0/79]	Acc@1 0.781Acc@5 3.906
Inference Time: 0.983
Final Accuracy: [1.0]
Test : [0/79]	Acc@1 2.344Acc@5 8.594
Inference Time: 0.977
Final Accuracy: [1.91]
Test : [0/79]	Acc@1 3.125Acc@5 9.375
Inference Time: 0.977
Final Accuracy: [1.76]
Test : [0/79]	Acc@1 0.781Acc@5 8.594
Inference Time: 0.976
Final Accuracy: [1.0]
Test : [0/79]	Acc@1 0.781Acc@5 10.156
Inference Time: 0.981
Final Accuracy: [1.04]
Test : [0/79]	Acc@1 21.094Acc@5 43.750
Inference Time: 0.975
Final Accuracy: [20.18]
Test : [0/79]	Acc@1 8.594Acc@5 30.469
Inference Time: 0.969
Final Accuracy: [6.49]
Test : [0/79]	Acc@1 2.344Acc@5 17.969
Inference Time: 0.975
Final Accuracy: [1.92]
Test : [0/79]	Acc@1 3.906Acc@5 14.844
Inference Time: 0.983
Final Accuracy: [2.21]
Test : [0/79]	Acc@1 3.125Acc@5 17.188
Inference Time: 0.976
Final Accuracy: [1.15]
Test : [0/79]	Acc@1 3.125Acc@5 15.625
Inference Time: 0.973
Final Accuracy: [1.0]
Test : [0/79]	Acc@1 17.969Acc@5 45.312
Inference Time: 0.972
Final Accuracy: [18.3]
Test : [0/79]	Acc@1 10.938Acc@5 27.344
Inference Time: 0.973
Final Accuracy: [11.06]
Test : [0/79]	Acc@1 35.156Acc@5 55.469
Inference Time: 0.970
Final Accuracy: [32.03]
Test : [0/79]	Acc@1 23.438Acc@5 45.312
Inference Time: 0.978
Final Accuracy: [18.63]
Test : [0/79]	Acc@1 34.375Acc@5 57.031
Inference Time: 0.978
Final Accuracy: [31.98]
Test : [0/79]	Acc@1 23.438Acc@5 44.531
Inference Time: 0.992
Final Accuracy: [18.74]
Test : [0/79]	Acc@1 0.781Acc@5 5.469
Inference Time: 0.968
Final Accuracy: [1.59]
Test : [0/79]	Acc@1 5.469Acc@5 10.938
Inference Time: 0.971
Final Accuracy: [2.3]
Test : [0/79]	Acc@1 0.781Acc@5 2.344
Inference Time: 0.971
Final Accuracy: [1.0]
Test : [0/79]	Acc@1 0.781Acc@5 2.344
Inference Time: 0.984
Final Accuracy: [1.0]
Test : [0/79]	Acc@1 0.781Acc@5 5.469
Inference Time: 0.980
Final Accuracy: [0.93]
Test : [0/79]	Acc@1 1.562Acc@5 7.812
Inference Time: 0.980
Final Accuracy: [1.06]
Test : [0/79]	Acc@1 0.781Acc@5 6.250
Inference Time: 1.001
Final Accuracy: [1.0]
Test : [0/79]	Acc@1 0.781Acc@5 6.250
Inference Time: 0.989
Final Accuracy: [1.0]
Test : [0/79]	Acc@1 2.344Acc@5 8.594
Inference Time: 0.978
Final Accuracy: [1.54]
Test : [0/79]	Acc@1 3.125Acc@5 7.812
Inference Time: 0.976
Final Accuracy: [1.46]
Test : [0/79]	Acc@1 0.781Acc@5 8.594
Inference Time: 0.978
Final Accuracy: [1.0]
Test : [0/79]	Acc@1 0.781Acc@5 8.594
Inference Time: 0.980
Final Accuracy: [1.0]
Test : [0/79]	Acc@1 0.781Acc@5 7.031
Inference Time: 0.977
Final Accuracy: [1.09]
Test : [0/79]	Acc@1 0.781Acc@5 10.156
Inference Time: 0.995
Final Accuracy: [2.04]
Test : [0/79]	Acc@1 0.000Acc@5 7.031
Inference Time: 0.978
Final Accuracy: [1.01]
Test : [0/79]	Acc@1 0.781Acc@5 12.500
Inference Time: 0.982
Final Accuracy: [1.04]
Test : [0/79]	Acc@1 3.125Acc@5 7.812
Inference Time: 1.005
Final Accuracy: [1.0]
Test : [0/79]	Acc@1 3.125Acc@5 9.375
Inference Time: 0.980
Final Accuracy: [1.0]
Test : [0/79]	Acc@1 1.562Acc@5 4.688
Inference Time: 0.987
Final Accuracy: [1.18]
Test : [0/79]	Acc@1 2.344Acc@5 10.156
Inference Time: 0.978
Final Accuracy: [1.3]
Test : [0/79]	Acc@1 1.562Acc@5 5.469
Inference Time: 0.991
Final Accuracy: [1.49]
Test : [0/79]	Acc@1 3.906Acc@5 16.406
Inference Time: 0.967
Final Accuracy: [2.78]
Test : [0/79]	Acc@1 1.562Acc@5 6.250
Inference Time: 0.979
Final Accuracy: [1.49]
Test : [0/79]	Acc@1 4.688Acc@5 14.844
Inference Time: 0.993
Final Accuracy: [2.89]
Test : [0/79]	Acc@1 1.562Acc@5 6.250
Inference Time: 0.989
Final Accuracy: [1.29]
Test : [0/79]	Acc@1 1.562Acc@5 11.719
Inference Time: 0.986
Final Accuracy: [2.08]
Test : [0/79]	Acc@1 1.562Acc@5 7.031
Inference Time: 0.987
Final Accuracy: [0.83]
Test : [0/79]	Acc@1 1.562Acc@5 6.250
Inference Time: 0.977
Final Accuracy: [0.89]
Test : [0/79]	Acc@1 0.781Acc@5 5.469
Inference Time: 0.978
Final Accuracy: [0.99]
Test : [0/79]	Acc@1 0.781Acc@5 4.688
Inference Time: 0.979
Final Accuracy: [0.99]
Test : [0/79]	Acc@1 1.562Acc@5 4.688
Inference Time: 0.985
Final Accuracy: [1.09]
Test : [0/79]	Acc@1 1.562Acc@5 4.688
Inference Time: 0.981
Final Accuracy: [1.02]
Test : [0/79]	Acc@1 0.781Acc@5 9.375
Inference Time: 0.973
Final Accuracy: [1.0]
Test : [0/79]	Acc@1 0.781Acc@5 9.375
Inference Time: 0.971
Final Accuracy: [1.0]
Test : [0/79]	Acc@1 0.781Acc@5 9.375
Inference Time: 0.983
Final Accuracy: [1.03]
Test : [0/79]	Acc@1 0.781Acc@5 10.156
Inference Time: 0.986
Final Accuracy: [1.44]
Test : [0/79]	Acc@1 1.562Acc@5 5.469
Inference Time: 0.983
Final Accuracy: [1.0]
Test : [0/79]	Acc@1 1.562Acc@5 6.250
Inference Time: 0.982
Final Accuracy: [1.0]
Test : [0/79]	Acc@1 3.906Acc@5 10.156
Inference Time: 0.985
Final Accuracy: [1.41]
Test : [0/79]	Acc@1 4.688Acc@5 10.938
Inference Time: 0.978
Final Accuracy: [1.58]
Test : [0/79]	Acc@1 1.562Acc@5 5.469
Inference Time: 0.979
Final Accuracy: [1.17]
Test : [0/79]	Acc@1 1.562Acc@5 5.469
Inference Time: 0.983
Final Accuracy: [1.93]
Test : [0/79]	Acc@1 2.344Acc@5 13.281
Inference Time: 0.979
Final Accuracy: [1.83]
Test : [0/79]	Acc@1 2.344Acc@5 10.938
Inference Time: 0.980
Final Accuracy: [2.67]
Test : [0/79]	Acc@1 3.906Acc@5 12.500
Inference Time: 0.986
Final Accuracy: [1.84]
Test : [0/79]	Acc@1 3.125Acc@5 10.938
Inference Time: 0.973
Final Accuracy: [2.67]
Test : [0/79]	Acc@1 0.000Acc@5 6.250
Inference Time: 1.012
Final Accuracy: [1.09]
Test : [0/79]	Acc@1 0.781Acc@5 6.250
Inference Time: 0.981
Final Accuracy: [1.06]
Test : [0/79]	Acc@1 0.781Acc@5 3.125
Inference Time: 1.008
Final Accuracy: [1.0]
Test : [0/79]	Acc@1 0.781Acc@5 3.906
Inference Time: 0.979
Final Accuracy: [1.0]
Test : [0/79]	Acc@1 3.125Acc@5 8.594
Inference Time: 0.980
Final Accuracy: [1.0]
Test : [0/79]	Acc@1 3.125Acc@5 8.594
Inference Time: 0.983
Final Accuracy: [1.0]
Test : [0/79]	Acc@1 0.781Acc@5 6.250
Inference Time: 0.984
Final Accuracy: [1.0]
Test : [0/79]	Acc@1 0.781Acc@5 6.250
Inference Time: 0.979
Final Accuracy: [1.0]
Test : [0/79]	Acc@1 0.781Acc@5 4.688
Inference Time: 0.976
Final Accuracy: [1.0]
Test : [0/79]	Acc@1 0.781Acc@5 4.688
Inference Time: 0.977
Final Accuracy: [1.0]
Test : [0/79]	Acc@1 1.562Acc@5 3.906
Inference Time: 0.997
Final Accuracy: [1.0]
Test : [0/79]	Acc@1 1.562Acc@5 3.906
Inference Time: 0.985
Final Accuracy: [1.0]
Test : [0/79]	Acc@1 3.125Acc@5 7.031
Inference Time: 0.978
Final Accuracy: [1.11]
Test : [0/79]	Acc@1 3.125Acc@5 6.250
Inference Time: 0.980
Final Accuracy: [1.3]
Test : [0/79]	Acc@1 0.781Acc@5 3.906
Inference Time: 0.981
Final Accuracy: [1.02]
Test : [0/79]	Acc@1 0.781Acc@5 6.250
Inference Time: 0.978
Final Accuracy: [1.09]
Test : [0/79]	Acc@1 0.781Acc@5 3.906
Inference Time: 0.980
Final Accuracy: [1.0]
Test : [0/79]	Acc@1 0.781Acc@5 3.906
Inference Time: 0.979
Final Accuracy: [0.99]
Test : [0/79]	Acc@1 0.781Acc@5 3.906
Inference Time: 0.983
Final Accuracy: [1.0]
Test : [0/79]	Acc@1 0.781Acc@5 3.125
Inference Time: 0.981
Final Accuracy: [0.99]
Test : [0/79]	Acc@1 0.781Acc@5 4.688
Inference Time: 0.980
Final Accuracy: [0.99]
Test : [0/79]	Acc@1 0.781Acc@5 5.469
Inference Time: 0.982
Final Accuracy: [1.0]
Test : [0/79]	Acc@1 1.562Acc@5 7.031
Inference Time: 0.981
Final Accuracy: [1.87]
Test : [0/79]	Acc@1 1.562Acc@5 9.375
Inference Time: 0.974
Final Accuracy: [1.77]
Test : [0/79]	Acc@1 0.781Acc@5 9.375
Inference Time: 0.981
Final Accuracy: [1.0]
Test : [0/79]	Acc@1 0.781Acc@5 8.594
Inference Time: 0.979
Final Accuracy: [1.07]
Test : [0/79]	Acc@1 3.906Acc@5 17.969
Inference Time: 0.979
Final Accuracy: [5.58]
Test : [0/79]	Acc@1 14.844Acc@5 36.719
Inference Time: 0.984
Final Accuracy: [13.45]
Test : [0/79]	Acc@1 2.344Acc@5 13.281
Inference Time: 0.984
Final Accuracy: [1.5]
Test : [0/79]	Acc@1 3.125Acc@5 22.656
Inference Time: 0.976
Final Accuracy: [2.27]
Test : [0/79]	Acc@1 3.125Acc@5 16.406
Inference Time: 0.983
Final Accuracy: [1.52]
Test : [0/79]	Acc@1 3.125Acc@5 25.781
Inference Time: 0.979
Final Accuracy: [1.67]
Test : [0/79]	Acc@1 10.156Acc@5 27.344
Inference Time: 0.979
Final Accuracy: [7.91]
Test : [0/79]	Acc@1 26.562Acc@5 59.375
Inference Time: 0.979
Final Accuracy: [24.93]
Test : [0/79]	Acc@1 17.188Acc@5 39.062
Inference Time: 0.985
Final Accuracy: [14.4]
Test : [0/79]	Acc@1 54.688Acc@5 78.906
Inference Time: 0.978
Final Accuracy: [47.62]
Test : [0/79]	Acc@1 17.188Acc@5 39.062
Inference Time: 0.983
Final Accuracy: [14.6]
Test : [0/79]	Acc@1 56.250Acc@5 78.906
Inference Time: 0.979
Final Accuracy: [47.94]
Test : [0/79]	Acc@1 0.781Acc@5 4.688
Inference Time: 0.996
Final Accuracy: [1.0]
Test : [0/79]	Acc@1 0.781Acc@5 4.688
Inference Time: 0.978
Final Accuracy: [1.08]
Test : [0/79]	Acc@1 0.781Acc@5 7.812
Inference Time: 0.993
Final Accuracy: [1.0]
Test : [0/79]	Acc@1 0.781Acc@5 7.812
Inference Time: 0.983
Final Accuracy: [1.0]
Test : [0/79]	Acc@1 0.781Acc@5 6.250
Inference Time: 0.977
Final Accuracy: [1.0]
Test : [0/79]	Acc@1 0.781Acc@5 4.688
Inference Time: 1.001
Final Accuracy: [1.0]
Test : [0/79]	Acc@1 1.562Acc@5 4.688
Inference Time: 0.980
Final Accuracy: [1.09]
Test : [0/79]	Acc@1 1.562Acc@5 6.250
Inference Time: 0.982
Final Accuracy: [1.31]
Test : [0/79]	Acc@1 3.125Acc@5 8.594
Inference Time: 0.979
Final Accuracy: [1.0]
Test : [0/79]	Acc@1 3.125Acc@5 10.156
Inference Time: 1.009
Final Accuracy: [1.0]
Test : [0/79]	Acc@1 0.781Acc@5 5.469
Inference Time: 0.982
Final Accuracy: [1.14]
Test : [0/79]	Acc@1 0.781Acc@5 4.688
Inference Time: 0.977
Final Accuracy: [1.32]
Test : [0/79]	Acc@1 0.781Acc@5 3.906
Inference Time: 0.996
Final Accuracy: [1.0]
Test : [0/79]	Acc@1 0.781Acc@5 3.906
Inference Time: 1.032
Final Accuracy: [1.0]
Test : [0/79]	Acc@1 0.781Acc@5 3.906
Inference Time: 0.981
Final Accuracy: [1.0]
Test : [0/79]	Acc@1 0.781Acc@5 4.688
Inference Time: 0.979
Final Accuracy: [1.0]
Test : [0/79]	Acc@1 2.344Acc@5 7.031
Inference Time: 0.977
Final Accuracy: [1.31]
Test : [0/79]	Acc@1 4.688Acc@5 8.594
Inference Time: 0.996
Final Accuracy: [1.88]
Test : [0/79]	Acc@1 1.562Acc@5 6.250
Inference Time: 0.982
Final Accuracy: [1.01]
Test : [0/79]	Acc@1 1.562Acc@5 9.375
Inference Time: 0.981
Final Accuracy: [1.0]
Test : [0/79]	Acc@1 1.562Acc@5 3.906
Inference Time: 0.980
Final Accuracy: [1.0]
Test : [0/79]	Acc@1 1.562Acc@5 3.906
Inference Time: 1.009
Final Accuracy: [1.0]
Test : [0/79]	Acc@1 3.125Acc@5 8.594
Inference Time: 0.995
Final Accuracy: [1.0]
Test : [0/79]	Acc@1 3.125Acc@5 8.594
Inference Time: 0.991
Final Accuracy: [1.0]
Test : [0/79]	Acc@1 1.562Acc@5 3.906
Inference Time: 0.976
Final Accuracy: [1.44]
Test : [0/79]	Acc@1 0.781Acc@5 3.906
Inference Time: 0.982
Final Accuracy: [1.52]
Test : [0/79]	Acc@1 1.562Acc@5 6.250
Inference Time: 0.980
Final Accuracy: [1.92]
Test : [0/79]	Acc@1 1.562Acc@5 6.250
Inference Time: 0.982
Final Accuracy: [1.9]
Test : [0/79]	Acc@1 2.344Acc@5 7.812
Inference Time: 0.977
Final Accuracy: [1.93]
Test : [0/79]	Acc@1 2.344Acc@5 9.375
Inference Time: 0.976
Final Accuracy: [1.91]
Test : [0/79]	Acc@1 0.781Acc@5 7.812
Inference Time: 0.974
Final Accuracy: [1.0]
Test : [0/79]	Acc@1 0.781Acc@5 8.594
Inference Time: 0.978
Final Accuracy: [1.0]
Test : [0/79]	Acc@1 1.562Acc@5 7.812
Inference Time: 0.983
Final Accuracy: [1.0]
Test : [0/79]	Acc@1 1.562Acc@5 6.250
Inference Time: 0.987
Final Accuracy: [1.0]
Test : [0/79]	Acc@1 3.125Acc@5 9.375
Inference Time: 0.981
Final Accuracy: [1.03]
Test : [0/79]	Acc@1 3.125Acc@5 8.594
Inference Time: 0.984
Final Accuracy: [1.07]
Test : [0/79]	Acc@1 0.781Acc@5 3.125
Inference Time: 0.978
Final Accuracy: [1.0]
Test : [0/79]	Acc@1 0.781Acc@5 6.250
Inference Time: 0.977
Final Accuracy: [1.0]
Test : [0/79]	Acc@1 0.781Acc@5 8.594
Inference Time: 0.982
Final Accuracy: [1.03]
Test : [0/79]	Acc@1 0.781Acc@5 10.156
Inference Time: 0.978
Final Accuracy: [1.08]
Test : [0/79]	Acc@1 0.781Acc@5 9.375
Inference Time: 0.982
Final Accuracy: [1.04]
Test : [0/79]	Acc@1 0.781Acc@5 9.375
Inference Time: 0.980
Final Accuracy: [1.12]
Test : [0/79]	Acc@1 28.125Acc@5 56.250
Inference Time: 0.985
Final Accuracy: [25.95]
Test : [0/79]	Acc@1 54.688Acc@5 78.125
Inference Time: 0.979
Final Accuracy: [46.6]
Test : [0/79]	Acc@1 5.469Acc@5 26.562
Inference Time: 0.978
Final Accuracy: [5.12]
Test : [0/79]	Acc@1 16.406Acc@5 39.062
Inference Time: 0.980
Final Accuracy: [9.28]
Test : [0/79]	Acc@1 8.594Acc@5 25.000
Inference Time: 0.983
Final Accuracy: [8.56]
Test : [0/79]	Acc@1 21.094Acc@5 48.438
Inference Time: 0.973
Final Accuracy: [23.53]
Test : [0/79]	Acc@1 32.031Acc@5 51.562
Inference Time: 0.982
Final Accuracy: [28.47]
Test : [0/79]	Acc@1 57.812Acc@5 81.250
Inference Time: 0.978
Final Accuracy: [54.02]
Test : [0/79]	Acc@1 31.250Acc@5 55.469
Inference Time: 0.980
Final Accuracy: [28.74]
Test : [0/79]	Acc@1 57.812Acc@5 83.594
Inference Time: 0.981
Final Accuracy: [54.4]
Test : [0/79]	Acc@1 4.688Acc@5 26.562
Inference Time: 0.997
Final Accuracy: [3.39]
Test : [0/79]	Acc@1 10.156Acc@5 51.562
Inference Time: 0.983
Final Accuracy: [9.01]
Test : [0/79]	Acc@1 3.906Acc@5 10.156
Inference Time: 0.997
Final Accuracy: [3.16]
Test : [0/79]	Acc@1 5.469Acc@5 18.750
Inference Time: 0.973
Final Accuracy: [5.51]
Test : [0/79]	Acc@1 5.469Acc@5 29.688
Inference Time: 0.978
Final Accuracy: [3.88]
Test : [0/79]	Acc@1 15.625Acc@5 44.531
Inference Time: 0.984
Final Accuracy: [9.87]
Test : [0/79]	Acc@1 6.250Acc@5 28.125
Inference Time: 0.986
Final Accuracy: [3.47]
Test : [0/79]	Acc@1 16.406Acc@5 46.875
Inference Time: 1.005
Final Accuracy: [9.56]
Test : [0/79]	Acc@1 3.125Acc@5 21.875
Inference Time: 0.972
Final Accuracy: [1.54]
Test : [0/79]	Acc@1 3.125Acc@5 39.844
Inference Time: 0.983
Final Accuracy: [2.04]
Test : [0/79]	Acc@1 3.125Acc@5 24.219
Inference Time: 0.985
Final Accuracy: [2.38]
Test : [0/79]	Acc@1 5.469Acc@5 39.844
Inference Time: 0.981
Final Accuracy: [3.63]
Test : [0/79]	Acc@1 3.125Acc@5 21.875
Inference Time: 0.975
Final Accuracy: [1.57]
Test : [0/79]	Acc@1 3.125Acc@5 39.062
Inference Time: 0.971
Final Accuracy: [1.98]
Test : [0/79]	Acc@1 20.312Acc@5 51.562
Inference Time: 0.980
Final Accuracy: [23.1]
Test : [0/79]	Acc@1 50.000Acc@5 79.688
Inference Time: 0.978
Final Accuracy: [52.36]
Test : [0/79]	Acc@1 23.438Acc@5 52.344
Inference Time: 0.982
Final Accuracy: [23.66]
Test : [0/79]	Acc@1 50.781Acc@5 79.688
Inference Time: 0.977
Final Accuracy: [53.84]
Test : [0/79]	Acc@1 48.438Acc@5 70.312
Inference Time: 0.986
Final Accuracy: [47.04]
Test : [0/79]	Acc@1 78.125Acc@5 95.312
Inference Time: 0.978
Final Accuracy: [76.81]
Test : [0/79]	Acc@1 1.562Acc@5 6.250
Inference Time: 0.974
Final Accuracy: [1.12]
Test : [0/79]	Acc@1 6.250Acc@5 17.188
Inference Time: 0.978
Final Accuracy: [5.28]
Test : [0/79]	Acc@1 0.781Acc@5 6.250
Inference Time: 0.982
Final Accuracy: [0.97]
Test : [0/79]	Acc@1 0.000Acc@5 5.469
Inference Time: 0.980
Final Accuracy: [1.16]
Test : [0/79]	Acc@1 0.781Acc@5 8.594
Inference Time: 1.001
Final Accuracy: [0.98]
Test : [0/79]	Acc@1 0.781Acc@5 8.594
Inference Time: 0.984
Final Accuracy: [0.91]
Test : [0/79]	Acc@1 0.781Acc@5 3.906
Inference Time: 0.979
Final Accuracy: [1.0]
Test : [0/79]	Acc@1 0.781Acc@5 3.125
Inference Time: 0.970
Final Accuracy: [1.0]
Test : [0/79]	Acc@1 0.781Acc@5 7.812
Inference Time: 0.980
Final Accuracy: [1.0]
Test : [0/79]	Acc@1 0.781Acc@5 10.938
Inference Time: 0.972
Final Accuracy: [1.72]
Test : [0/79]	Acc@1 0.781Acc@5 5.469
Inference Time: 0.992
Final Accuracy: [1.0]
Test : [0/79]	Acc@1 0.781Acc@5 4.688
Inference Time: 0.977
Final Accuracy: [1.0]
Test : [0/79]	Acc@1 0.781Acc@5 6.250
Inference Time: 0.983
Final Accuracy: [1.0]
Test : [0/79]	Acc@1 1.562Acc@5 9.375
Inference Time: 0.989
Final Accuracy: [1.1]
Test : [0/79]	Acc@1 0.781Acc@5 7.031
Inference Time: 1.000
Final Accuracy: [1.0]
Test : [0/79]	Acc@1 0.781Acc@5 9.375
Inference Time: 0.981
Final Accuracy: [1.0]
Test : [0/79]	Acc@1 0.781Acc@5 8.594
Inference Time: 0.975
Final Accuracy: [1.06]
Test : [0/79]	Acc@1 2.344Acc@5 17.188
Inference Time: 0.988
Final Accuracy: [2.8]
Test : [0/79]	Acc@1 1.562Acc@5 2.344
Inference Time: 1.000
Final Accuracy: [1.0]
Test : [0/79]	Acc@1 1.562Acc@5 8.594
Inference Time: 0.977
Final Accuracy: [1.22]
Test : [0/79]	Acc@1 3.125Acc@5 8.594
Inference Time: 0.984
Final Accuracy: [1.0]
Test : [0/79]	Acc@1 3.125Acc@5 14.062
Inference Time: 1.005
Final Accuracy: [1.3]
Test : [0/79]	Acc@1 0.000Acc@5 3.125
Inference Time: 1.004
Final Accuracy: [1.53]
Test : [0/79]	Acc@1 5.469Acc@5 15.625
Inference Time: 0.981
Final Accuracy: [5.19]
Test : [0/79]	Acc@1 0.781Acc@5 7.812
Inference Time: 0.978
Final Accuracy: [0.99]
Test : [0/79]	Acc@1 10.156Acc@5 21.875
Inference Time: 0.982
Final Accuracy: [6.32]
Test : [0/79]	Acc@1 0.781Acc@5 7.812
Inference Time: 0.984
Final Accuracy: [0.99]
Test : [0/79]	Acc@1 10.156Acc@5 21.875
Inference Time: 0.974
Final Accuracy: [6.31]
Test : [0/79]	Acc@1 1.562Acc@5 6.250
Inference Time: 0.982
Final Accuracy: [1.56]
Test : [0/79]	Acc@1 0.000Acc@5 5.469
Inference Time: 0.980
Final Accuracy: [1.15]
Test : [0/79]	Acc@1 0.781Acc@5 7.031
Inference Time: 0.981
Final Accuracy: [0.79]
Test : [0/79]	Acc@1 0.781Acc@5 7.812
Inference Time: 0.979
Final Accuracy: [0.82]
Test : [0/79]	Acc@1 0.781Acc@5 3.125
Inference Time: 0.978
Final Accuracy: [0.87]
Test : [0/79]	Acc@1 0.781Acc@5 4.688
Inference Time: 0.981
Final Accuracy: [0.86]
Test : [0/79]	Acc@1 1.562Acc@5 8.594
Inference Time: 0.977
Final Accuracy: [1.28]
Test : [0/79]	Acc@1 0.000Acc@5 6.250
Inference Time: 0.981
Final Accuracy: [1.08]
Test : [0/79]	Acc@1 0.781Acc@5 5.469
Inference Time: 0.977
Final Accuracy: [1.0]
Test : [0/79]	Acc@1 0.781Acc@5 5.469
Inference Time: 0.978
Final Accuracy: [1.0]
Test : [0/79]	Acc@1 3.125Acc@5 7.812
Inference Time: 0.979
Final Accuracy: [1.56]
Test : [0/79]	Acc@1 3.125Acc@5 7.812
Inference Time: 0.979
Final Accuracy: [1.19]
Test : [0/79]	Acc@1 0.781Acc@5 7.031
Inference Time: 0.986
Final Accuracy: [1.0]
Test : [0/79]	Acc@1 0.781Acc@5 8.594
Inference Time: 0.973
Final Accuracy: [1.0]
Test : [0/79]	Acc@1 0.781Acc@5 8.594
Inference Time: 0.989
Final Accuracy: [1.23]
Test : [0/79]	Acc@1 0.781Acc@5 7.031
Inference Time: 0.981
Final Accuracy: [1.05]
Test : [0/79]	Acc@1 1.562Acc@5 9.375
Inference Time: 0.981
Final Accuracy: [1.1]
Test : [0/79]	Acc@1 0.781Acc@5 9.375
Inference Time: 0.981
Final Accuracy: [1.23]
Test : [0/79]	Acc@1 3.125Acc@5 9.375
Inference Time: 0.997
Final Accuracy: [1.01]
Test : [0/79]	Acc@1 3.125Acc@5 9.375
Inference Time: 0.975
Final Accuracy: [1.0]
