{"obj": {"type": "AssignString", "path": ["sys", "name"], "value": "Untitled"}, "version": 1, "at": 1717596465.3024359}
{"obj": {"type": "AssignString", "path": ["sys", "description"], "value": ""}, "version": 2, "at": 1717596465.3026109}
{"obj": {"type": "AssignString", "path": ["monitoring", "154753b9", "hostname"], "value": "sn4622120131"}, "version": 3, "at": 1717596465.3026824}
{"obj": {"type": "AssignString", "path": ["sys", "hostname"], "value": "sn4622120131"}, "version": 4, "at": 1717596465.3027399}
{"obj": {"type": "AssignString", "path": ["monitoring", "154753b9", "pid"], "value": "2708978"}, "version": 5, "at": 1717596465.302794}
{"obj": {"type": "AssignString", "path": ["monitoring", "154753b9", "tid"], "value": "140204023383872"}, "version": 6, "at": 1717596465.3028455}
{"obj": {"type": "AssignBool", "path": ["sys", "failed"], "value": false}, "version": 7, "at": 1717596465.302899}
{"obj": {"type": "ClearStringLog", "path": ["monitoring", "154753b9", "stdout"]}, "version": 8, "at": 1717596465.3029776}
{"obj": {"type": "ClearStringLog", "path": ["monitoring", "154753b9", "stderr"]}, "version": 9, "at": 1717596465.303025}
{"obj": {"type": "AssignString", "path": ["source_code", "entrypoint"], "value": "snl_finetune_unstructured.py"}, "version": 10, "at": 1717596465.3031921}
{"obj": {"type": "UploadFileSet", "path": ["source_code", "files"], "file_globs": ["/home/xxu002/snip-snl-pgd/snl_finetune_unstructured.py"], "reset": "False"}, "version": 11, "at": 1717596465.3032637}
{"obj": {"type": "UploadFile", "path": ["source_code", "diff"], "ext": "patch", "file_path": null, "tmp_file_name": "source_code_diff-1717596465.33468-2024-06-05_10.07.45.334680.patch", "clean_after_upload": false}, "version": 12, "at": 1717596465.335487}
{"obj": {"type": "ConfigFloatSeries", "path": ["monitoring", "154753b9", "cpu"], "min": 0.0, "max": 100.0, "unit": "%"}, "version": 13, "at": 1717596465.343394}
{"obj": {"type": "ClearFloatLog", "path": ["monitoring", "154753b9", "cpu"]}, "version": 14, "at": 1717596465.3434567}
{"obj": {"type": "ConfigFloatSeries", "path": ["monitoring", "154753b9", "memory"], "min": 0.0, "max": 440.5097770690918, "unit": "GB"}, "version": 15, "at": 1717596465.3435388}
{"obj": {"type": "ClearFloatLog", "path": ["monitoring", "154753b9", "memory"]}, "version": 16, "at": 1717596465.34358}
{"obj": {"type": "ConfigFloatSeries", "path": ["monitoring", "154753b9", "gpu"], "min": 0.0, "max": 100.0, "unit": "%"}, "version": 17, "at": 1717596465.343647}
{"obj": {"type": "ClearFloatLog", "path": ["monitoring", "154753b9", "gpu"]}, "version": 18, "at": 1717596465.3436801}
{"obj": {"type": "ConfigFloatSeries", "path": ["monitoring", "154753b9", "gpu_memory"], "min": 0.0, "max": 47.98828125, "unit": "GB"}, "version": 19, "at": 1717596465.343744}
{"obj": {"type": "ClearFloatLog", "path": ["monitoring", "154753b9", "gpu_memory"]}, "version": 20, "at": 1717596465.3437767}
{"obj": {"type": "LogStrings", "path": ["monitoring", "154753b9", "stdout"], "values": [{"value": "\rHyperparameter List", "step": null, "ts": 1717596465.3464122}]}, "version": 21, "at": 1717596465.346486}
{"obj": {"type": "LogFloats", "path": ["monitoring", "154753b9", "cpu"], "values": [{"value": 1.4, "step": null, "ts": 1717596465.3439763}]}, "version": 22, "at": 1717596465.3468616}
{"obj": {"type": "LogFloats", "path": ["monitoring", "154753b9", "memory"], "values": [{"value": 21.227752685546875, "step": null, "ts": 1717596465.3439763}]}, "version": 23, "at": 1717596465.346984}
{"obj": {"type": "LogFloats", "path": ["monitoring", "154753b9", "gpu_memory"], "values": [{"value": 1.3900146484375, "step": null, "ts": 1717596465.3439763}]}, "version": 24, "at": 1717596465.3471463}
{"obj": {"type": "LogStrings", "path": ["monitoring", "154753b9", "stdout"], "values": [{"value": "\rFinetune Epochs: 100", "step": null, "ts": 1717596465.3475668}]}, "version": 25, "at": 1717596465.3475878}
{"obj": {"type": "LogStrings", "path": ["monitoring", "154753b9", "stdout"], "values": [{"value": "\rLearning Rate: 0.001", "step": null, "ts": 1717596465.348147}]}, "version": 26, "at": 1717596465.3481588}
{"obj": {"type": "LogStrings", "path": ["monitoring", "154753b9", "stdout"], "values": [{"value": "\rAlpha: 1e-05", "step": null, "ts": 1717596465.3486156}]}, "version": 27, "at": 1717596465.348627}
{"obj": {"type": "LogStrings", "path": ["monitoring", "154753b9", "stdout"], "values": [{"value": "\rReLU Budget: 45000", "step": null, "ts": 1717596465.3490849}]}, "version": 28, "at": 1717596465.3490963}
{"obj": {"type": "LogStrings", "path": ["monitoring", "154753b9", "stdout"], "values": [{"value": "Files already downloaded and verified", "step": null, "ts": 1717596465.5753887}]}, "version": 29, "at": 1717596465.5754306}
{"obj": {"type": "LogStrings", "path": ["monitoring", "154753b9", "stdout"], "values": [{"value": "\n", "step": null, "ts": 1717596465.5756187}]}, "version": 30, "at": 1717596465.5756454}
{"obj": {"type": "LogStrings", "path": ["monitoring", "154753b9", "stdout"], "values": [{"value": "Files already downloaded and verified", "step": null, "ts": 1717596466.2503943}]}, "version": 31, "at": 1717596466.2504406}
{"obj": {"type": "LogStrings", "path": ["monitoring", "154753b9", "stdout"], "values": [{"value": "\n", "step": null, "ts": 1717596466.2506404}]}, "version": 32, "at": 1717596466.250667}
{"obj": {"type": "LogStrings", "path": ["monitoring", "154753b9", "stdout"], "values": [{"value": "CIFAR10/100 Setting", "step": null, "ts": 1717596466.5232606}]}, "version": 33, "at": 1717596466.5232992}
{"obj": {"type": "LogStrings", "path": ["monitoring", "154753b9", "stdout"], "values": [{"value": "\n", "step": null, "ts": 1717596466.5236676}]}, "version": 34, "at": 1717596466.5236948}
{"obj": {"type": "LogStrings", "path": ["monitoring", "154753b9", "stdout"], "values": [{"value": "\rLoaded the base_classifier", "step": null, "ts": 1717596466.7368171}]}, "version": 35, "at": 1717596466.736862}
{"obj": {"type": "LogFloats", "path": ["monitoring", "154753b9", "cpu"], "values": [{"value": 3.9, "step": null, "ts": 1717596466.7517169}]}, "version": 36, "at": 1717596466.7563052}
{"obj": {"type": "LogFloats", "path": ["monitoring", "154753b9", "memory"], "values": [{"value": 21.96822738647461, "step": null, "ts": 1717596466.7517169}]}, "version": 37, "at": 1717596466.7564526}
{"obj": {"type": "LogFloats", "path": ["monitoring", "154753b9", "gpu"], "values": [{"value": 8.0, "step": null, "ts": 1717596466.7517169}]}, "version": 38, "at": 1717596466.7565215}
{"obj": {"type": "LogFloats", "path": ["monitoring", "154753b9", "gpu_memory"], "values": [{"value": 2.294189453125, "step": null, "ts": 1717596466.7517169}]}, "version": 39, "at": 1717596466.7565808}
{"obj": {"type": "LogFloats", "path": ["monitoring", "154753b9", "cpu"], "values": [{"value": 3.2, "step": null, "ts": 1717596467.0425663}]}, "version": 40, "at": 1717596467.043463}
{"obj": {"type": "LogFloats", "path": ["monitoring", "154753b9", "memory"], "values": [{"value": 21.992015838623047, "step": null, "ts": 1717596467.0425663}]}, "version": 41, "at": 1717596467.0436032}
{"obj": {"type": "LogFloats", "path": ["monitoring", "154753b9", "gpu"], "values": [{"value": 2.0, "step": null, "ts": 1717596467.0425663}]}, "version": 42, "at": 1717596467.043676}
{"obj": {"type": "LogFloats", "path": ["monitoring", "154753b9", "gpu_memory"], "values": [{"value": 2.294189453125, "step": null, "ts": 1717596467.0425663}]}, "version": 43, "at": 1717596467.0437372}
{"obj": {"type": "LogFloats", "path": ["monitoring", "154753b9", "cpu"], "values": [{"value": 0.6, "step": null, "ts": 1717596467.2669654}]}, "version": 44, "at": 1717596467.2682898}
{"obj": {"type": "LogFloats", "path": ["monitoring", "154753b9", "memory"], "values": [{"value": 22.01266098022461, "step": null, "ts": 1717596467.2669654}]}, "version": 45, "at": 1717596467.2688625}
{"obj": {"type": "LogFloats", "path": ["monitoring", "154753b9", "gpu_memory"], "values": [{"value": 2.294189453125, "step": null, "ts": 1717596467.2669654}]}, "version": 46, "at": 1717596467.2689312}
{"obj": {"type": "LogFloats", "path": ["monitoring", "154753b9", "cpu"], "values": [{"value": 5.6, "step": null, "ts": 1717596467.4698174}]}, "version": 47, "at": 1717596467.4744499}
{"obj": {"type": "LogFloats", "path": ["monitoring", "154753b9", "memory"], "values": [{"value": 22.154659271240234, "step": null, "ts": 1717596467.4698174}]}, "version": 48, "at": 1717596467.4746306}
{"obj": {"type": "LogFloats", "path": ["monitoring", "154753b9", "gpu_memory"], "values": [{"value": 2.403564453125, "step": null, "ts": 1717596467.4698174}]}, "version": 49, "at": 1717596467.474711}
{"obj": {"type": "LogStrings", "path": ["monitoring", "154753b9", "stdout"], "values": [{"value": "Test : [0/79]\tAcc@1 78.906Acc@5 95.312", "step": null, "ts": 1717596467.7044444}]}, "version": 50, "at": 1717596467.704496}
{"obj": {"type": "LogStrings", "path": ["monitoring", "154753b9", "stdout"], "values": [{"value": "\n", "step": null, "ts": 1717596467.7047763}]}, "version": 51, "at": 1717596467.704792}
{"obj": {"type": "LogStrings", "path": ["monitoring", "154753b9", "stdout"], "values": [{"value": "Inference Time: 2.635", "step": null, "ts": 1717596469.3729844}]}, "version": 52, "at": 1717596469.3730507}
{"obj": {"type": "LogStrings", "path": ["monitoring", "154753b9", "stdout"], "values": [{"value": "\n", "step": null, "ts": 1717596469.3733177}]}, "version": 53, "at": 1717596469.3733466}
{"obj": {"type": "LogStrings", "path": ["monitoring", "154753b9", "stdout"], "values": [{"value": "Final Accuracy: [76.92]", "step": null, "ts": 1717596469.3734705}]}, "version": 54, "at": 1717596469.3734806}
{"obj": {"type": "LogStrings", "path": ["monitoring", "154753b9", "stdout"], "values": [{"value": "\n", "step": null, "ts": 1717596469.3735356}]}, "version": 55, "at": 1717596469.3735452}
{"obj": {"type": "LogStrings", "path": ["monitoring", "154753b9", "stdout"], "values": [{"value": "\rOriginal Model Test Accuracy: 76.92", "step": null, "ts": 1717596469.3735924}]}, "version": 56, "at": 1717596469.373601}
{"obj": {"type": "LogStrings", "path": ["monitoring", "154753b9", "stdout"], "values": [{"value": "\rOriginal ReLU Count: 491520", "step": null, "ts": 1717596469.3793995}]}, "version": 57, "at": 1717596469.3794258}
{"obj": {"type": "LogFloats", "path": ["monitoring", "154753b9", "cpu"], "values": [{"value": 6.8, "step": null, "ts": 1717596469.403609}]}, "version": 58, "at": 1717596469.4051998}
{"obj": {"type": "LogFloats", "path": ["monitoring", "154753b9", "memory"], "values": [{"value": 22.37521743774414, "step": null, "ts": 1717596469.403609}]}, "version": 59, "at": 1717596469.4053638}
{"obj": {"type": "LogFloats", "path": ["monitoring", "154753b9", "gpu"], "values": [{"value": 96.0, "step": null, "ts": 1717596469.403609}]}, "version": 60, "at": 1717596469.4054437}
{"obj": {"type": "LogFloats", "path": ["monitoring", "154753b9", "gpu_memory"], "values": [{"value": 2.813720703125, "step": null, "ts": 1717596469.403609}]}, "version": 61, "at": 1717596469.4055102}
{"obj": {"type": "LogFloats", "path": ["monitoring", "154753b9", "cpu"], "values": [{"value": 1.0, "step": null, "ts": 1717596469.629279}]}, "version": 62, "at": 1717596469.630496}
{"obj": {"type": "LogFloats", "path": ["monitoring", "154753b9", "memory"], "values": [{"value": 22.401203155517578, "step": null, "ts": 1717596469.629279}]}, "version": 63, "at": 1717596469.630624}
{"obj": {"type": "LogFloats", "path": ["monitoring", "154753b9", "gpu"], "values": [{"value": 14.0, "step": null, "ts": 1717596469.629279}]}, "version": 64, "at": 1717596469.6306922}
{"obj": {"type": "LogFloats", "path": ["monitoring", "154753b9", "gpu_memory"], "values": [{"value": 2.813720703125, "step": null, "ts": 1717596469.629279}]}, "version": 65, "at": 1717596469.630754}
{"obj": {"type": "LogFloats", "path": ["monitoring", "154753b9", "cpu"], "values": [{"value": 2.4, "step": null, "ts": 1717596469.8383744}]}, "version": 66, "at": 1717596469.8431718}
{"obj": {"type": "LogFloats", "path": ["monitoring", "154753b9", "memory"], "values": [{"value": 22.42742919921875, "step": null, "ts": 1717596469.8383744}]}, "version": 67, "at": 1717596469.843311}
{"obj": {"type": "LogFloats", "path": ["monitoring", "154753b9", "gpu_memory"], "values": [{"value": 2.813720703125, "step": null, "ts": 1717596469.8383744}]}, "version": 68, "at": 1717596469.843386}
{"obj": {"type": "LogFloats", "path": ["monitoring", "154753b9", "cpu"], "values": [{"value": 5.3, "step": null, "ts": 1717596470.0497167}]}, "version": 69, "at": 1717596470.055547}
{"obj": {"type": "LogFloats", "path": ["monitoring", "154753b9", "memory"], "values": [{"value": 22.40310287475586, "step": null, "ts": 1717596470.0497167}]}, "version": 70, "at": 1717596470.0563123}
{"obj": {"type": "LogFloats", "path": ["monitoring", "154753b9", "gpu_memory"], "values": [{"value": 2.813720703125, "step": null, "ts": 1717596470.0497167}]}, "version": 71, "at": 1717596470.0563889}
{"obj": {"type": "LogStrings", "path": ["monitoring", "154753b9", "stderr"], "values": [{"value": "/home/xxu002/.local/lib/python3.9/site-packages/torch/autograd/graph.py:744: UserWarning: Plan failed with a cudnnException: CUDNN_BACKEND_EXECUTION_PLAN_DESCRIPTOR: cudnnFinalize Descriptor Failed cudnn_status: CUDNN_STATUS_NOT_SUPPORTED (Triggered internally at ../aten/src/ATen/native/cudnn/Conv_v8.cpp:919.)\n  return Variable._execution_engine.run_backward(  # Calls into the C++ engine to run the backward pass\n", "step": null, "ts": 1717596470.2850583}]}, "version": 72, "at": 1717596470.2851331}
{"obj": {"type": "LogStrings", "path": ["monitoring", "154753b9", "stderr"], "values": [{"value": "/home/xxu002/snip-snl-pgd/snip.py:71: UserWarning: To copy construct from a tensor, it is recommended to use sourceTensor.clone().detach() or sourceTensor.clone().detach().requires_grad_(True), rather than torch.tensor(sourceTensor).\n  layer_scores = torch.tensor(layer_grads)\n", "step": null, "ts": 1717596470.298121}]}, "version": 73, "at": 1717596470.2981598}
{"obj": {"type": "LogFloats", "path": ["monitoring", "154753b9", "cpu"], "values": [{"value": 12.4, "step": null, "ts": 1717596470.3187811}]}, "version": 74, "at": 1717596470.3223395}
{"obj": {"type": "LogFloats", "path": ["monitoring", "154753b9", "memory"], "values": [{"value": 22.583171844482422, "step": null, "ts": 1717596470.3187811}]}, "version": 75, "at": 1717596470.3224719}
{"obj": {"type": "LogFloats", "path": ["monitoring", "154753b9", "gpu"], "values": [{"value": 6.0, "step": null, "ts": 1717596470.3187811}]}, "version": 76, "at": 1717596470.322547}
{"obj": {"type": "LogFloats", "path": ["monitoring", "154753b9", "gpu_memory"], "values": [{"value": 5.770751953125, "step": null, "ts": 1717596470.3187811}]}, "version": 77, "at": 1717596470.3226087}
{"obj": {"type": "LogFloats", "path": ["monitoring", "154753b9", "cpu"], "values": [{"value": 2.0, "step": null, "ts": 1717596470.5426757}]}, "version": 78, "at": 1717596470.5438762}
{"obj": {"type": "LogFloats", "path": ["monitoring", "154753b9", "memory"], "values": [{"value": 22.600955963134766, "step": null, "ts": 1717596470.5426757}]}, "version": 79, "at": 1717596470.5440452}
{"obj": {"type": "LogFloats", "path": ["monitoring", "154753b9", "gpu"], "values": [{"value": 28.0, "step": null, "ts": 1717596470.5426757}]}, "version": 80, "at": 1717596470.5441265}
{"obj": {"type": "LogFloats", "path": ["monitoring", "154753b9", "gpu_memory"], "values": [{"value": 5.770751953125, "step": null, "ts": 1717596470.5426757}]}, "version": 81, "at": 1717596470.544194}
{"obj": {"type": "LogFloats", "path": ["monitoring", "154753b9", "cpu"], "values": [{"value": 3.3, "step": null, "ts": 1717596470.7429647}]}, "version": 82, "at": 1717596470.7479959}
{"obj": {"type": "LogFloats", "path": ["monitoring", "154753b9", "memory"], "values": [{"value": 22.62561798095703, "step": null, "ts": 1717596470.7429647}]}, "version": 83, "at": 1717596470.7481706}
{"obj": {"type": "LogFloats", "path": ["monitoring", "154753b9", "gpu_memory"], "values": [{"value": 5.770751953125, "step": null, "ts": 1717596470.7429647}]}, "version": 84, "at": 1717596470.7482429}
{"obj": {"type": "LogFloats", "path": ["monitoring", "154753b9", "cpu"], "values": [{"value": 8.2, "step": null, "ts": 1717596470.989604}]}, "version": 85, "at": 1717596470.9904354}
{"obj": {"type": "LogFloats", "path": ["monitoring", "154753b9", "memory"], "values": [{"value": 22.59210968017578, "step": null, "ts": 1717596470.989604}]}, "version": 86, "at": 1717596470.9906025}
{"obj": {"type": "LogFloats", "path": ["monitoring", "154753b9", "gpu"], "values": [{"value": 1.0, "step": null, "ts": 1717596470.989604}]}, "version": 87, "at": 1717596470.9906852}
{"obj": {"type": "LogFloats", "path": ["monitoring", "154753b9", "gpu_memory"], "values": [{"value": 5.770751953125, "step": null, "ts": 1717596470.989604}]}, "version": 88, "at": 1717596470.9907553}
{"obj": {"type": "LogFloats", "path": ["monitoring", "154753b9", "cpu"], "values": [{"value": 16.0, "step": null, "ts": 1717596471.1968257}]}, "version": 89, "at": 1717596471.201287}
{"obj": {"type": "LogFloats", "path": ["monitoring", "154753b9", "memory"], "values": [{"value": 22.560413360595703, "step": null, "ts": 1717596471.1968257}]}, "version": 90, "at": 1717596471.2014506}
{"obj": {"type": "LogFloats", "path": ["monitoring", "154753b9", "gpu"], "values": [{"value": 16.0, "step": null, "ts": 1717596471.1968257}]}, "version": 91, "at": 1717596471.2015338}
{"obj": {"type": "LogFloats", "path": ["monitoring", "154753b9", "gpu_memory"], "values": [{"value": 5.770751953125, "step": null, "ts": 1717596471.1968257}]}, "version": 92, "at": 1717596471.2016022}
{"obj": {"type": "LogFloats", "path": ["monitoring", "154753b9", "cpu"], "values": [{"value": 4.6, "step": null, "ts": 1717596471.4131489}]}, "version": 93, "at": 1717596471.420007}
{"obj": {"type": "LogFloats", "path": ["monitoring", "154753b9", "memory"], "values": [{"value": 22.601482391357422, "step": null, "ts": 1717596471.4131489}]}, "version": 94, "at": 1717596471.4202328}
{"obj": {"type": "LogFloats", "path": ["monitoring", "154753b9", "gpu"], "values": [{"value": 16.0, "step": null, "ts": 1717596471.4131489}]}, "version": 95, "at": 1717596471.4203336}
{"obj": {"type": "LogFloats", "path": ["monitoring", "154753b9", "gpu_memory"], "values": [{"value": 5.770751953125, "step": null, "ts": 1717596471.4131489}]}, "version": 96, "at": 1717596471.4203947}
{"obj": {"type": "LogFloats", "path": ["monitoring", "154753b9", "cpu"], "values": [{"value": 8.5, "step": null, "ts": 1717596471.6491656}]}, "version": 97, "at": 1717596471.6653864}
{"obj": {"type": "LogFloats", "path": ["monitoring", "154753b9", "memory"], "values": [{"value": 22.65576171875, "step": null, "ts": 1717596471.6491656}]}, "version": 98, "at": 1717596471.6655858}
{"obj": {"type": "LogFloats", "path": ["monitoring", "154753b9", "gpu_memory"], "values": [{"value": 5.770751953125, "step": null, "ts": 1717596471.6491656}]}, "version": 99, "at": 1717596471.665685}
{"obj": {"type": "LogFloats", "path": ["monitoring", "154753b9", "cpu"], "values": [{"value": 4.9, "step": null, "ts": 1717596471.8775222}]}, "version": 100, "at": 1717596471.880269}
{"obj": {"type": "LogFloats", "path": ["monitoring", "154753b9", "memory"], "values": [{"value": 22.60174560546875, "step": null, "ts": 1717596471.8775222}]}, "version": 101, "at": 1717596471.8815663}
{"obj": {"type": "LogFloats", "path": ["monitoring", "154753b9", "gpu_memory"], "values": [{"value": 5.770751953125, "step": null, "ts": 1717596471.8775222}]}, "version": 102, "at": 1717596471.8820486}
{"obj": {"type": "LogFloats", "path": ["monitoring", "154753b9", "cpu"], "values": [{"value": 9.0, "step": null, "ts": 1717596472.0647576}]}, "version": 103, "at": 1717596472.0686123}
{"obj": {"type": "LogFloats", "path": ["monitoring", "154753b9", "memory"], "values": [{"value": 22.556854248046875, "step": null, "ts": 1717596472.0647576}]}, "version": 104, "at": 1717596472.0687523}
{"obj": {"type": "LogFloats", "path": ["monitoring", "154753b9", "gpu"], "values": [{"value": 17.0, "step": null, "ts": 1717596472.0647576}]}, "version": 105, "at": 1717596472.0688255}
{"obj": {"type": "LogFloats", "path": ["monitoring", "154753b9", "gpu_memory"], "values": [{"value": 5.770751953125, "step": null, "ts": 1717596472.0647576}]}, "version": 106, "at": 1717596472.0688884}
{"obj": {"type": "LogFloats", "path": ["monitoring", "154753b9", "cpu"], "values": [{"value": 4.0, "step": null, "ts": 1717596472.26775}]}, "version": 107, "at": 1717596472.2686846}
{"obj": {"type": "LogFloats", "path": ["monitoring", "154753b9", "memory"], "values": [{"value": 22.580955505371094, "step": null, "ts": 1717596472.26775}]}, "version": 108, "at": 1717596472.26883}
{"obj": {"type": "LogFloats", "path": ["monitoring", "154753b9", "gpu"], "values": [{"value": 17.0, "step": null, "ts": 1717596472.26775}]}, "version": 109, "at": 1717596472.2689133}
{"obj": {"type": "LogFloats", "path": ["monitoring", "154753b9", "gpu_memory"], "values": [{"value": 5.770751953125, "step": null, "ts": 1717596472.26775}]}, "version": 110, "at": 1717596472.268974}
{"obj": {"type": "LogFloats", "path": ["monitoring", "154753b9", "cpu"], "values": [{"value": 3.7, "step": null, "ts": 1717596472.4634445}]}, "version": 111, "at": 1717596472.4643633}
{"obj": {"type": "LogFloats", "path": ["monitoring", "154753b9", "memory"], "values": [{"value": 22.587085723876953, "step": null, "ts": 1717596472.4634445}]}, "version": 112, "at": 1717596472.4645681}
{"obj": {"type": "LogFloats", "path": ["monitoring", "154753b9", "gpu_memory"], "values": [{"value": 5.770751953125, "step": null, "ts": 1717596472.4634445}]}, "version": 113, "at": 1717596472.4646478}
{"obj": {"type": "LogFloats", "path": ["monitoring", "154753b9", "cpu"], "values": [{"value": 6.8, "step": null, "ts": 1717596472.6699836}]}, "version": 114, "at": 1717596472.675748}
{"obj": {"type": "LogFloats", "path": ["monitoring", "154753b9", "memory"], "values": [{"value": 22.574302673339844, "step": null, "ts": 1717596472.6699836}]}, "version": 115, "at": 1717596472.6772182}
{"obj": {"type": "LogFloats", "path": ["monitoring", "154753b9", "gpu_memory"], "values": [{"value": 5.770751953125, "step": null, "ts": 1717596472.6699836}]}, "version": 116, "at": 1717596472.6777797}
{"obj": {"type": "LogFloats", "path": ["monitoring", "154753b9", "cpu"], "values": [{"value": 7.4, "step": null, "ts": 1717596472.88642}]}, "version": 117, "at": 1717596472.88738}
{"obj": {"type": "LogFloats", "path": ["monitoring", "154753b9", "memory"], "values": [{"value": 22.535297393798828, "step": null, "ts": 1717596472.88642}]}, "version": 118, "at": 1717596472.8875372}
{"obj": {"type": "LogFloats", "path": ["monitoring", "154753b9", "gpu"], "values": [{"value": 17.0, "step": null, "ts": 1717596472.88642}]}, "version": 119, "at": 1717596472.8876114}
{"obj": {"type": "LogFloats", "path": ["monitoring", "154753b9", "gpu_memory"], "values": [{"value": 5.770751953125, "step": null, "ts": 1717596472.88642}]}, "version": 120, "at": 1717596472.8876746}
{"obj": {"type": "LogFloats", "path": ["monitoring", "154753b9", "cpu"], "values": [{"value": 2.1, "step": null, "ts": 1717596473.0902367}]}, "version": 121, "at": 1717596473.0931818}
{"obj": {"type": "LogFloats", "path": ["monitoring", "154753b9", "memory"], "values": [{"value": 22.563858032226562, "step": null, "ts": 1717596473.0902367}]}, "version": 122, "at": 1717596473.093316}
{"obj": {"type": "LogFloats", "path": ["monitoring", "154753b9", "gpu"], "values": [{"value": 17.0, "step": null, "ts": 1717596473.0902367}]}, "version": 123, "at": 1717596473.0933874}
{"obj": {"type": "LogFloats", "path": ["monitoring", "154753b9", "gpu_memory"], "values": [{"value": 5.770751953125, "step": null, "ts": 1717596473.0902367}]}, "version": 124, "at": 1717596473.0935636}
{"obj": {"type": "LogFloats", "path": ["monitoring", "154753b9", "cpu"], "values": [{"value": 3.5, "step": null, "ts": 1717596473.3166976}]}, "version": 125, "at": 1717596473.3232706}
{"obj": {"type": "LogFloats", "path": ["monitoring", "154753b9", "memory"], "values": [{"value": 22.54047393798828, "step": null, "ts": 1717596473.3166976}]}, "version": 126, "at": 1717596473.3234448}
{"obj": {"type": "LogFloats", "path": ["monitoring", "154753b9", "gpu_memory"], "values": [{"value": 5.770751953125, "step": null, "ts": 1717596473.3166976}]}, "version": 127, "at": 1717596473.3235188}
{"obj": {"type": "LogFloats", "path": ["monitoring", "154753b9", "cpu"], "values": [{"value": 5.2, "step": null, "ts": 1717596473.5331738}]}, "version": 128, "at": 1717596473.5397642}
{"obj": {"type": "LogFloats", "path": ["monitoring", "154753b9", "memory"], "values": [{"value": 22.571544647216797, "step": null, "ts": 1717596473.5331738}]}, "version": 129, "at": 1717596473.541169}
{"obj": {"type": "LogFloats", "path": ["monitoring", "154753b9", "gpu_memory"], "values": [{"value": 5.770751953125, "step": null, "ts": 1717596473.5331738}]}, "version": 130, "at": 1717596473.5416505}
{"obj": {"type": "LogFloats", "path": ["monitoring", "154753b9", "cpu"], "values": [{"value": 11.7, "step": null, "ts": 1717596473.728477}]}, "version": 131, "at": 1717596473.7339504}
{"obj": {"type": "LogFloats", "path": ["monitoring", "154753b9", "memory"], "values": [{"value": 22.553455352783203, "step": null, "ts": 1717596473.728477}]}, "version": 132, "at": 1717596473.7341087}
{"obj": {"type": "LogFloats", "path": ["monitoring", "154753b9", "gpu"], "values": [{"value": 17.0, "step": null, "ts": 1717596473.728477}]}, "version": 133, "at": 1717596473.734206}
{"obj": {"type": "LogFloats", "path": ["monitoring", "154753b9", "gpu_memory"], "values": [{"value": 5.770751953125, "step": null, "ts": 1717596473.728477}]}, "version": 134, "at": 1717596473.7342882}
{"obj": {"type": "LogFloats", "path": ["monitoring", "154753b9", "cpu"], "values": [{"value": 1.5, "step": null, "ts": 1717596473.932481}]}, "version": 135, "at": 1717596473.9337218}
{"obj": {"type": "LogFloats", "path": ["monitoring", "154753b9", "memory"], "values": [{"value": 22.57839584350586, "step": null, "ts": 1717596473.932481}]}, "version": 136, "at": 1717596473.9338827}
{"obj": {"type": "LogFloats", "path": ["monitoring", "154753b9", "gpu"], "values": [{"value": 17.0, "step": null, "ts": 1717596473.932481}]}, "version": 137, "at": 1717596473.933968}
{"obj": {"type": "LogFloats", "path": ["monitoring", "154753b9", "gpu_memory"], "values": [{"value": 5.770751953125, "step": null, "ts": 1717596473.932481}]}, "version": 138, "at": 1717596473.9340425}
{"obj": {"type": "LogFloats", "path": ["monitoring", "154753b9", "cpu"], "values": [{"value": 5.1, "step": null, "ts": 1717596474.1625714}]}, "version": 139, "at": 1717596474.1687005}
{"obj": {"type": "LogFloats", "path": ["monitoring", "154753b9", "memory"], "values": [{"value": 22.54041290283203, "step": null, "ts": 1717596474.1625714}]}, "version": 140, "at": 1717596474.16891}
{"obj": {"type": "LogFloats", "path": ["monitoring", "154753b9", "gpu_memory"], "values": [{"value": 5.770751953125, "step": null, "ts": 1717596474.1625714}]}, "version": 141, "at": 1717596474.1689918}
{"obj": {"type": "LogFloats", "path": ["monitoring", "154753b9", "cpu"], "values": [{"value": 3.8, "step": null, "ts": 1717596474.3641815}]}, "version": 142, "at": 1717596474.3702452}
{"obj": {"type": "LogFloats", "path": ["monitoring", "154753b9", "memory"], "values": [{"value": 22.556148529052734, "step": null, "ts": 1717596474.3641815}]}, "version": 143, "at": 1717596474.3716633}
{"obj": {"type": "LogFloats", "path": ["monitoring", "154753b9", "gpu"], "values": [{"value": 17.0, "step": null, "ts": 1717596474.3641815}]}, "version": 144, "at": 1717596474.37206}
{"obj": {"type": "LogFloats", "path": ["monitoring", "154753b9", "gpu_memory"], "values": [{"value": 5.770751953125, "step": null, "ts": 1717596474.3641815}]}, "version": 145, "at": 1717596474.3724785}
{"obj": {"type": "LogStrings", "path": ["monitoring", "154753b9", "stderr"], "values": [{"value": "/home/xxu002/snip-snl-pgd/snl_finetune_unstructured.py:185: TqdmExperimentalWarning: rich is experimental/alpha\n  for epoch in tqdm(range(args.epochs)):\n", "step": null, "ts": 1717596474.5013943}]}, "version": 146, "at": 1717596474.5014508}
{"obj": {"type": "LogStrings", "path": ["monitoring", "154753b9", "stdout"], "values": [{"value": "\u001b[?25l", "step": null, "ts": 1717596474.5030868}]}, "version": 147, "at": 1717596474.5031116}
{"obj": {"type": "LogStrings", "path": ["monitoring", "154753b9", "stdout"], "values": [{"value": "", "step": null, "ts": 1717596474.5051453}]}, "version": 148, "at": 1717596474.5051613}
{"obj": {"type": "LogStrings", "path": ["monitoring", "154753b9", "stdout"], "values": [{"value": "\r\u001b[2K\u001b[35m   0%\u001b[0m \u001b[38;5;237m\u2501\u2501\u2501\u2501\u2501\u2501\u2501\u2501\u2501\u2501\u2501\u2501\u2501\u2501\u2501\u2501\u2501\u2501\u2501\u2501\u2501\u2501\u2501\u2501\u2501\u2501\u2501\u2501\u2501\u2501\u2501\u2501\u2501\u2501\u2501\u2501\u2501\u2501\u2501\u2501\u2501\u2501\u2501\u2501\u2501\u2501\u2501\u2501\u2501\u2501\u2501\u2501\u2501\u2501\u2501\u2501\u2501\u2501\u2501\u2501\u2501\u2501\u2501\u2501\u2501\u2501\u2501\u2501\u2501\u2501\u2501\u2501\u2501\u2501\u2501\u2501\u2501\u2501\u2501\u2501\u2501\u2501\u2501\u2501\u2501\u2501\u2501\u2501\u2501\u2501\u2501\u2501\u2501\u2501\u2501\u2501\u2501\u2501\u2501\u2501\u2501\u2501\u2501\u2501\u2501\u2501\u2501\u2501\u2501\u2501\u2501\u2501\u2501\u2501\u2501\u2501\u2501\u2501\u2501\u2501\u2501\u2501\u2501\u2501\u2501\u2501\u2501\u2501\u2501\u2501\u2501\u2501\u2501\u2501\u2501\u2501\u2501\u2501\u2501\u2501\u2501\u2501\u2501\u2501\u2501\u2501\u2501\u2501\u2501\u2501\u2501\u2501\u2501\u2501\u2501\u001b[0m \u001b[32m0/300 \u001b[0m [ \u001b[33m0:00:00\u001b[0m < \u001b[36m-:--:--\u001b[0m , \u001b[31m? it/s\u001b[0m ]", "step": null, "ts": 1717596474.5052378}]}, "version": 149, "at": 1717596474.505251}
{"obj": {"type": "LogStrings", "path": ["monitoring", "154753b9", "stdout"], "values": [{"value": "\r\u001b[2K\u001b[35m   0%\u001b[0m \u001b[38;5;237m\u2501\u2501\u2501\u2501\u2501\u2501\u2501\u2501\u2501\u2501\u2501\u2501\u2501\u2501\u2501\u2501\u2501\u2501\u2501\u2501\u2501\u2501\u2501\u2501\u2501\u2501\u2501\u2501\u2501\u2501\u2501\u2501\u2501\u2501\u2501\u2501\u2501\u2501\u2501\u2501\u2501\u2501\u2501\u2501\u2501\u2501\u2501\u2501\u2501\u2501\u2501\u2501\u2501\u2501\u2501\u2501\u2501\u2501\u2501\u2501\u2501\u2501\u2501\u2501\u2501\u2501\u2501\u2501\u2501\u2501\u2501\u2501\u2501\u2501\u2501\u2501\u2501\u2501\u2501\u2501\u2501\u2501\u2501\u2501\u2501\u2501\u2501\u2501\u2501\u2501\u2501\u2501\u2501\u2501\u2501\u2501\u2501\u2501\u2501\u2501\u2501\u2501\u2501\u2501\u2501\u2501\u2501\u2501\u2501\u2501\u2501\u2501\u2501\u2501\u2501\u2501\u2501\u2501\u2501\u2501\u2501\u2501\u2501\u2501\u2501\u2501\u2501\u2501\u2501\u2501\u2501\u2501\u2501\u2501\u2501\u2501\u2501\u2501\u2501\u2501\u2501\u2501\u2501\u2501\u2501\u2501\u2501\u2501\u2501\u2501\u2501\u2501\u2501\u2501\u2501\u001b[0m \u001b[32m0/300 \u001b[0m [ \u001b[33m0:00:00\u001b[0m < \u001b[36m-:--:--\u001b[0m , \u001b[31m? it/s\u001b[0m ]", "step": null, "ts": 1717596474.6055748}]}, "version": 150, "at": 1717596474.605653}
{"obj": {"type": "LogStrings", "path": ["monitoring", "154753b9", "stdout"], "values": [{"value": "\r\u001b[2K\u001b[35m   0%\u001b[0m \u001b[38;5;237m\u2501\u2501\u2501\u2501\u2501\u2501\u2501\u2501\u2501\u2501\u2501\u2501\u2501\u2501\u2501\u2501\u2501\u2501\u2501\u2501\u2501\u2501\u2501\u2501\u2501\u2501\u2501\u2501\u2501\u2501\u2501\u2501\u2501\u2501\u2501\u2501\u2501\u2501\u2501\u2501\u2501\u2501\u2501\u2501\u2501\u2501\u2501\u2501\u2501\u2501\u2501\u2501\u2501\u2501\u2501\u2501\u2501\u2501\u2501\u2501\u2501\u2501\u2501\u2501\u2501\u2501\u2501\u2501\u2501\u2501\u2501\u2501\u2501\u2501\u2501\u2501\u2501\u2501\u2501\u2501\u2501\u2501\u2501\u2501\u2501\u2501\u2501\u2501\u2501\u2501\u2501\u2501\u2501\u2501\u2501\u2501\u2501\u2501\u2501\u2501\u2501\u2501\u2501\u2501\u2501\u2501\u2501\u2501\u2501\u2501\u2501\u2501\u2501\u2501\u2501\u2501\u2501\u2501\u2501\u2501\u2501\u2501\u2501\u2501\u2501\u2501\u2501\u2501\u2501\u2501\u2501\u2501\u2501\u2501\u2501\u2501\u2501\u2501\u2501\u2501\u2501\u2501\u2501\u2501\u2501\u2501\u2501\u2501\u2501\u2501\u2501\u2501\u2501\u2501\u2501\u001b[0m \u001b[32m0/300 \u001b[0m [ \u001b[33m0:00:00\u001b[0m < \u001b[36m-:--:--\u001b[0m , \u001b[31m? it/s\u001b[0m ]", "step": null, "ts": 1717596474.707399}]}, "version": 151, "at": 1717596474.7074404}
{"obj": {"type": "LogStrings", "path": ["monitoring", "154753b9", "stdout"], "values": [{"value": "\r\u001b[2K\u001b[35m   0%\u001b[0m \u001b[38;5;237m\u2501\u2501\u2501\u2501\u2501\u2501\u2501\u2501\u2501\u2501\u2501\u2501\u2501\u2501\u2501\u2501\u2501\u2501\u2501\u2501\u2501\u2501\u2501\u2501\u2501\u2501\u2501\u2501\u2501\u2501\u2501\u2501\u2501\u2501\u2501\u2501\u2501\u2501\u2501\u2501\u2501\u2501\u2501\u2501\u2501\u2501\u2501\u2501\u2501\u2501\u2501\u2501\u2501\u2501\u2501\u2501\u2501\u2501\u2501\u2501\u2501\u2501\u2501\u2501\u2501\u2501\u2501\u2501\u2501\u2501\u2501\u2501\u2501\u2501\u2501\u2501\u2501\u2501\u2501\u2501\u2501\u2501\u2501\u2501\u2501\u2501\u2501\u2501\u2501\u2501\u2501\u2501\u2501\u2501\u2501\u2501\u2501\u2501\u2501\u2501\u2501\u2501\u2501\u2501\u2501\u2501\u2501\u2501\u2501\u2501\u2501\u2501\u2501\u2501\u2501\u2501\u2501\u2501\u2501\u2501\u2501\u2501\u2501\u2501\u2501\u2501\u2501\u2501\u2501\u2501\u2501\u2501\u2501\u2501\u2501\u2501\u2501\u2501\u2501\u2501\u2501\u2501\u2501\u2501\u2501\u2501\u2501\u2501\u2501\u2501\u2501\u2501\u2501\u2501\u2501\u001b[0m \u001b[32m0/300 \u001b[0m [ \u001b[33m0:00:00\u001b[0m < \u001b[36m-:--:--\u001b[0m , \u001b[31m? it/s\u001b[0m ]", "step": null, "ts": 1717596474.8092985}]}, "version": 152, "at": 1717596474.8093386}
{"obj": {"type": "LogStrings", "path": ["monitoring", "154753b9", "stdout"], "values": [{"value": "\r\u001b[2K\u001b[35m   0%\u001b[0m \u001b[38;5;237m\u2501\u2501\u2501\u2501\u2501\u2501\u2501\u2501\u2501\u2501\u2501\u2501\u2501\u2501\u2501\u2501\u2501\u2501\u2501\u2501\u2501\u2501\u2501\u2501\u2501\u2501\u2501\u2501\u2501\u2501\u2501\u2501\u2501\u2501\u2501\u2501\u2501\u2501\u2501\u2501\u2501\u2501\u2501\u2501\u2501\u2501\u2501\u2501\u2501\u2501\u2501\u2501\u2501\u2501\u2501\u2501\u2501\u2501\u2501\u2501\u2501\u2501\u2501\u2501\u2501\u2501\u2501\u2501\u2501\u2501\u2501\u2501\u2501\u2501\u2501\u2501\u2501\u2501\u2501\u2501\u2501\u2501\u2501\u2501\u2501\u2501\u2501\u2501\u2501\u2501\u2501\u2501\u2501\u2501\u2501\u2501\u2501\u2501\u2501\u2501\u2501\u2501\u2501\u2501\u2501\u2501\u2501\u2501\u2501\u2501\u2501\u2501\u2501\u2501\u2501\u2501\u2501\u2501\u2501\u2501\u2501\u2501\u2501\u2501\u2501\u2501\u2501\u2501\u2501\u2501\u2501\u2501\u2501\u2501\u2501\u2501\u2501\u2501\u2501\u2501\u2501\u2501\u2501\u2501\u2501\u2501\u2501\u2501\u2501\u2501\u2501\u2501\u2501\u2501\u2501\u001b[0m \u001b[32m0/300 \u001b[0m [ \u001b[33m0:00:00\u001b[0m < \u001b[36m-:--:--\u001b[0m , \u001b[31m? it/s\u001b[0m ]", "step": null, "ts": 1717596474.9113762}]}, "version": 153, "at": 1717596474.9114156}
{"obj": {"type": "LogStrings", "path": ["monitoring", "154753b9", "stdout"], "values": [{"value": "\r\u001b[2K\u001b[35m   0%\u001b[0m \u001b[38;5;237m\u2501\u2501\u2501\u2501\u2501\u2501\u2501\u2501\u2501\u2501\u2501\u2501\u2501\u2501\u2501\u2501\u2501\u2501\u2501\u2501\u2501\u2501\u2501\u2501\u2501\u2501\u2501\u2501\u2501\u2501\u2501\u2501\u2501\u2501\u2501\u2501\u2501\u2501\u2501\u2501\u2501\u2501\u2501\u2501\u2501\u2501\u2501\u2501\u2501\u2501\u2501\u2501\u2501\u2501\u2501\u2501\u2501\u2501\u2501\u2501\u2501\u2501\u2501\u2501\u2501\u2501\u2501\u2501\u2501\u2501\u2501\u2501\u2501\u2501\u2501\u2501\u2501\u2501\u2501\u2501\u2501\u2501\u2501\u2501\u2501\u2501\u2501\u2501\u2501\u2501\u2501\u2501\u2501\u2501\u2501\u2501\u2501\u2501\u2501\u2501\u2501\u2501\u2501\u2501\u2501\u2501\u2501\u2501\u2501\u2501\u2501\u2501\u2501\u2501\u2501\u2501\u2501\u2501\u2501\u2501\u2501\u2501\u2501\u2501\u2501\u2501\u2501\u2501\u2501\u2501\u2501\u2501\u2501\u2501\u2501\u2501\u2501\u2501\u2501\u2501\u2501\u2501\u2501\u2501\u2501\u2501\u2501\u2501\u2501\u2501\u2501\u2501\u2501\u2501\u2501\u001b[0m \u001b[32m0/300 \u001b[0m [ \u001b[33m0:00:00\u001b[0m < \u001b[36m-:--:--\u001b[0m , \u001b[31m? it/s\u001b[0m ]", "step": null, "ts": 1717596475.012908}]}, "version": 154, "at": 1717596475.012931}
{"obj": {"type": "LogStrings", "path": ["monitoring", "154753b9", "stdout"], "values": [{"value": "\r\u001b[2K\u001b[35m   0%\u001b[0m \u001b[38;5;237m\u2501\u2501\u2501\u2501\u2501\u2501\u2501\u2501\u2501\u2501\u2501\u2501\u2501\u2501\u2501\u2501\u2501\u2501\u2501\u2501\u2501\u2501\u2501\u2501\u2501\u2501\u2501\u2501\u2501\u2501\u2501\u2501\u2501\u2501\u2501\u2501\u2501\u2501\u2501\u2501\u2501\u2501\u2501\u2501\u2501\u2501\u2501\u2501\u2501\u2501\u2501\u2501\u2501\u2501\u2501\u2501\u2501\u2501\u2501\u2501\u2501\u2501\u2501\u2501\u2501\u2501\u2501\u2501\u2501\u2501\u2501\u2501\u2501\u2501\u2501\u2501\u2501\u2501\u2501\u2501\u2501\u2501\u2501\u2501\u2501\u2501\u2501\u2501\u2501\u2501\u2501\u2501\u2501\u2501\u2501\u2501\u2501\u2501\u2501\u2501\u2501\u2501\u2501\u2501\u2501\u2501\u2501\u2501\u2501\u2501\u2501\u2501\u2501\u2501\u2501\u2501\u2501\u2501\u2501\u2501\u2501\u2501\u2501\u2501\u2501\u2501\u2501\u2501\u2501\u2501\u2501\u2501\u2501\u2501\u2501\u2501\u2501\u2501\u2501\u2501\u2501\u2501\u2501\u2501\u2501\u2501\u2501\u2501\u2501\u2501\u2501\u2501\u2501\u2501\u2501\u001b[0m \u001b[32m0/300 \u001b[0m [ \u001b[33m0:00:00\u001b[0m < \u001b[36m-:--:--\u001b[0m , \u001b[31m? it/s\u001b[0m ]", "step": null, "ts": 1717596475.1147768}]}, "version": 155, "at": 1717596475.1148112}
{"obj": {"type": "LogStrings", "path": ["monitoring", "154753b9", "stdout"], "values": [{"value": "\r\u001b[2K\u001b[35m   0%\u001b[0m \u001b[38;5;237m\u2501\u2501\u2501\u2501\u2501\u2501\u2501\u2501\u2501\u2501\u2501\u2501\u2501\u2501\u2501\u2501\u2501\u2501\u2501\u2501\u2501\u2501\u2501\u2501\u2501\u2501\u2501\u2501\u2501\u2501\u2501\u2501\u2501\u2501\u2501\u2501\u2501\u2501\u2501\u2501\u2501\u2501\u2501\u2501\u2501\u2501\u2501\u2501\u2501\u2501\u2501\u2501\u2501\u2501\u2501\u2501\u2501\u2501\u2501\u2501\u2501\u2501\u2501\u2501\u2501\u2501\u2501\u2501\u2501\u2501\u2501\u2501\u2501\u2501\u2501\u2501\u2501\u2501\u2501\u2501\u2501\u2501\u2501\u2501\u2501\u2501\u2501\u2501\u2501\u2501\u2501\u2501\u2501\u2501\u2501\u2501\u2501\u2501\u2501\u2501\u2501\u2501\u2501\u2501\u2501\u2501\u2501\u2501\u2501\u2501\u2501\u2501\u2501\u2501\u2501\u2501\u2501\u2501\u2501\u2501\u2501\u2501\u2501\u2501\u2501\u2501\u2501\u2501\u2501\u2501\u2501\u2501\u2501\u2501\u2501\u2501\u2501\u2501\u2501\u2501\u2501\u2501\u2501\u2501\u2501\u2501\u2501\u2501\u2501\u2501\u2501\u2501\u2501\u2501\u2501\u001b[0m \u001b[32m0/300 \u001b[0m [ \u001b[33m0:00:00\u001b[0m < \u001b[36m-:--:--\u001b[0m , \u001b[31m? it/s\u001b[0m ]", "step": null, "ts": 1717596475.216514}]}, "version": 156, "at": 1717596475.2165468}
{"obj": {"type": "LogStrings", "path": ["monitoring", "154753b9", "stdout"], "values": [{"value": "\r\u001b[2K\u001b[35m   0%\u001b[0m \u001b[38;5;237m\u2501\u2501\u2501\u2501\u2501\u2501\u2501\u2501\u2501\u2501\u2501\u2501\u2501\u2501\u2501\u2501\u2501\u2501\u2501\u2501\u2501\u2501\u2501\u2501\u2501\u2501\u2501\u2501\u2501\u2501\u2501\u2501\u2501\u2501\u2501\u2501\u2501\u2501\u2501\u2501\u2501\u2501\u2501\u2501\u2501\u2501\u2501\u2501\u2501\u2501\u2501\u2501\u2501\u2501\u2501\u2501\u2501\u2501\u2501\u2501\u2501\u2501\u2501\u2501\u2501\u2501\u2501\u2501\u2501\u2501\u2501\u2501\u2501\u2501\u2501\u2501\u2501\u2501\u2501\u2501\u2501\u2501\u2501\u2501\u2501\u2501\u2501\u2501\u2501\u2501\u2501\u2501\u2501\u2501\u2501\u2501\u2501\u2501\u2501\u2501\u2501\u2501\u2501\u2501\u2501\u2501\u2501\u2501\u2501\u2501\u2501\u2501\u2501\u2501\u2501\u2501\u2501\u2501\u2501\u2501\u2501\u2501\u2501\u2501\u2501\u2501\u2501\u2501\u2501\u2501\u2501\u2501\u2501\u2501\u2501\u2501\u2501\u2501\u2501\u2501\u2501\u2501\u2501\u2501\u2501\u2501\u2501\u2501\u2501\u2501\u2501\u2501\u2501\u2501\u2501\u001b[0m \u001b[32m0/300 \u001b[0m [ \u001b[33m0:00:00\u001b[0m < \u001b[36m-:--:--\u001b[0m , \u001b[31m? it/s\u001b[0m ]", "step": null, "ts": 1717596475.318239}]}, "version": 157, "at": 1717596475.318274}
{"obj": {"type": "LogStrings", "path": ["monitoring", "154753b9", "stdout"], "values": [{"value": "\r\u001b[2K\u001b[35m   0%\u001b[0m \u001b[38;5;237m\u2501\u2501\u2501\u2501\u2501\u2501\u2501\u2501\u2501\u2501\u2501\u2501\u2501\u2501\u2501\u2501\u2501\u2501\u2501\u2501\u2501\u2501\u2501\u2501\u2501\u2501\u2501\u2501\u2501\u2501\u2501\u2501\u2501\u2501\u2501\u2501\u2501\u2501\u2501\u2501\u2501\u2501\u2501\u2501\u2501\u2501\u2501\u2501\u2501\u2501\u2501\u2501\u2501\u2501\u2501\u2501\u2501\u2501\u2501\u2501\u2501\u2501\u2501\u2501\u2501\u2501\u2501\u2501\u2501\u2501\u2501\u2501\u2501\u2501\u2501\u2501\u2501\u2501\u2501\u2501\u2501\u2501\u2501\u2501\u2501\u2501\u2501\u2501\u2501\u2501\u2501\u2501\u2501\u2501\u2501\u2501\u2501\u2501\u2501\u2501\u2501\u2501\u2501\u2501\u2501\u2501\u2501\u2501\u2501\u2501\u2501\u2501\u2501\u2501\u2501\u2501\u2501\u2501\u2501\u2501\u2501\u2501\u2501\u2501\u2501\u2501\u2501\u2501\u2501\u2501\u2501\u2501\u2501\u2501\u2501\u2501\u2501\u2501\u2501\u2501\u2501\u2501\u2501\u2501\u2501\u2501\u2501\u2501\u2501\u2501\u2501\u2501\u2501\u2501\u2501\u001b[0m \u001b[32m0/300 \u001b[0m [ \u001b[33m0:00:00\u001b[0m < \u001b[36m-:--:--\u001b[0m , \u001b[31m? it/s\u001b[0m ]", "step": null, "ts": 1717596475.4199896}]}, "version": 158, "at": 1717596475.4200404}
{"obj": {"type": "LogStrings", "path": ["monitoring", "154753b9", "stdout"], "values": [{"value": "\r\u001b[2K\u001b[35m   0%\u001b[0m \u001b[38;5;237m\u2501\u2501\u2501\u2501\u2501\u2501\u2501\u2501\u2501\u2501\u2501\u2501\u2501\u2501\u2501\u2501\u2501\u2501\u2501\u2501\u2501\u2501\u2501\u2501\u2501\u2501\u2501\u2501\u2501\u2501\u2501\u2501\u2501\u2501\u2501\u2501\u2501\u2501\u2501\u2501\u2501\u2501\u2501\u2501\u2501\u2501\u2501\u2501\u2501\u2501\u2501\u2501\u2501\u2501\u2501\u2501\u2501\u2501\u2501\u2501\u2501\u2501\u2501\u2501\u2501\u2501\u2501\u2501\u2501\u2501\u2501\u2501\u2501\u2501\u2501\u2501\u2501\u2501\u2501\u2501\u2501\u2501\u2501\u2501\u2501\u2501\u2501\u2501\u2501\u2501\u2501\u2501\u2501\u2501\u2501\u2501\u2501\u2501\u2501\u2501\u2501\u2501\u2501\u2501\u2501\u2501\u2501\u2501\u2501\u2501\u2501\u2501\u2501\u2501\u2501\u2501\u2501\u2501\u2501\u2501\u2501\u2501\u2501\u2501\u2501\u2501\u2501\u2501\u2501\u2501\u2501\u2501\u2501\u2501\u2501\u2501\u2501\u2501\u2501\u2501\u2501\u2501\u2501\u2501\u2501\u2501\u2501\u2501\u2501\u2501\u2501\u2501\u2501\u2501\u2501\u001b[0m \u001b[32m0/300 \u001b[0m [ \u001b[33m0:00:01\u001b[0m < \u001b[36m-:--:--\u001b[0m , \u001b[31m? it/s\u001b[0m ]", "step": null, "ts": 1717596475.5217586}]}, "version": 159, "at": 1717596475.521786}
{"obj": {"type": "LogStrings", "path": ["monitoring", "154753b9", "stdout"], "values": [{"value": "\r\u001b[2K\u001b[35m   0%\u001b[0m \u001b[38;5;237m\u2501\u2501\u2501\u2501\u2501\u2501\u2501\u2501\u2501\u2501\u2501\u2501\u2501\u2501\u2501\u2501\u2501\u2501\u2501\u2501\u2501\u2501\u2501\u2501\u2501\u2501\u2501\u2501\u2501\u2501\u2501\u2501\u2501\u2501\u2501\u2501\u2501\u2501\u2501\u2501\u2501\u2501\u2501\u2501\u2501\u2501\u2501\u2501\u2501\u2501\u2501\u2501\u2501\u2501\u2501\u2501\u2501\u2501\u2501\u2501\u2501\u2501\u2501\u2501\u2501\u2501\u2501\u2501\u2501\u2501\u2501\u2501\u2501\u2501\u2501\u2501\u2501\u2501\u2501\u2501\u2501\u2501\u2501\u2501\u2501\u2501\u2501\u2501\u2501\u2501\u2501\u2501\u2501\u2501\u2501\u2501\u2501\u2501\u2501\u2501\u2501\u2501\u2501\u2501\u2501\u2501\u2501\u2501\u2501\u2501\u2501\u2501\u2501\u2501\u2501\u2501\u2501\u2501\u2501\u2501\u2501\u2501\u2501\u2501\u2501\u2501\u2501\u2501\u2501\u2501\u2501\u2501\u2501\u2501\u2501\u2501\u2501\u2501\u2501\u2501\u2501\u2501\u2501\u2501\u2501\u2501\u2501\u2501\u2501\u2501\u2501\u2501\u2501\u2501\u2501\u001b[0m \u001b[32m0/300 \u001b[0m [ \u001b[33m0:00:01\u001b[0m < \u001b[36m-:--:--\u001b[0m , \u001b[31m? it/s\u001b[0m ]", "step": null, "ts": 1717596475.6235359}]}, "version": 160, "at": 1717596475.6235697}
{"obj": {"type": "LogStrings", "path": ["monitoring", "154753b9", "stdout"], "values": [{"value": "\r\u001b[2K\u001b[35m   0%\u001b[0m \u001b[38;5;237m\u2501\u2501\u2501\u2501\u2501\u2501\u2501\u2501\u2501\u2501\u2501\u2501\u2501\u2501\u2501\u2501\u2501\u2501\u2501\u2501\u2501\u2501\u2501\u2501\u2501\u2501\u2501\u2501\u2501\u2501\u2501\u2501\u2501\u2501\u2501\u2501\u2501\u2501\u2501\u2501\u2501\u2501\u2501\u2501\u2501\u2501\u2501\u2501\u2501\u2501\u2501\u2501\u2501\u2501\u2501\u2501\u2501\u2501\u2501\u2501\u2501\u2501\u2501\u2501\u2501\u2501\u2501\u2501\u2501\u2501\u2501\u2501\u2501\u2501\u2501\u2501\u2501\u2501\u2501\u2501\u2501\u2501\u2501\u2501\u2501\u2501\u2501\u2501\u2501\u2501\u2501\u2501\u2501\u2501\u2501\u2501\u2501\u2501\u2501\u2501\u2501\u2501\u2501\u2501\u2501\u2501\u2501\u2501\u2501\u2501\u2501\u2501\u2501\u2501\u2501\u2501\u2501\u2501\u2501\u2501\u2501\u2501\u2501\u2501\u2501\u2501\u2501\u2501\u2501\u2501\u2501\u2501\u2501\u2501\u2501\u2501\u2501\u2501\u2501\u2501\u2501\u2501\u2501\u2501\u2501\u2501\u2501\u2501\u2501\u2501\u2501\u2501\u2501\u2501\u2501\u001b[0m \u001b[32m0/300 \u001b[0m [ \u001b[33m0:00:01\u001b[0m < \u001b[36m-:--:--\u001b[0m , \u001b[31m? it/s\u001b[0m ]", "step": null, "ts": 1717596475.7252657}]}, "version": 161, "at": 1717596475.725295}
{"obj": {"type": "LogStrings", "path": ["monitoring", "154753b9", "stdout"], "values": [{"value": "\r\u001b[2K\u001b[35m   0%\u001b[0m \u001b[38;5;237m\u2501\u2501\u2501\u2501\u2501\u2501\u2501\u2501\u2501\u2501\u2501\u2501\u2501\u2501\u2501\u2501\u2501\u2501\u2501\u2501\u2501\u2501\u2501\u2501\u2501\u2501\u2501\u2501\u2501\u2501\u2501\u2501\u2501\u2501\u2501\u2501\u2501\u2501\u2501\u2501\u2501\u2501\u2501\u2501\u2501\u2501\u2501\u2501\u2501\u2501\u2501\u2501\u2501\u2501\u2501\u2501\u2501\u2501\u2501\u2501\u2501\u2501\u2501\u2501\u2501\u2501\u2501\u2501\u2501\u2501\u2501\u2501\u2501\u2501\u2501\u2501\u2501\u2501\u2501\u2501\u2501\u2501\u2501\u2501\u2501\u2501\u2501\u2501\u2501\u2501\u2501\u2501\u2501\u2501\u2501\u2501\u2501\u2501\u2501\u2501\u2501\u2501\u2501\u2501\u2501\u2501\u2501\u2501\u2501\u2501\u2501\u2501\u2501\u2501\u2501\u2501\u2501\u2501\u2501\u2501\u2501\u2501\u2501\u2501\u2501\u2501\u2501\u2501\u2501\u2501\u2501\u2501\u2501\u2501\u2501\u2501\u2501\u2501\u2501\u2501\u2501\u2501\u2501\u2501\u2501\u2501\u2501\u2501\u2501\u2501\u2501\u2501\u2501\u2501\u2501\u001b[0m \u001b[32m0/300 \u001b[0m [ \u001b[33m0:00:01\u001b[0m < \u001b[36m-:--:--\u001b[0m , \u001b[31m? it/s\u001b[0m ]", "step": null, "ts": 1717596475.827039}]}, "version": 162, "at": 1717596475.8270686}
{"obj": {"type": "LogStrings", "path": ["monitoring", "154753b9", "stdout"], "values": [{"value": "\r\u001b[2K\u001b[35m   0%\u001b[0m \u001b[38;5;237m\u2501\u2501\u2501\u2501\u2501\u2501\u2501\u2501\u2501\u2501\u2501\u2501\u2501\u2501\u2501\u2501\u2501\u2501\u2501\u2501\u2501\u2501\u2501\u2501\u2501\u2501\u2501\u2501\u2501\u2501\u2501\u2501\u2501\u2501\u2501\u2501\u2501\u2501\u2501\u2501\u2501\u2501\u2501\u2501\u2501\u2501\u2501\u2501\u2501\u2501\u2501\u2501\u2501\u2501\u2501\u2501\u2501\u2501\u2501\u2501\u2501\u2501\u2501\u2501\u2501\u2501\u2501\u2501\u2501\u2501\u2501\u2501\u2501\u2501\u2501\u2501\u2501\u2501\u2501\u2501\u2501\u2501\u2501\u2501\u2501\u2501\u2501\u2501\u2501\u2501\u2501\u2501\u2501\u2501\u2501\u2501\u2501\u2501\u2501\u2501\u2501\u2501\u2501\u2501\u2501\u2501\u2501\u2501\u2501\u2501\u2501\u2501\u2501\u2501\u2501\u2501\u2501\u2501\u2501\u2501\u2501\u2501\u2501\u2501\u2501\u2501\u2501\u2501\u2501\u2501\u2501\u2501\u2501\u2501\u2501\u2501\u2501\u2501\u2501\u2501\u2501\u2501\u2501\u2501\u2501\u2501\u2501\u2501\u2501\u2501\u2501\u2501\u2501\u2501\u2501\u001b[0m \u001b[32m0/300 \u001b[0m [ \u001b[33m0:00:01\u001b[0m < \u001b[36m-:--:--\u001b[0m , \u001b[31m? it/s\u001b[0m ]", "step": null, "ts": 1717596475.928748}]}, "version": 163, "at": 1717596475.9287827}
{"obj": {"type": "LogStrings", "path": ["monitoring", "154753b9", "stdout"], "values": [{"value": "\r\u001b[2K\u001b[35m   0%\u001b[0m \u001b[38;5;237m\u2501\u2501\u2501\u2501\u2501\u2501\u2501\u2501\u2501\u2501\u2501\u2501\u2501\u2501\u2501\u2501\u2501\u2501\u2501\u2501\u2501\u2501\u2501\u2501\u2501\u2501\u2501\u2501\u2501\u2501\u2501\u2501\u2501\u2501\u2501\u2501\u2501\u2501\u2501\u2501\u2501\u2501\u2501\u2501\u2501\u2501\u2501\u2501\u2501\u2501\u2501\u2501\u2501\u2501\u2501\u2501\u2501\u2501\u2501\u2501\u2501\u2501\u2501\u2501\u2501\u2501\u2501\u2501\u2501\u2501\u2501\u2501\u2501\u2501\u2501\u2501\u2501\u2501\u2501\u2501\u2501\u2501\u2501\u2501\u2501\u2501\u2501\u2501\u2501\u2501\u2501\u2501\u2501\u2501\u2501\u2501\u2501\u2501\u2501\u2501\u2501\u2501\u2501\u2501\u2501\u2501\u2501\u2501\u2501\u2501\u2501\u2501\u2501\u2501\u2501\u2501\u2501\u2501\u2501\u2501\u2501\u2501\u2501\u2501\u2501\u2501\u2501\u2501\u2501\u2501\u2501\u2501\u2501\u2501\u2501\u2501\u2501\u2501\u2501\u2501\u2501\u2501\u2501\u2501\u2501\u2501\u2501\u2501\u2501\u2501\u2501\u2501\u2501\u2501\u2501\u001b[0m \u001b[32m0/300 \u001b[0m [ \u001b[33m0:00:01\u001b[0m < \u001b[36m-:--:--\u001b[0m , \u001b[31m? it/s\u001b[0m ]", "step": null, "ts": 1717596476.030488}]}, "version": 164, "at": 1717596476.0305214}
{"obj": {"type": "LogStrings", "path": ["monitoring", "154753b9", "stdout"], "values": [{"value": "\r\u001b[2K\u001b[35m   0%\u001b[0m \u001b[38;5;237m\u2501\u2501\u2501\u2501\u2501\u2501\u2501\u2501\u2501\u2501\u2501\u2501\u2501\u2501\u2501\u2501\u2501\u2501\u2501\u2501\u2501\u2501\u2501\u2501\u2501\u2501\u2501\u2501\u2501\u2501\u2501\u2501\u2501\u2501\u2501\u2501\u2501\u2501\u2501\u2501\u2501\u2501\u2501\u2501\u2501\u2501\u2501\u2501\u2501\u2501\u2501\u2501\u2501\u2501\u2501\u2501\u2501\u2501\u2501\u2501\u2501\u2501\u2501\u2501\u2501\u2501\u2501\u2501\u2501\u2501\u2501\u2501\u2501\u2501\u2501\u2501\u2501\u2501\u2501\u2501\u2501\u2501\u2501\u2501\u2501\u2501\u2501\u2501\u2501\u2501\u2501\u2501\u2501\u2501\u2501\u2501\u2501\u2501\u2501\u2501\u2501\u2501\u2501\u2501\u2501\u2501\u2501\u2501\u2501\u2501\u2501\u2501\u2501\u2501\u2501\u2501\u2501\u2501\u2501\u2501\u2501\u2501\u2501\u2501\u2501\u2501\u2501\u2501\u2501\u2501\u2501\u2501\u2501\u2501\u2501\u2501\u2501\u2501\u2501\u2501\u2501\u2501\u2501\u2501\u2501\u2501\u2501\u2501\u2501\u2501\u2501\u2501\u2501\u2501\u2501\u001b[0m \u001b[32m0/300 \u001b[0m [ \u001b[33m0:00:01\u001b[0m < \u001b[36m-:--:--\u001b[0m , \u001b[31m? it/s\u001b[0m ]", "step": null, "ts": 1717596476.1321642}]}, "version": 165, "at": 1717596476.1321967}
