{"obj": {"type": "AssignString", "path": ["sys", "name"], "value": "Untitled"}, "version": 1, "at": 1717596363.6614885}
{"obj": {"type": "AssignString", "path": ["sys", "description"], "value": ""}, "version": 2, "at": 1717596363.6617017}
{"obj": {"type": "AssignString", "path": ["monitoring", "8634a6b9", "hostname"], "value": "sn4622120131"}, "version": 3, "at": 1717596363.6617954}
{"obj": {"type": "AssignString", "path": ["sys", "hostname"], "value": "sn4622120131"}, "version": 4, "at": 1717596363.661863}
{"obj": {"type": "AssignString", "path": ["monitoring", "8634a6b9", "pid"], "value": "2703018"}, "version": 5, "at": 1717596363.6619334}
{"obj": {"type": "AssignString", "path": ["monitoring", "8634a6b9", "tid"], "value": "139900195944256"}, "version": 6, "at": 1717596363.661998}
{"obj": {"type": "AssignBool", "path": ["sys", "failed"], "value": false}, "version": 7, "at": 1717596363.6620607}
{"obj": {"type": "ClearStringLog", "path": ["monitoring", "8634a6b9", "stdout"]}, "version": 8, "at": 1717596363.662155}
{"obj": {"type": "ClearStringLog", "path": ["monitoring", "8634a6b9", "stderr"]}, "version": 9, "at": 1717596363.6622128}
{"obj": {"type": "AssignString", "path": ["source_code", "entrypoint"], "value": "snl_finetune_unstructured.py"}, "version": 10, "at": 1717596363.6624203}
{"obj": {"type": "UploadFileSet", "path": ["source_code", "files"], "file_globs": ["/home/xxu002/snip-snl-pgd/snl_finetune_unstructured.py"], "reset": "False"}, "version": 11, "at": 1717596363.662509}
{"obj": {"type": "UploadFile", "path": ["source_code", "diff"], "ext": "patch", "file_path": null, "tmp_file_name": "source_code_diff-1717596363.689231-2024-06-05_10.06.03.689231.patch", "clean_after_upload": false}, "version": 12, "at": 1717596363.6897237}
{"obj": {"type": "ConfigFloatSeries", "path": ["monitoring", "8634a6b9", "cpu"], "min": 0.0, "max": 100.0, "unit": "%"}, "version": 13, "at": 1717596363.6966121}
{"obj": {"type": "ClearFloatLog", "path": ["monitoring", "8634a6b9", "cpu"]}, "version": 14, "at": 1717596363.6966777}
{"obj": {"type": "ConfigFloatSeries", "path": ["monitoring", "8634a6b9", "memory"], "min": 0.0, "max": 440.5097770690918, "unit": "GB"}, "version": 15, "at": 1717596363.6967554}
{"obj": {"type": "ClearFloatLog", "path": ["monitoring", "8634a6b9", "memory"]}, "version": 16, "at": 1717596363.6967967}
{"obj": {"type": "ConfigFloatSeries", "path": ["monitoring", "8634a6b9", "gpu"], "min": 0.0, "max": 100.0, "unit": "%"}, "version": 17, "at": 1717596363.6968658}
{"obj": {"type": "ClearFloatLog", "path": ["monitoring", "8634a6b9", "gpu"]}, "version": 18, "at": 1717596363.6969006}
{"obj": {"type": "ConfigFloatSeries", "path": ["monitoring", "8634a6b9", "gpu_memory"], "min": 0.0, "max": 47.98828125, "unit": "GB"}, "version": 19, "at": 1717596363.6969633}
{"obj": {"type": "ClearFloatLog", "path": ["monitoring", "8634a6b9", "gpu_memory"]}, "version": 20, "at": 1717596363.6969948}
{"obj": {"type": "LogStrings", "path": ["monitoring", "8634a6b9", "stdout"], "values": [{"value": "\rHyperparameter List", "step": null, "ts": 1717596363.6989198}]}, "version": 21, "at": 1717596363.698982}
{"obj": {"type": "LogFloats", "path": ["monitoring", "8634a6b9", "cpu"], "values": [{"value": 2.1, "step": null, "ts": 1717596363.697189}]}, "version": 22, "at": 1717596363.6996856}
{"obj": {"type": "LogFloats", "path": ["monitoring", "8634a6b9", "memory"], "values": [{"value": 21.503536224365234, "step": null, "ts": 1717596363.697189}]}, "version": 23, "at": 1717596363.699773}
{"obj": {"type": "LogFloats", "path": ["monitoring", "8634a6b9", "gpu_memory"], "values": [{"value": 1.3900146484375, "step": null, "ts": 1717596363.697189}]}, "version": 24, "at": 1717596363.6998363}
{"obj": {"type": "LogStrings", "path": ["monitoring", "8634a6b9", "stdout"], "values": [{"value": "\rFinetune Epochs: 100", "step": null, "ts": 1717596363.6999552}]}, "version": 25, "at": 1717596363.6999679}
{"obj": {"type": "LogStrings", "path": ["monitoring", "8634a6b9", "stdout"], "values": [{"value": "\rLearning Rate: 0.001", "step": null, "ts": 1717596363.7005105}]}, "version": 26, "at": 1717596363.7005217}
{"obj": {"type": "LogStrings", "path": ["monitoring", "8634a6b9", "stdout"], "values": [{"value": "\rAlpha: 1e-05", "step": null, "ts": 1717596363.7010558}]}, "version": 27, "at": 1717596363.7010694}
{"obj": {"type": "LogStrings", "path": ["monitoring", "8634a6b9", "stdout"], "values": [{"value": "\rReLU Budget: 45000", "step": null, "ts": 1717596363.7016165}]}, "version": 28, "at": 1717596363.701629}
{"obj": {"type": "LogStrings", "path": ["monitoring", "8634a6b9", "stdout"], "values": [{"value": "Files already downloaded and verified", "step": null, "ts": 1717596363.937122}]}, "version": 29, "at": 1717596363.9371736}
{"obj": {"type": "LogStrings", "path": ["monitoring", "8634a6b9", "stdout"], "values": [{"value": "\n", "step": null, "ts": 1717596363.9373686}]}, "version": 30, "at": 1717596363.9373946}
{"obj": {"type": "LogStrings", "path": ["monitoring", "8634a6b9", "stdout"], "values": [{"value": "Files already downloaded and verified", "step": null, "ts": 1717596364.628089}]}, "version": 31, "at": 1717596364.6281538}
{"obj": {"type": "LogStrings", "path": ["monitoring", "8634a6b9", "stdout"], "values": [{"value": "\n", "step": null, "ts": 1717596364.628363}]}, "version": 32, "at": 1717596364.6283896}
{"obj": {"type": "LogStrings", "path": ["monitoring", "8634a6b9", "stdout"], "values": [{"value": "CIFAR10/100 Setting", "step": null, "ts": 1717596364.899864}]}, "version": 33, "at": 1717596364.899901}
{"obj": {"type": "LogStrings", "path": ["monitoring", "8634a6b9", "stdout"], "values": [{"value": "\n", "step": null, "ts": 1717596364.9000719}]}, "version": 34, "at": 1717596364.9000976}
{"obj": {"type": "LogStrings", "path": ["monitoring", "8634a6b9", "stdout"], "values": [{"value": "\rLoaded the base_classifier", "step": null, "ts": 1717596365.171817}]}, "version": 35, "at": 1717596365.1718554}
{"obj": {"type": "LogFloats", "path": ["monitoring", "8634a6b9", "cpu"], "values": [{"value": 5.9, "step": null, "ts": 1717596365.1859107}]}, "version": 36, "at": 1717596365.1898386}
{"obj": {"type": "LogFloats", "path": ["monitoring", "8634a6b9", "memory"], "values": [{"value": 22.60828399658203, "step": null, "ts": 1717596365.1859107}]}, "version": 37, "at": 1717596365.190015}
{"obj": {"type": "LogFloats", "path": ["monitoring", "8634a6b9", "gpu"], "values": [{"value": 27.0, "step": null, "ts": 1717596365.1859107}]}, "version": 38, "at": 1717596365.1900947}
{"obj": {"type": "LogFloats", "path": ["monitoring", "8634a6b9", "gpu_memory"], "values": [{"value": 2.74627685546875, "step": null, "ts": 1717596365.1859107}]}, "version": 39, "at": 1717596365.190165}
{"obj": {"type": "LogFloats", "path": ["monitoring", "8634a6b9", "cpu"], "values": [{"value": 6.0, "step": null, "ts": 1717596365.499536}]}, "version": 40, "at": 1717596365.5062397}
{"obj": {"type": "LogFloats", "path": ["monitoring", "8634a6b9", "memory"], "values": [{"value": 22.65127182006836, "step": null, "ts": 1717596365.499536}]}, "version": 41, "at": 1717596365.506396}
{"obj": {"type": "LogFloats", "path": ["monitoring", "8634a6b9", "gpu"], "values": [{"value": 8.0, "step": null, "ts": 1717596365.499536}]}, "version": 42, "at": 1717596365.5064826}
{"obj": {"type": "LogFloats", "path": ["monitoring", "8634a6b9", "gpu_memory"], "values": [{"value": 2.74627685546875, "step": null, "ts": 1717596365.499536}]}, "version": 43, "at": 1717596365.5065763}
{"obj": {"type": "LogFloats", "path": ["monitoring", "8634a6b9", "cpu"], "values": [{"value": 14.2, "step": null, "ts": 1717596365.6945817}]}, "version": 44, "at": 1717596365.7013943}
{"obj": {"type": "LogFloats", "path": ["monitoring", "8634a6b9", "memory"], "values": [{"value": 22.681793212890625, "step": null, "ts": 1717596365.6945817}]}, "version": 45, "at": 1717596365.7016118}
{"obj": {"type": "LogFloats", "path": ["monitoring", "8634a6b9", "gpu_memory"], "values": [{"value": 2.74627685546875, "step": null, "ts": 1717596365.6945817}]}, "version": 46, "at": 1717596365.7016768}
{"obj": {"type": "LogFloats", "path": ["monitoring", "8634a6b9", "cpu"], "values": [{"value": 3.4, "step": null, "ts": 1717596365.907071}]}, "version": 47, "at": 1717596365.9078856}
{"obj": {"type": "LogFloats", "path": ["monitoring", "8634a6b9", "memory"], "values": [{"value": 22.761520385742188, "step": null, "ts": 1717596365.907071}]}, "version": 48, "at": 1717596365.9080446}
{"obj": {"type": "LogFloats", "path": ["monitoring", "8634a6b9", "gpu_memory"], "values": [{"value": 2.79119873046875, "step": null, "ts": 1717596365.907071}]}, "version": 49, "at": 1717596365.908119}
{"obj": {"type": "LogStrings", "path": ["monitoring", "8634a6b9", "stdout"], "values": [{"value": "Test : [0/79]\tAcc@1 78.906Acc@5 95.312", "step": null, "ts": 1717596366.1397884}]}, "version": 50, "at": 1717596366.1398773}
{"obj": {"type": "LogStrings", "path": ["monitoring", "8634a6b9", "stdout"], "values": [{"value": "\n", "step": null, "ts": 1717596366.1403232}]}, "version": 51, "at": 1717596366.1403518}
{"obj": {"type": "LogStrings", "path": ["monitoring", "8634a6b9", "stdout"], "values": [{"value": "Inference Time: 3.530", "step": null, "ts": 1717596368.7021208}]}, "version": 52, "at": 1717596368.7021797}
{"obj": {"type": "LogStrings", "path": ["monitoring", "8634a6b9", "stdout"], "values": [{"value": "\n", "step": null, "ts": 1717596368.702369}]}, "version": 53, "at": 1717596368.702387}
{"obj": {"type": "LogStrings", "path": ["monitoring", "8634a6b9", "stdout"], "values": [{"value": "Final Accuracy: [76.92]", "step": null, "ts": 1717596368.702496}]}, "version": 54, "at": 1717596368.702511}
{"obj": {"type": "LogStrings", "path": ["monitoring", "8634a6b9", "stdout"], "values": [{"value": "\n", "step": null, "ts": 1717596368.7025955}]}, "version": 55, "at": 1717596368.7026088}
{"obj": {"type": "LogStrings", "path": ["monitoring", "8634a6b9", "stdout"], "values": [{"value": "\rOriginal Model Test Accuracy: 76.92", "step": null, "ts": 1717596368.702719}]}, "version": 56, "at": 1717596368.7027323}
{"obj": {"type": "LogStrings", "path": ["monitoring", "8634a6b9", "stdout"], "values": [{"value": "\rOriginal ReLU Count: 491520", "step": null, "ts": 1717596368.7090244}]}, "version": 57, "at": 1717596368.7090447}
{"obj": {"type": "LogFloats", "path": ["monitoring", "8634a6b9", "cpu"], "values": [{"value": 8.9, "step": null, "ts": 1717596368.7317264}]}, "version": 58, "at": 1717596368.7326198}
{"obj": {"type": "LogFloats", "path": ["monitoring", "8634a6b9", "memory"], "values": [{"value": 23.246002197265625, "step": null, "ts": 1717596368.7317264}]}, "version": 59, "at": 1717596368.7328136}
{"obj": {"type": "LogFloats", "path": ["monitoring", "8634a6b9", "gpu"], "values": [{"value": 100.0, "step": null, "ts": 1717596368.7317264}]}, "version": 60, "at": 1717596368.732891}
{"obj": {"type": "LogFloats", "path": ["monitoring", "8634a6b9", "gpu_memory"], "values": [{"value": 3.52557373046875, "step": null, "ts": 1717596368.7317264}]}, "version": 61, "at": 1717596368.7329593}
{"obj": {"type": "LogFloats", "path": ["monitoring", "8634a6b9", "cpu"], "values": [{"value": 5.0, "step": null, "ts": 1717596368.9419866}]}, "version": 62, "at": 1717596368.9471145}
{"obj": {"type": "LogFloats", "path": ["monitoring", "8634a6b9", "memory"], "values": [{"value": 23.286117553710938, "step": null, "ts": 1717596368.9419866}]}, "version": 63, "at": 1717596368.9472528}
{"obj": {"type": "LogFloats", "path": ["monitoring", "8634a6b9", "gpu_memory"], "values": [{"value": 3.52557373046875, "step": null, "ts": 1717596368.9419866}]}, "version": 64, "at": 1717596368.9473243}
{"obj": {"type": "LogFloats", "path": ["monitoring", "8634a6b9", "cpu"], "values": [{"value": 6.0, "step": null, "ts": 1717596369.1377132}]}, "version": 65, "at": 1717596369.1432014}
{"obj": {"type": "LogFloats", "path": ["monitoring", "8634a6b9", "memory"], "values": [{"value": 23.326732635498047, "step": null, "ts": 1717596369.1377132}]}, "version": 66, "at": 1717596369.143327}
{"obj": {"type": "LogFloats", "path": ["monitoring", "8634a6b9", "gpu_memory"], "values": [{"value": 3.52557373046875, "step": null, "ts": 1717596369.1377132}]}, "version": 67, "at": 1717596369.1433911}
{"obj": {"type": "LogFloats", "path": ["monitoring", "8634a6b9", "cpu"], "values": [{"value": 14.4, "step": null, "ts": 1717596369.3379953}]}, "version": 68, "at": 1717596369.3462982}
{"obj": {"type": "LogFloats", "path": ["monitoring", "8634a6b9", "memory"], "values": [{"value": 23.32738494873047, "step": null, "ts": 1717596369.3379953}]}, "version": 69, "at": 1717596369.3464575}
{"obj": {"type": "LogFloats", "path": ["monitoring", "8634a6b9", "gpu_memory"], "values": [{"value": 3.52557373046875, "step": null, "ts": 1717596369.3379953}]}, "version": 70, "at": 1717596369.3465316}
{"obj": {"type": "LogStrings", "path": ["monitoring", "8634a6b9", "stderr"], "values": [{"value": "/home/xxu002/.local/lib/python3.9/site-packages/torch/autograd/graph.py:744: UserWarning: Plan failed with a cudnnException: CUDNN_BACKEND_EXECUTION_PLAN_DESCRIPTOR: cudnnFinalize Descriptor Failed cudnn_status: CUDNN_STATUS_NOT_SUPPORTED (Triggered internally at ../aten/src/ATen/native/cudnn/Conv_v8.cpp:919.)\n  return Variable._execution_engine.run_backward(  # Calls into the C++ engine to run the backward pass\n", "step": null, "ts": 1717596369.5430412}]}, "version": 71, "at": 1717596369.543093}
{"obj": {"type": "LogStrings", "path": ["monitoring", "8634a6b9", "stderr"], "values": [{"value": "/home/xxu002/snip-snl-pgd/snip.py:71: UserWarning: To copy construct from a tensor, it is recommended to use sourceTensor.clone().detach() or sourceTensor.clone().detach().requires_grad_(True), rather than torch.tensor(sourceTensor).\n  layer_scores = torch.tensor(layer_grads)\n", "step": null, "ts": 1717596369.5598633}]}, "version": 72, "at": 1717596369.5598989}
{"obj": {"type": "LogFloats", "path": ["monitoring", "8634a6b9", "cpu"], "values": [{"value": 23.9, "step": null, "ts": 1717596369.5861282}]}, "version": 73, "at": 1717596369.5914524}
{"obj": {"type": "LogFloats", "path": ["monitoring", "8634a6b9", "memory"], "values": [{"value": 23.584247589111328, "step": null, "ts": 1717596369.5861282}]}, "version": 74, "at": 1717596369.5916414}
{"obj": {"type": "LogFloats", "path": ["monitoring", "8634a6b9", "gpu"], "values": [{"value": 40.0, "step": null, "ts": 1717596369.5861282}]}, "version": 75, "at": 1717596369.5917227}
{"obj": {"type": "LogFloats", "path": ["monitoring", "8634a6b9", "gpu_memory"], "values": [{"value": 7.96112060546875, "step": null, "ts": 1717596369.5861282}]}, "version": 76, "at": 1717596369.591793}
{"obj": {"type": "LogFloats", "path": ["monitoring", "8634a6b9", "cpu"], "values": [{"value": 4.2, "step": null, "ts": 1717596369.7981572}]}, "version": 77, "at": 1717596369.8022199}
{"obj": {"type": "LogFloats", "path": ["monitoring", "8634a6b9", "memory"], "values": [{"value": 23.637550354003906, "step": null, "ts": 1717596369.7981572}]}, "version": 78, "at": 1717596369.8024073}
{"obj": {"type": "LogFloats", "path": ["monitoring", "8634a6b9", "gpu"], "values": [{"value": 21.0, "step": null, "ts": 1717596369.7981572}]}, "version": 79, "at": 1717596369.802483}
{"obj": {"type": "LogFloats", "path": ["monitoring", "8634a6b9", "gpu_memory"], "values": [{"value": 7.96112060546875, "step": null, "ts": 1717596369.7981572}]}, "version": 80, "at": 1717596369.80255}
{"obj": {"type": "LogFloats", "path": ["monitoring", "8634a6b9", "cpu"], "values": [{"value": 13.3, "step": null, "ts": 1717596370.0207152}]}, "version": 81, "at": 1717596370.021589}
{"obj": {"type": "LogFloats", "path": ["monitoring", "8634a6b9", "memory"], "values": [{"value": 23.67840576171875, "step": null, "ts": 1717596370.0207152}]}, "version": 82, "at": 1717596370.0217533}
{"obj": {"type": "LogFloats", "path": ["monitoring", "8634a6b9", "gpu_memory"], "values": [{"value": 7.96112060546875, "step": null, "ts": 1717596370.0207152}]}, "version": 83, "at": 1717596370.0218306}
{"obj": {"type": "LogFloats", "path": ["monitoring", "8634a6b9", "cpu"], "values": [{"value": 8.2, "step": null, "ts": 1717596370.218093}]}, "version": 84, "at": 1717596370.225861}
{"obj": {"type": "LogFloats", "path": ["monitoring", "8634a6b9", "memory"], "values": [{"value": 23.670452117919922, "step": null, "ts": 1717596370.218093}]}, "version": 85, "at": 1717596370.2260203}
{"obj": {"type": "LogFloats", "path": ["monitoring", "8634a6b9", "gpu_memory"], "values": [{"value": 7.96112060546875, "step": null, "ts": 1717596370.218093}]}, "version": 86, "at": 1717596370.2260938}
{"obj": {"type": "LogFloats", "path": ["monitoring", "8634a6b9", "cpu"], "values": [{"value": 29.1, "step": null, "ts": 1717596370.432428}]}, "version": 87, "at": 1717596370.4386387}
{"obj": {"type": "LogFloats", "path": ["monitoring", "8634a6b9", "memory"], "values": [{"value": 23.610836029052734, "step": null, "ts": 1717596370.432428}]}, "version": 88, "at": 1717596370.4387925}
{"obj": {"type": "LogFloats", "path": ["monitoring", "8634a6b9", "gpu"], "values": [{"value": 26.0, "step": null, "ts": 1717596370.432428}]}, "version": 89, "at": 1717596370.4388702}
{"obj": {"type": "LogFloats", "path": ["monitoring", "8634a6b9", "gpu_memory"], "values": [{"value": 7.96112060546875, "step": null, "ts": 1717596370.432428}]}, "version": 90, "at": 1717596370.4389386}
{"obj": {"type": "LogFloats", "path": ["monitoring", "8634a6b9", "cpu"], "values": [{"value": 14.4, "step": null, "ts": 1717596370.630629}]}, "version": 91, "at": 1717596370.6344056}
{"obj": {"type": "LogFloats", "path": ["monitoring", "8634a6b9", "memory"], "values": [{"value": 23.64349365234375, "step": null, "ts": 1717596370.630629}]}, "version": 92, "at": 1717596370.6349192}
{"obj": {"type": "LogFloats", "path": ["monitoring", "8634a6b9", "gpu"], "values": [{"value": 28.0, "step": null, "ts": 1717596370.630629}]}, "version": 93, "at": 1717596370.6349993}
{"obj": {"type": "LogFloats", "path": ["monitoring", "8634a6b9", "gpu_memory"], "values": [{"value": 7.96112060546875, "step": null, "ts": 1717596370.630629}]}, "version": 94, "at": 1717596370.635068}
{"obj": {"type": "LogFloats", "path": ["monitoring", "8634a6b9", "cpu"], "values": [{"value": 11.6, "step": null, "ts": 1717596370.8299007}]}, "version": 95, "at": 1717596370.836211}
{"obj": {"type": "LogFloats", "path": ["monitoring", "8634a6b9", "memory"], "values": [{"value": 23.680171966552734, "step": null, "ts": 1717596370.8299007}]}, "version": 96, "at": 1717596370.8364305}
{"obj": {"type": "LogFloats", "path": ["monitoring", "8634a6b9", "gpu_memory"], "values": [{"value": 7.96112060546875, "step": null, "ts": 1717596370.8299007}]}, "version": 97, "at": 1717596370.836519}
{"obj": {"type": "LogFloats", "path": ["monitoring", "8634a6b9", "cpu"], "values": [{"value": 24.8, "step": null, "ts": 1717596371.042725}]}, "version": 98, "at": 1717596371.0523558}
{"obj": {"type": "LogFloats", "path": ["monitoring", "8634a6b9", "memory"], "values": [{"value": 23.67583465576172, "step": null, "ts": 1717596371.042725}]}, "version": 99, "at": 1717596371.0525298}
{"obj": {"type": "LogFloats", "path": ["monitoring", "8634a6b9", "gpu_memory"], "values": [{"value": 7.96112060546875, "step": null, "ts": 1717596371.042725}]}, "version": 100, "at": 1717596371.0526032}
{"obj": {"type": "LogFloats", "path": ["monitoring", "8634a6b9", "cpu"], "values": [{"value": 19.6, "step": null, "ts": 1717596371.247923}]}, "version": 101, "at": 1717596371.254914}
{"obj": {"type": "LogFloats", "path": ["monitoring", "8634a6b9", "memory"], "values": [{"value": 23.587661743164062, "step": null, "ts": 1717596371.247923}]}, "version": 102, "at": 1717596371.2551231}
{"obj": {"type": "LogFloats", "path": ["monitoring", "8634a6b9", "gpu"], "values": [{"value": 17.0, "step": null, "ts": 1717596371.247923}]}, "version": 103, "at": 1717596371.2552326}
{"obj": {"type": "LogFloats", "path": ["monitoring", "8634a6b9", "gpu_memory"], "values": [{"value": 7.96112060546875, "step": null, "ts": 1717596371.247923}]}, "version": 104, "at": 1717596371.2553186}
{"obj": {"type": "LogFloats", "path": ["monitoring", "8634a6b9", "cpu"], "values": [{"value": 1.8, "step": null, "ts": 1717596371.4450705}]}, "version": 105, "at": 1717596371.4525383}
{"obj": {"type": "LogFloats", "path": ["monitoring", "8634a6b9", "memory"], "values": [{"value": 23.634780883789062, "step": null, "ts": 1717596371.4450705}]}, "version": 106, "at": 1717596371.4527106}
{"obj": {"type": "LogFloats", "path": ["monitoring", "8634a6b9", "gpu"], "values": [{"value": 39.0, "step": null, "ts": 1717596371.4450705}]}, "version": 107, "at": 1717596371.452807}
{"obj": {"type": "LogFloats", "path": ["monitoring", "8634a6b9", "gpu_memory"], "values": [{"value": 7.96112060546875, "step": null, "ts": 1717596371.4450705}]}, "version": 108, "at": 1717596371.45289}
{"obj": {"type": "LogFloats", "path": ["monitoring", "8634a6b9", "cpu"], "values": [{"value": 3.3, "step": null, "ts": 1717596371.6577244}]}, "version": 109, "at": 1717596371.6637719}
{"obj": {"type": "LogFloats", "path": ["monitoring", "8634a6b9", "memory"], "values": [{"value": 23.680408477783203, "step": null, "ts": 1717596371.6577244}]}, "version": 110, "at": 1717596371.6639273}
{"obj": {"type": "LogFloats", "path": ["monitoring", "8634a6b9", "gpu_memory"], "values": [{"value": 7.96112060546875, "step": null, "ts": 1717596371.6577244}]}, "version": 111, "at": 1717596371.6639926}
{"obj": {"type": "LogFloats", "path": ["monitoring", "8634a6b9", "cpu"], "values": [{"value": 20.2, "step": null, "ts": 1717596371.8492749}]}, "version": 112, "at": 1717596371.8570158}
{"obj": {"type": "LogFloats", "path": ["monitoring", "8634a6b9", "memory"], "values": [{"value": 23.75603485107422, "step": null, "ts": 1717596371.8492749}]}, "version": 113, "at": 1717596371.8572404}
{"obj": {"type": "LogFloats", "path": ["monitoring", "8634a6b9", "gpu_memory"], "values": [{"value": 7.96112060546875, "step": null, "ts": 1717596371.8492749}]}, "version": 114, "at": 1717596371.8573554}
{"obj": {"type": "LogFloats", "path": ["monitoring", "8634a6b9", "cpu"], "values": [{"value": 18.2, "step": null, "ts": 1717596372.0444906}]}, "version": 115, "at": 1717596372.0513778}
{"obj": {"type": "LogFloats", "path": ["monitoring", "8634a6b9", "memory"], "values": [{"value": 23.59756851196289, "step": null, "ts": 1717596372.0444906}]}, "version": 116, "at": 1717596372.051528}
{"obj": {"type": "LogFloats", "path": ["monitoring", "8634a6b9", "gpu"], "values": [{"value": 7.0, "step": null, "ts": 1717596372.0444906}]}, "version": 117, "at": 1717596372.0516045}
{"obj": {"type": "LogFloats", "path": ["monitoring", "8634a6b9", "gpu_memory"], "values": [{"value": 7.96112060546875, "step": null, "ts": 1717596372.0444906}]}, "version": 118, "at": 1717596372.0516734}
{"obj": {"type": "LogFloats", "path": ["monitoring", "8634a6b9", "cpu"], "values": [{"value": 24.6, "step": null, "ts": 1717596372.2603555}]}, "version": 119, "at": 1717596372.2655408}
{"obj": {"type": "LogFloats", "path": ["monitoring", "8634a6b9", "memory"], "values": [{"value": 23.633258819580078, "step": null, "ts": 1717596372.2603555}]}, "version": 120, "at": 1717596372.2657073}
{"obj": {"type": "LogFloats", "path": ["monitoring", "8634a6b9", "gpu"], "values": [{"value": 51.0, "step": null, "ts": 1717596372.2603555}]}, "version": 121, "at": 1717596372.2657864}
{"obj": {"type": "LogFloats", "path": ["monitoring", "8634a6b9", "gpu_memory"], "values": [{"value": 7.96112060546875, "step": null, "ts": 1717596372.2603555}]}, "version": 122, "at": 1717596372.2658558}
{"obj": {"type": "LogFloats", "path": ["monitoring", "8634a6b9", "cpu"], "values": [{"value": 4.8, "step": null, "ts": 1717596372.4517682}]}, "version": 123, "at": 1717596372.4621534}
{"obj": {"type": "LogFloats", "path": ["monitoring", "8634a6b9", "memory"], "values": [{"value": 23.66375732421875, "step": null, "ts": 1717596372.4517682}]}, "version": 124, "at": 1717596372.4623177}
{"obj": {"type": "LogFloats", "path": ["monitoring", "8634a6b9", "gpu_memory"], "values": [{"value": 7.96112060546875, "step": null, "ts": 1717596372.4517682}]}, "version": 125, "at": 1717596372.4623919}
{"obj": {"type": "LogFloats", "path": ["monitoring", "8634a6b9", "cpu"], "values": [{"value": 20.7, "step": null, "ts": 1717596372.6642392}]}, "version": 126, "at": 1717596372.672187}
{"obj": {"type": "LogFloats", "path": ["monitoring", "8634a6b9", "memory"], "values": [{"value": 23.70095443725586, "step": null, "ts": 1717596372.6642392}]}, "version": 127, "at": 1717596372.6723418}
{"obj": {"type": "LogFloats", "path": ["monitoring", "8634a6b9", "gpu_memory"], "values": [{"value": 7.96112060546875, "step": null, "ts": 1717596372.6642392}]}, "version": 128, "at": 1717596372.6724157}
{"obj": {"type": "LogFloats", "path": ["monitoring", "8634a6b9", "cpu"], "values": [{"value": 24.9, "step": null, "ts": 1717596372.9196808}]}, "version": 129, "at": 1717596372.922088}
{"obj": {"type": "LogFloats", "path": ["monitoring", "8634a6b9", "memory"], "values": [{"value": 23.589282989501953, "step": null, "ts": 1717596372.9196808}]}, "version": 130, "at": 1717596372.9223092}
{"obj": {"type": "LogFloats", "path": ["monitoring", "8634a6b9", "gpu_memory"], "values": [{"value": 7.96112060546875, "step": null, "ts": 1717596372.9196808}]}, "version": 131, "at": 1717596372.9223917}
{"obj": {"type": "LogFloats", "path": ["monitoring", "8634a6b9", "cpu"], "values": [{"value": 23.2, "step": null, "ts": 1717596373.1111271}]}, "version": 132, "at": 1717596373.1199393}
{"obj": {"type": "LogFloats", "path": ["monitoring", "8634a6b9", "memory"], "values": [{"value": 23.61606216430664, "step": null, "ts": 1717596373.1111271}]}, "version": 133, "at": 1717596373.1202686}
{"obj": {"type": "LogFloats", "path": ["monitoring", "8634a6b9", "gpu"], "values": [{"value": 60.0, "step": null, "ts": 1717596373.1111271}]}, "version": 134, "at": 1717596373.1203663}
{"obj": {"type": "LogFloats", "path": ["monitoring", "8634a6b9", "gpu_memory"], "values": [{"value": 7.96112060546875, "step": null, "ts": 1717596373.1111271}]}, "version": 135, "at": 1717596373.12044}
{"obj": {"type": "LogFloats", "path": ["monitoring", "8634a6b9", "cpu"], "values": [{"value": 11.6, "step": null, "ts": 1717596373.328891}]}, "version": 136, "at": 1717596373.3315215}
{"obj": {"type": "LogFloats", "path": ["monitoring", "8634a6b9", "memory"], "values": [{"value": 23.651573181152344, "step": null, "ts": 1717596373.328891}]}, "version": 137, "at": 1717596373.3316689}
{"obj": {"type": "LogFloats", "path": ["monitoring", "8634a6b9", "gpu_memory"], "values": [{"value": 7.96112060546875, "step": null, "ts": 1717596373.328891}]}, "version": 138, "at": 1717596373.331741}
{"obj": {"type": "LogFloats", "path": ["monitoring", "8634a6b9", "cpu"], "values": [{"value": 8.7, "step": null, "ts": 1717596373.5344665}]}, "version": 139, "at": 1717596373.535241}
{"obj": {"type": "LogFloats", "path": ["monitoring", "8634a6b9", "memory"], "values": [{"value": 23.685855865478516, "step": null, "ts": 1717596373.5344665}]}, "version": 140, "at": 1717596373.5353856}
{"obj": {"type": "LogFloats", "path": ["monitoring", "8634a6b9", "gpu_memory"], "values": [{"value": 7.96112060546875, "step": null, "ts": 1717596373.5344665}]}, "version": 141, "at": 1717596373.5354564}
{"obj": {"type": "LogStrings", "path": ["monitoring", "8634a6b9", "stderr"], "values": [{"value": "/home/xxu002/snip-snl-pgd/snl_finetune_unstructured.py:185: TqdmExperimentalWarning: rich is experimental/alpha\n  for epoch in tqdm(range(args.epochs)):\n", "step": null, "ts": 1717596373.746635}]}, "version": 142, "at": 1717596373.746685}
{"obj": {"type": "LogStrings", "path": ["monitoring", "8634a6b9", "stdout"], "values": [{"value": "\u001b[?25l", "step": null, "ts": 1717596373.7493079}]}, "version": 143, "at": 1717596373.7493346}
{"obj": {"type": "LogStrings", "path": ["monitoring", "8634a6b9", "stdout"], "values": [{"value": "", "step": null, "ts": 1717596373.7496748}]}, "version": 144, "at": 1717596373.7496896}
{"obj": {"type": "LogStrings", "path": ["monitoring", "8634a6b9", "stdout"], "values": [{"value": "\r\u001b[2K\u001b[35m   0%\u001b[0m \u001b[38;5;237m\u2501\u2501\u2501\u2501\u2501\u2501\u2501\u2501\u2501\u2501\u2501\u2501\u2501\u2501\u2501\u2501\u2501\u2501\u2501\u2501\u2501\u2501\u2501\u2501\u2501\u2501\u2501\u2501\u2501\u2501\u2501\u2501\u2501\u2501\u2501\u2501\u2501\u2501\u2501\u2501\u2501\u2501\u2501\u2501\u2501\u2501\u2501\u2501\u2501\u2501\u2501\u2501\u2501\u2501\u2501\u2501\u2501\u2501\u2501\u2501\u2501\u2501\u2501\u2501\u2501\u2501\u2501\u2501\u2501\u2501\u2501\u2501\u2501\u2501\u2501\u2501\u2501\u2501\u2501\u2501\u2501\u2501\u2501\u2501\u2501\u2501\u2501\u2501\u2501\u2501\u2501\u2501\u2501\u2501\u2501\u2501\u2501\u2501\u2501\u2501\u2501\u2501\u2501\u2501\u2501\u2501\u2501\u2501\u2501\u2501\u2501\u2501\u2501\u2501\u2501\u2501\u2501\u2501\u2501\u2501\u2501\u2501\u2501\u2501\u2501\u2501\u2501\u2501\u2501\u2501\u2501\u2501\u2501\u2501\u2501\u2501\u2501\u2501\u2501\u2501\u2501\u2501\u2501\u2501\u2501\u2501\u2501\u2501\u2501\u2501\u2501\u2501\u2501\u2501\u2501\u001b[0m \u001b[32m0/300 \u001b[0m [ \u001b[33m0:00:00\u001b[0m < \u001b[36m-:--:--\u001b[0m , \u001b[31m? it/s\u001b[0m ]", "step": null, "ts": 1717596373.7497566}]}, "version": 145, "at": 1717596373.7497694}
{"obj": {"type": "LogStrings", "path": ["monitoring", "8634a6b9", "stdout"], "values": [{"value": "\r\u001b[2K\u001b[35m   0%\u001b[0m \u001b[38;5;237m\u2501\u2501\u2501\u2501\u2501\u2501\u2501\u2501\u2501\u2501\u2501\u2501\u2501\u2501\u2501\u2501\u2501\u2501\u2501\u2501\u2501\u2501\u2501\u2501\u2501\u2501\u2501\u2501\u2501\u2501\u2501\u2501\u2501\u2501\u2501\u2501\u2501\u2501\u2501\u2501\u2501\u2501\u2501\u2501\u2501\u2501\u2501\u2501\u2501\u2501\u2501\u2501\u2501\u2501\u2501\u2501\u2501\u2501\u2501\u2501\u2501\u2501\u2501\u2501\u2501\u2501\u2501\u2501\u2501\u2501\u2501\u2501\u2501\u2501\u2501\u2501\u2501\u2501\u2501\u2501\u2501\u2501\u2501\u2501\u2501\u2501\u2501\u2501\u2501\u2501\u2501\u2501\u2501\u2501\u2501\u2501\u2501\u2501\u2501\u2501\u2501\u2501\u2501\u2501\u2501\u2501\u2501\u2501\u2501\u2501\u2501\u2501\u2501\u2501\u2501\u2501\u2501\u2501\u2501\u2501\u2501\u2501\u2501\u2501\u2501\u2501\u2501\u2501\u2501\u2501\u2501\u2501\u2501\u2501\u2501\u2501\u2501\u2501\u2501\u2501\u2501\u2501\u2501\u2501\u2501\u2501\u2501\u2501\u2501\u2501\u2501\u2501\u2501\u2501\u2501\u001b[0m \u001b[32m0/300 \u001b[0m [ \u001b[33m0:00:00\u001b[0m < \u001b[36m-:--:--\u001b[0m , \u001b[31m? it/s\u001b[0m ]", "step": null, "ts": 1717596373.8501976}]}, "version": 146, "at": 1717596373.8502996}
{"obj": {"type": "LogStrings", "path": ["monitoring", "8634a6b9", "stdout"], "values": [{"value": "\r\u001b[2K\u001b[35m   0%\u001b[0m \u001b[38;5;237m\u2501\u2501\u2501\u2501\u2501\u2501\u2501\u2501\u2501\u2501\u2501\u2501\u2501\u2501\u2501\u2501\u2501\u2501\u2501\u2501\u2501\u2501\u2501\u2501\u2501\u2501\u2501\u2501\u2501\u2501\u2501\u2501\u2501\u2501\u2501\u2501\u2501\u2501\u2501\u2501\u2501\u2501\u2501\u2501\u2501\u2501\u2501\u2501\u2501\u2501\u2501\u2501\u2501\u2501\u2501\u2501\u2501\u2501\u2501\u2501\u2501\u2501\u2501\u2501\u2501\u2501\u2501\u2501\u2501\u2501\u2501\u2501\u2501\u2501\u2501\u2501\u2501\u2501\u2501\u2501\u2501\u2501\u2501\u2501\u2501\u2501\u2501\u2501\u2501\u2501\u2501\u2501\u2501\u2501\u2501\u2501\u2501\u2501\u2501\u2501\u2501\u2501\u2501\u2501\u2501\u2501\u2501\u2501\u2501\u2501\u2501\u2501\u2501\u2501\u2501\u2501\u2501\u2501\u2501\u2501\u2501\u2501\u2501\u2501\u2501\u2501\u2501\u2501\u2501\u2501\u2501\u2501\u2501\u2501\u2501\u2501\u2501\u2501\u2501\u2501\u2501\u2501\u2501\u2501\u2501\u2501\u2501\u2501\u2501\u2501\u2501\u2501\u2501\u2501\u2501\u001b[0m \u001b[32m0/300 \u001b[0m [ \u001b[33m0:00:00\u001b[0m < \u001b[36m-:--:--\u001b[0m , \u001b[31m? it/s\u001b[0m ]", "step": null, "ts": 1717596373.952233}]}, "version": 147, "at": 1717596373.952269}
{"obj": {"type": "LogStrings", "path": ["monitoring", "8634a6b9", "stdout"], "values": [{"value": "\r\u001b[2K\u001b[35m   0%\u001b[0m \u001b[38;5;237m\u2501\u2501\u2501\u2501\u2501\u2501\u2501\u2501\u2501\u2501\u2501\u2501\u2501\u2501\u2501\u2501\u2501\u2501\u2501\u2501\u2501\u2501\u2501\u2501\u2501\u2501\u2501\u2501\u2501\u2501\u2501\u2501\u2501\u2501\u2501\u2501\u2501\u2501\u2501\u2501\u2501\u2501\u2501\u2501\u2501\u2501\u2501\u2501\u2501\u2501\u2501\u2501\u2501\u2501\u2501\u2501\u2501\u2501\u2501\u2501\u2501\u2501\u2501\u2501\u2501\u2501\u2501\u2501\u2501\u2501\u2501\u2501\u2501\u2501\u2501\u2501\u2501\u2501\u2501\u2501\u2501\u2501\u2501\u2501\u2501\u2501\u2501\u2501\u2501\u2501\u2501\u2501\u2501\u2501\u2501\u2501\u2501\u2501\u2501\u2501\u2501\u2501\u2501\u2501\u2501\u2501\u2501\u2501\u2501\u2501\u2501\u2501\u2501\u2501\u2501\u2501\u2501\u2501\u2501\u2501\u2501\u2501\u2501\u2501\u2501\u2501\u2501\u2501\u2501\u2501\u2501\u2501\u2501\u2501\u2501\u2501\u2501\u2501\u2501\u2501\u2501\u2501\u2501\u2501\u2501\u2501\u2501\u2501\u2501\u2501\u2501\u2501\u2501\u2501\u2501\u001b[0m \u001b[32m0/300 \u001b[0m [ \u001b[33m0:00:00\u001b[0m < \u001b[36m-:--:--\u001b[0m , \u001b[31m? it/s\u001b[0m ]", "step": null, "ts": 1717596374.0542147}]}, "version": 148, "at": 1717596374.0542524}
{"obj": {"type": "LogStrings", "path": ["monitoring", "8634a6b9", "stdout"], "values": [{"value": "\r\u001b[2K\u001b[35m   0%\u001b[0m \u001b[38;5;237m\u2501\u2501\u2501\u2501\u2501\u2501\u2501\u2501\u2501\u2501\u2501\u2501\u2501\u2501\u2501\u2501\u2501\u2501\u2501\u2501\u2501\u2501\u2501\u2501\u2501\u2501\u2501\u2501\u2501\u2501\u2501\u2501\u2501\u2501\u2501\u2501\u2501\u2501\u2501\u2501\u2501\u2501\u2501\u2501\u2501\u2501\u2501\u2501\u2501\u2501\u2501\u2501\u2501\u2501\u2501\u2501\u2501\u2501\u2501\u2501\u2501\u2501\u2501\u2501\u2501\u2501\u2501\u2501\u2501\u2501\u2501\u2501\u2501\u2501\u2501\u2501\u2501\u2501\u2501\u2501\u2501\u2501\u2501\u2501\u2501\u2501\u2501\u2501\u2501\u2501\u2501\u2501\u2501\u2501\u2501\u2501\u2501\u2501\u2501\u2501\u2501\u2501\u2501\u2501\u2501\u2501\u2501\u2501\u2501\u2501\u2501\u2501\u2501\u2501\u2501\u2501\u2501\u2501\u2501\u2501\u2501\u2501\u2501\u2501\u2501\u2501\u2501\u2501\u2501\u2501\u2501\u2501\u2501\u2501\u2501\u2501\u2501\u2501\u2501\u2501\u2501\u2501\u2501\u2501\u2501\u2501\u2501\u2501\u2501\u2501\u2501\u2501\u2501\u2501\u2501\u001b[0m \u001b[32m0/300 \u001b[0m [ \u001b[33m0:00:00\u001b[0m < \u001b[36m-:--:--\u001b[0m , \u001b[31m? it/s\u001b[0m ]", "step": null, "ts": 1717596374.1563287}]}, "version": 149, "at": 1717596374.1563983}
