{"obj": {"type": "AssignString", "path": ["sys", "name"], "value": "Untitled"}, "version": 1, "at": 1717596320.6076367}
{"obj": {"type": "AssignString", "path": ["sys", "description"], "value": ""}, "version": 2, "at": 1717596320.6079497}
{"obj": {"type": "AssignString", "path": ["monitoring", "ee2fd087", "hostname"], "value": "sn4622120131"}, "version": 3, "at": 1717596320.6081207}
{"obj": {"type": "AssignString", "path": ["sys", "hostname"], "value": "sn4622120131"}, "version": 4, "at": 1717596320.6082542}
{"obj": {"type": "AssignString", "path": ["monitoring", "ee2fd087", "pid"], "value": "2697231"}, "version": 5, "at": 1717596320.608389}
{"obj": {"type": "AssignString", "path": ["monitoring", "ee2fd087", "tid"], "value": "140340222207808"}, "version": 6, "at": 1717596320.6085172}
{"obj": {"type": "AssignBool", "path": ["sys", "failed"], "value": false}, "version": 7, "at": 1717596320.608636}
{"obj": {"type": "ClearStringLog", "path": ["monitoring", "ee2fd087", "stdout"]}, "version": 8, "at": 1717596320.6088152}
{"obj": {"type": "ClearStringLog", "path": ["monitoring", "ee2fd087", "stderr"]}, "version": 9, "at": 1717596320.6089349}
{"obj": {"type": "AssignString", "path": ["source_code", "entrypoint"], "value": "snl_finetune_unstructured.py"}, "version": 10, "at": 1717596320.6092644}
{"obj": {"type": "UploadFileSet", "path": ["source_code", "files"], "file_globs": ["/home/xxu002/snip-snl-pgd/snl_finetune_unstructured.py"], "reset": "False"}, "version": 11, "at": 1717596320.6094296}
{"obj": {"type": "UploadFile", "path": ["source_code", "diff"], "ext": "patch", "file_path": null, "tmp_file_name": "source_code_diff-1717596320.641966-2024-06-05_10.05.20.641966.patch", "clean_after_upload": false}, "version": 12, "at": 1717596320.6424088}
{"obj": {"type": "ConfigFloatSeries", "path": ["monitoring", "ee2fd087", "cpu"], "min": 0.0, "max": 100.0, "unit": "%"}, "version": 13, "at": 1717596320.6498017}
{"obj": {"type": "ClearFloatLog", "path": ["monitoring", "ee2fd087", "cpu"]}, "version": 14, "at": 1717596320.649861}
{"obj": {"type": "ConfigFloatSeries", "path": ["monitoring", "ee2fd087", "memory"], "min": 0.0, "max": 440.5097770690918, "unit": "GB"}, "version": 15, "at": 1717596320.649926}
{"obj": {"type": "ClearFloatLog", "path": ["monitoring", "ee2fd087", "memory"]}, "version": 16, "at": 1717596320.6499586}
{"obj": {"type": "ConfigFloatSeries", "path": ["monitoring", "ee2fd087", "gpu"], "min": 0.0, "max": 100.0, "unit": "%"}, "version": 17, "at": 1717596320.6500125}
{"obj": {"type": "ClearFloatLog", "path": ["monitoring", "ee2fd087", "gpu"]}, "version": 18, "at": 1717596320.6500401}
{"obj": {"type": "ConfigFloatSeries", "path": ["monitoring", "ee2fd087", "gpu_memory"], "min": 0.0, "max": 47.98828125, "unit": "GB"}, "version": 19, "at": 1717596320.650096}
{"obj": {"type": "ClearFloatLog", "path": ["monitoring", "ee2fd087", "gpu_memory"]}, "version": 20, "at": 1717596320.6501236}
{"obj": {"type": "LogStrings", "path": ["monitoring", "ee2fd087", "stdout"], "values": [{"value": "\rHyperparameter List", "step": null, "ts": 1717596320.651535}]}, "version": 21, "at": 1717596320.6515768}
{"obj": {"type": "LogStrings", "path": ["monitoring", "ee2fd087", "stdout"], "values": [{"value": "\rFinetune Epochs: 100", "step": null, "ts": 1717596320.6520946}]}, "version": 22, "at": 1717596320.6521082}
{"obj": {"type": "LogFloats", "path": ["monitoring", "ee2fd087", "cpu"], "values": [{"value": 2.0, "step": null, "ts": 1717596320.6502705}]}, "version": 23, "at": 1717596320.6522653}
{"obj": {"type": "LogFloats", "path": ["monitoring", "ee2fd087", "memory"], "values": [{"value": 21.541900634765625, "step": null, "ts": 1717596320.6502705}]}, "version": 24, "at": 1717596320.6523495}
{"obj": {"type": "LogFloats", "path": ["monitoring", "ee2fd087", "gpu_memory"], "values": [{"value": 1.3900146484375, "step": null, "ts": 1717596320.6502705}]}, "version": 25, "at": 1717596320.6524124}
{"obj": {"type": "LogStrings", "path": ["monitoring", "ee2fd087", "stdout"], "values": [{"value": "\rLearning Rate: 0.001", "step": null, "ts": 1717596320.6525886}]}, "version": 26, "at": 1717596320.6525998}
{"obj": {"type": "LogStrings", "path": ["monitoring", "ee2fd087", "stdout"], "values": [{"value": "\rAlpha: 1e-05", "step": null, "ts": 1717596320.6530337}]}, "version": 27, "at": 1717596320.6530442}
{"obj": {"type": "LogStrings", "path": ["monitoring", "ee2fd087", "stdout"], "values": [{"value": "\rReLU Budget: 45000", "step": null, "ts": 1717596320.6534755}]}, "version": 28, "at": 1717596320.6534889}
{"obj": {"type": "LogStrings", "path": ["monitoring", "ee2fd087", "stdout"], "values": [{"value": "Files already downloaded and verified", "step": null, "ts": 1717596320.880725}]}, "version": 29, "at": 1717596320.8807654}
{"obj": {"type": "LogStrings", "path": ["monitoring", "ee2fd087", "stdout"], "values": [{"value": "\n", "step": null, "ts": 1717596320.8808794}]}, "version": 30, "at": 1717596320.8808916}
{"obj": {"type": "LogStrings", "path": ["monitoring", "ee2fd087", "stdout"], "values": [{"value": "Files already downloaded and verified", "step": null, "ts": 1717596321.565257}]}, "version": 31, "at": 1717596321.5653002}
{"obj": {"type": "LogStrings", "path": ["monitoring", "ee2fd087", "stdout"], "values": [{"value": "\n", "step": null, "ts": 1717596321.565423}]}, "version": 32, "at": 1717596321.5654504}
{"obj": {"type": "LogStrings", "path": ["monitoring", "ee2fd087", "stdout"], "values": [{"value": "CIFAR10/100 Setting", "step": null, "ts": 1717596321.8352065}]}, "version": 33, "at": 1717596321.835247}
{"obj": {"type": "LogStrings", "path": ["monitoring", "ee2fd087", "stdout"], "values": [{"value": "\n", "step": null, "ts": 1717596321.8355384}]}, "version": 34, "at": 1717596321.8355527}
{"obj": {"type": "LogStrings", "path": ["monitoring", "ee2fd087", "stdout"], "values": [{"value": "\rLoaded the base_classifier", "step": null, "ts": 1717596322.1011517}]}, "version": 35, "at": 1717596322.1011996}
{"obj": {"type": "LogFloats", "path": ["monitoring", "ee2fd087", "cpu"], "values": [{"value": 6.0, "step": null, "ts": 1717596322.1147585}]}, "version": 36, "at": 1717596322.1205235}
{"obj": {"type": "LogFloats", "path": ["monitoring", "ee2fd087", "memory"], "values": [{"value": 22.64896011352539, "step": null, "ts": 1717596322.1147585}]}, "version": 37, "at": 1717596322.1206708}
{"obj": {"type": "LogFloats", "path": ["monitoring", "ee2fd087", "gpu"], "values": [{"value": 1.0, "step": null, "ts": 1717596322.1147585}]}, "version": 38, "at": 1717596322.1207473}
{"obj": {"type": "LogFloats", "path": ["monitoring", "ee2fd087", "gpu_memory"], "values": [{"value": 2.74627685546875, "step": null, "ts": 1717596322.1147585}]}, "version": 39, "at": 1717596322.1208131}
{"obj": {"type": "LogFloats", "path": ["monitoring", "ee2fd087", "cpu"], "values": [{"value": 2.2, "step": null, "ts": 1717596322.3867102}]}, "version": 40, "at": 1717596322.3938563}
{"obj": {"type": "LogFloats", "path": ["monitoring", "ee2fd087", "memory"], "values": [{"value": 22.679710388183594, "step": null, "ts": 1717596322.3867102}]}, "version": 41, "at": 1717596322.3939857}
{"obj": {"type": "LogFloats", "path": ["monitoring", "ee2fd087", "gpu_memory"], "values": [{"value": 2.74627685546875, "step": null, "ts": 1717596322.3867102}]}, "version": 42, "at": 1717596322.3940523}
{"obj": {"type": "LogFloats", "path": ["monitoring", "ee2fd087", "cpu"], "values": [{"value": 3.0, "step": null, "ts": 1717596322.6018467}]}, "version": 43, "at": 1717596322.6070597}
{"obj": {"type": "LogFloats", "path": ["monitoring", "ee2fd087", "memory"], "values": [{"value": 22.714557647705078, "step": null, "ts": 1717596322.6018467}]}, "version": 44, "at": 1717596322.6072059}
{"obj": {"type": "LogFloats", "path": ["monitoring", "ee2fd087", "gpu_memory"], "values": [{"value": 2.74627685546875, "step": null, "ts": 1717596322.6018467}]}, "version": 45, "at": 1717596322.607289}
{"obj": {"type": "LogFloats", "path": ["monitoring", "ee2fd087", "cpu"], "values": [{"value": 1.7, "step": null, "ts": 1717596322.799759}]}, "version": 46, "at": 1717596322.8073657}
{"obj": {"type": "LogFloats", "path": ["monitoring", "ee2fd087", "memory"], "values": [{"value": 22.755138397216797, "step": null, "ts": 1717596322.799759}]}, "version": 47, "at": 1717596322.808141}
{"obj": {"type": "LogFloats", "path": ["monitoring", "ee2fd087", "gpu_memory"], "values": [{"value": 2.74627685546875, "step": null, "ts": 1717596322.799759}]}, "version": 48, "at": 1717596322.808216}
{"obj": {"type": "LogStrings", "path": ["monitoring", "ee2fd087", "stdout"], "values": [{"value": "Test : [0/79]\tAcc@1 78.906Acc@5 95.312", "step": null, "ts": 1717596323.0227318}]}, "version": 49, "at": 1717596323.0227952}
{"obj": {"type": "LogStrings", "path": ["monitoring", "ee2fd087", "stdout"], "values": [{"value": "\n", "step": null, "ts": 1717596323.0231369}]}, "version": 50, "at": 1717596323.0231519}
{"obj": {"type": "LogStrings", "path": ["monitoring", "ee2fd087", "stdout"], "values": [{"value": "Inference Time: 3.442", "step": null, "ts": 1717596325.544179}]}, "version": 51, "at": 1717596325.5442245}
{"obj": {"type": "LogStrings", "path": ["monitoring", "ee2fd087", "stdout"], "values": [{"value": "\n", "step": null, "ts": 1717596325.5444002}]}, "version": 52, "at": 1717596325.5444202}
{"obj": {"type": "LogStrings", "path": ["monitoring", "ee2fd087", "stdout"], "values": [{"value": "Final Accuracy: [76.92]", "step": null, "ts": 1717596325.544547}]}, "version": 53, "at": 1717596325.544561}
{"obj": {"type": "LogStrings", "path": ["monitoring", "ee2fd087", "stdout"], "values": [{"value": "\n", "step": null, "ts": 1717596325.5446281}]}, "version": 54, "at": 1717596325.5446405}
{"obj": {"type": "LogStrings", "path": ["monitoring", "ee2fd087", "stdout"], "values": [{"value": "\rOriginal Model Test Accuracy: 76.92", "step": null, "ts": 1717596325.5446994}]}, "version": 55, "at": 1717596325.5447104}
{"obj": {"type": "LogStrings", "path": ["monitoring", "ee2fd087", "stdout"], "values": [{"value": "\rOriginal ReLU Count: 491520", "step": null, "ts": 1717596325.5544426}]}, "version": 56, "at": 1717596325.554458}
{"obj": {"type": "LogFloats", "path": ["monitoring", "ee2fd087", "cpu"], "values": [{"value": 8.9, "step": null, "ts": 1717596325.5775645}]}, "version": 57, "at": 1717596325.5822823}
{"obj": {"type": "LogFloats", "path": ["monitoring", "ee2fd087", "memory"], "values": [{"value": 23.533435821533203, "step": null, "ts": 1717596325.5775645}]}, "version": 58, "at": 1717596325.582421}
{"obj": {"type": "LogFloats", "path": ["monitoring", "ee2fd087", "gpu"], "values": [{"value": 100.0, "step": null, "ts": 1717596325.5775645}]}, "version": 59, "at": 1717596325.5824978}
{"obj": {"type": "LogFloats", "path": ["monitoring", "ee2fd087", "gpu_memory"], "values": [{"value": 3.51385498046875, "step": null, "ts": 1717596325.5775645}]}, "version": 60, "at": 1717596325.582567}
{"obj": {"type": "LogFloats", "path": ["monitoring", "ee2fd087", "cpu"], "values": [{"value": 20.5, "step": null, "ts": 1717596325.7823205}]}, "version": 61, "at": 1717596325.7896535}
{"obj": {"type": "LogFloats", "path": ["monitoring", "ee2fd087", "memory"], "values": [{"value": 23.298992156982422, "step": null, "ts": 1717596325.7823205}]}, "version": 62, "at": 1717596325.789874}
{"obj": {"type": "LogFloats", "path": ["monitoring", "ee2fd087", "gpu"], "values": [{"value": 100.0, "step": null, "ts": 1717596325.7823205}]}, "version": 63, "at": 1717596325.7899532}
{"obj": {"type": "LogFloats", "path": ["monitoring", "ee2fd087", "gpu_memory"], "values": [{"value": 3.52557373046875, "step": null, "ts": 1717596325.7823205}]}, "version": 64, "at": 1717596325.790019}
{"obj": {"type": "LogFloats", "path": ["monitoring", "ee2fd087", "cpu"], "values": [{"value": 3.6, "step": null, "ts": 1717596325.9718328}]}, "version": 65, "at": 1717596325.9780655}
{"obj": {"type": "LogFloats", "path": ["monitoring", "ee2fd087", "memory"], "values": [{"value": 23.334850311279297, "step": null, "ts": 1717596325.9718328}]}, "version": 66, "at": 1717596325.9782102}
{"obj": {"type": "LogFloats", "path": ["monitoring", "ee2fd087", "gpu"], "values": [{"value": 42.0, "step": null, "ts": 1717596325.9718328}]}, "version": 67, "at": 1717596325.9782796}
{"obj": {"type": "LogFloats", "path": ["monitoring", "ee2fd087", "gpu_memory"], "values": [{"value": 3.52557373046875, "step": null, "ts": 1717596325.9718328}]}, "version": 68, "at": 1717596325.9783437}
{"obj": {"type": "LogFloats", "path": ["monitoring", "ee2fd087", "cpu"], "values": [{"value": 2.0, "step": null, "ts": 1717596326.1742315}]}, "version": 69, "at": 1717596326.1813972}
{"obj": {"type": "LogFloats", "path": ["monitoring", "ee2fd087", "memory"], "values": [{"value": 23.367015838623047, "step": null, "ts": 1717596326.1742315}]}, "version": 70, "at": 1717596326.1816845}
{"obj": {"type": "LogFloats", "path": ["monitoring", "ee2fd087", "gpu_memory"], "values": [{"value": 3.52557373046875, "step": null, "ts": 1717596326.1742315}]}, "version": 71, "at": 1717596326.1821504}
{"obj": {"type": "LogStrings", "path": ["monitoring", "ee2fd087", "stderr"], "values": [{"value": "/home/xxu002/.local/lib/python3.9/site-packages/torch/autograd/graph.py:744: UserWarning: Plan failed with a cudnnException: CUDNN_BACKEND_EXECUTION_PLAN_DESCRIPTOR: cudnnFinalize Descriptor Failed cudnn_status: CUDNN_STATUS_NOT_SUPPORTED (Triggered internally at ../aten/src/ATen/native/cudnn/Conv_v8.cpp:919.)\n  return Variable._execution_engine.run_backward(  # Calls into the C++ engine to run the backward pass\n", "step": null, "ts": 1717596326.3625624}]}, "version": 72, "at": 1717596326.3626394}
{"obj": {"type": "LogStrings", "path": ["monitoring", "ee2fd087", "stderr"], "values": [{"value": "/home/xxu002/snip-snl-pgd/snip.py:71: UserWarning: To copy construct from a tensor, it is recommended to use sourceTensor.clone().detach() or sourceTensor.clone().detach().requires_grad_(True), rather than torch.tensor(sourceTensor).\n  layer_scores = torch.tensor(layer_grads)\n", "step": null, "ts": 1717596326.371538}]}, "version": 73, "at": 1717596326.3715732}
{"obj": {"type": "LogFloats", "path": ["monitoring", "ee2fd087", "cpu"], "values": [{"value": 20.3, "step": null, "ts": 1717596326.3902516}]}, "version": 74, "at": 1717596326.3962214}
{"obj": {"type": "LogFloats", "path": ["monitoring", "ee2fd087", "memory"], "values": [{"value": 23.4857177734375, "step": null, "ts": 1717596326.3902516}]}, "version": 75, "at": 1717596326.3964736}
{"obj": {"type": "LogFloats", "path": ["monitoring", "ee2fd087", "gpu_memory"], "values": [{"value": 5.00408935546875, "step": null, "ts": 1717596326.3902516}]}, "version": 76, "at": 1717596326.3965807}
{"obj": {"type": "LogFloats", "path": ["monitoring", "ee2fd087", "cpu"], "values": [{"value": 13.2, "step": null, "ts": 1717596326.597756}]}, "version": 77, "at": 1717596326.5987527}
{"obj": {"type": "LogFloats", "path": ["monitoring", "ee2fd087", "memory"], "values": [{"value": 23.594581604003906, "step": null, "ts": 1717596326.597756}]}, "version": 78, "at": 1717596326.5989566}
{"obj": {"type": "LogFloats", "path": ["monitoring", "ee2fd087", "gpu"], "values": [{"value": 9.0, "step": null, "ts": 1717596326.597756}]}, "version": 79, "at": 1717596326.599043}
{"obj": {"type": "LogFloats", "path": ["monitoring", "ee2fd087", "gpu_memory"], "values": [{"value": 7.96112060546875, "step": null, "ts": 1717596326.597756}]}, "version": 80, "at": 1717596326.5991168}
{"obj": {"type": "LogFloats", "path": ["monitoring", "ee2fd087", "cpu"], "values": [{"value": 14.6, "step": null, "ts": 1717596326.7994964}]}, "version": 81, "at": 1717596326.8005364}
{"obj": {"type": "LogFloats", "path": ["monitoring", "ee2fd087", "memory"], "values": [{"value": 23.635364532470703, "step": null, "ts": 1717596326.7994964}]}, "version": 82, "at": 1717596326.8007526}
{"obj": {"type": "LogFloats", "path": ["monitoring", "ee2fd087", "gpu"], "values": [{"value": 29.0, "step": null, "ts": 1717596326.7994964}]}, "version": 83, "at": 1717596326.8008542}
{"obj": {"type": "LogFloats", "path": ["monitoring", "ee2fd087", "gpu_memory"], "values": [{"value": 7.96112060546875, "step": null, "ts": 1717596326.7994964}]}, "version": 84, "at": 1717596326.8009527}
{"obj": {"type": "LogFloats", "path": ["monitoring", "ee2fd087", "cpu"], "values": [{"value": 24.9, "step": null, "ts": 1717596327.0208983}]}, "version": 85, "at": 1717596327.0282416}
{"obj": {"type": "LogFloats", "path": ["monitoring", "ee2fd087", "memory"], "values": [{"value": 23.689842224121094, "step": null, "ts": 1717596327.0208983}]}, "version": 86, "at": 1717596327.028963}
{"obj": {"type": "LogFloats", "path": ["monitoring", "ee2fd087", "gpu_memory"], "values": [{"value": 7.96112060546875, "step": null, "ts": 1717596327.0208983}]}, "version": 87, "at": 1717596327.0294254}
{"obj": {"type": "LogFloats", "path": ["monitoring", "ee2fd087", "cpu"], "values": [{"value": 13.1, "step": null, "ts": 1717596327.2144938}]}, "version": 88, "at": 1717596327.221559}
{"obj": {"type": "LogFloats", "path": ["monitoring", "ee2fd087", "memory"], "values": [{"value": 23.654613494873047, "step": null, "ts": 1717596327.2144938}]}, "version": 89, "at": 1717596327.2217274}
{"obj": {"type": "LogFloats", "path": ["monitoring", "ee2fd087", "gpu"], "values": [{"value": 7.0, "step": null, "ts": 1717596327.2144938}]}, "version": 90, "at": 1717596327.2218049}
{"obj": {"type": "LogFloats", "path": ["monitoring", "ee2fd087", "gpu_memory"], "values": [{"value": 7.96112060546875, "step": null, "ts": 1717596327.2144938}]}, "version": 91, "at": 1717596327.2218678}
{"obj": {"type": "LogFloats", "path": ["monitoring", "ee2fd087", "cpu"], "values": [{"value": 14.0, "step": null, "ts": 1717596327.427987}]}, "version": 92, "at": 1717596327.433141}
{"obj": {"type": "LogFloats", "path": ["monitoring", "ee2fd087", "memory"], "values": [{"value": 23.576801300048828, "step": null, "ts": 1717596327.427987}]}, "version": 93, "at": 1717596327.4333413}
{"obj": {"type": "LogFloats", "path": ["monitoring", "ee2fd087", "gpu"], "values": [{"value": 9.0, "step": null, "ts": 1717596327.427987}]}, "version": 94, "at": 1717596327.4334445}
{"obj": {"type": "LogFloats", "path": ["monitoring", "ee2fd087", "gpu_memory"], "values": [{"value": 7.96112060546875, "step": null, "ts": 1717596327.427987}]}, "version": 95, "at": 1717596327.4335406}
{"obj": {"type": "LogFloats", "path": ["monitoring", "ee2fd087", "cpu"], "values": [{"value": 7.0, "step": null, "ts": 1717596327.6332574}]}, "version": 96, "at": 1717596327.6391187}
{"obj": {"type": "LogFloats", "path": ["monitoring", "ee2fd087", "memory"], "values": [{"value": 23.609119415283203, "step": null, "ts": 1717596327.6332574}]}, "version": 97, "at": 1717596327.6392624}
{"obj": {"type": "LogFloats", "path": ["monitoring", "ee2fd087", "gpu"], "values": [{"value": 35.0, "step": null, "ts": 1717596327.6332574}]}, "version": 98, "at": 1717596327.6393392}
{"obj": {"type": "LogFloats", "path": ["monitoring", "ee2fd087", "gpu_memory"], "values": [{"value": 7.96112060546875, "step": null, "ts": 1717596327.6332574}]}, "version": 99, "at": 1717596327.6394055}
{"obj": {"type": "LogFloats", "path": ["monitoring", "ee2fd087", "cpu"], "values": [{"value": 7.4, "step": null, "ts": 1717596327.849639}]}, "version": 100, "at": 1717596327.8552172}
{"obj": {"type": "LogFloats", "path": ["monitoring", "ee2fd087", "memory"], "values": [{"value": 23.662677764892578, "step": null, "ts": 1717596327.849639}]}, "version": 101, "at": 1717596327.8573058}
{"obj": {"type": "LogFloats", "path": ["monitoring", "ee2fd087", "gpu_memory"], "values": [{"value": 7.96112060546875, "step": null, "ts": 1717596327.849639}]}, "version": 102, "at": 1717596327.8577392}
{"obj": {"type": "LogFloats", "path": ["monitoring", "ee2fd087", "cpu"], "values": [{"value": 14.1, "step": null, "ts": 1717596328.0488281}]}, "version": 103, "at": 1717596328.0498672}
{"obj": {"type": "LogFloats", "path": ["monitoring", "ee2fd087", "memory"], "values": [{"value": 23.639968872070312, "step": null, "ts": 1717596328.0488281}]}, "version": 104, "at": 1717596328.0500767}
{"obj": {"type": "LogFloats", "path": ["monitoring", "ee2fd087", "gpu_memory"], "values": [{"value": 7.96112060546875, "step": null, "ts": 1717596328.0488281}]}, "version": 105, "at": 1717596328.050153}
{"obj": {"type": "LogFloats", "path": ["monitoring", "ee2fd087", "cpu"], "values": [{"value": 26.9, "step": null, "ts": 1717596328.250528}]}, "version": 106, "at": 1717596328.2561104}
{"obj": {"type": "LogFloats", "path": ["monitoring", "ee2fd087", "memory"], "values": [{"value": 23.55716323852539, "step": null, "ts": 1717596328.250528}]}, "version": 107, "at": 1717596328.2562804}
{"obj": {"type": "LogFloats", "path": ["monitoring", "ee2fd087", "gpu"], "values": [{"value": 17.0, "step": null, "ts": 1717596328.250528}]}, "version": 108, "at": 1717596328.2563624}
{"obj": {"type": "LogFloats", "path": ["monitoring", "ee2fd087", "gpu_memory"], "values": [{"value": 7.96112060546875, "step": null, "ts": 1717596328.250528}]}, "version": 109, "at": 1717596328.2564375}
{"obj": {"type": "LogFloats", "path": ["monitoring", "ee2fd087", "cpu"], "values": [{"value": 13.8, "step": null, "ts": 1717596328.4471252}]}, "version": 110, "at": 1717596328.449724}
{"obj": {"type": "LogFloats", "path": ["monitoring", "ee2fd087", "memory"], "values": [{"value": 23.598773956298828, "step": null, "ts": 1717596328.4471252}]}, "version": 111, "at": 1717596328.4499006}
{"obj": {"type": "LogFloats", "path": ["monitoring", "ee2fd087", "gpu"], "values": [{"value": 34.0, "step": null, "ts": 1717596328.4471252}]}, "version": 112, "at": 1717596328.4499786}
{"obj": {"type": "LogFloats", "path": ["monitoring", "ee2fd087", "gpu_memory"], "values": [{"value": 7.96112060546875, "step": null, "ts": 1717596328.4471252}]}, "version": 113, "at": 1717596328.4500444}
{"obj": {"type": "LogFloats", "path": ["monitoring", "ee2fd087", "cpu"], "values": [{"value": 2.7, "step": null, "ts": 1717596328.640241}]}, "version": 114, "at": 1717596328.6483665}
{"obj": {"type": "LogFloats", "path": ["monitoring", "ee2fd087", "memory"], "values": [{"value": 23.6424560546875, "step": null, "ts": 1717596328.640241}]}, "version": 115, "at": 1717596328.6485136}
{"obj": {"type": "LogFloats", "path": ["monitoring", "ee2fd087", "gpu_memory"], "values": [{"value": 7.96112060546875, "step": null, "ts": 1717596328.640241}]}, "version": 116, "at": 1717596328.6485858}
{"obj": {"type": "LogFloats", "path": ["monitoring", "ee2fd087", "cpu"], "values": [{"value": 15.8, "step": null, "ts": 1717596328.8366854}]}, "version": 117, "at": 1717596328.841703}
{"obj": {"type": "LogFloats", "path": ["monitoring", "ee2fd087", "memory"], "values": [{"value": 23.62738037109375, "step": null, "ts": 1717596328.8366854}]}, "version": 118, "at": 1717596328.8418992}
{"obj": {"type": "LogFloats", "path": ["monitoring", "ee2fd087", "gpu_memory"], "values": [{"value": 7.96112060546875, "step": null, "ts": 1717596328.8366854}]}, "version": 119, "at": 1717596328.8419743}
{"obj": {"type": "LogFloats", "path": ["monitoring", "ee2fd087", "cpu"], "values": [{"value": 26.1, "step": null, "ts": 1717596329.033542}]}, "version": 120, "at": 1717596329.0385036}
{"obj": {"type": "LogFloats", "path": ["monitoring", "ee2fd087", "memory"], "values": [{"value": 23.568649291992188, "step": null, "ts": 1717596329.033542}]}, "version": 121, "at": 1717596329.0386949}
{"obj": {"type": "LogFloats", "path": ["monitoring", "ee2fd087", "gpu"], "values": [{"value": 17.0, "step": null, "ts": 1717596329.033542}]}, "version": 122, "at": 1717596329.038777}
{"obj": {"type": "LogFloats", "path": ["monitoring", "ee2fd087", "gpu_memory"], "values": [{"value": 7.96112060546875, "step": null, "ts": 1717596329.033542}]}, "version": 123, "at": 1717596329.0388453}
{"obj": {"type": "LogFloats", "path": ["monitoring", "ee2fd087", "cpu"], "values": [{"value": 11.8, "step": null, "ts": 1717596329.2419267}]}, "version": 124, "at": 1717596329.2441308}
{"obj": {"type": "LogFloats", "path": ["monitoring", "ee2fd087", "memory"], "values": [{"value": 23.588088989257812, "step": null, "ts": 1717596329.2419267}]}, "version": 125, "at": 1717596329.2443419}
{"obj": {"type": "LogFloats", "path": ["monitoring", "ee2fd087", "gpu"], "values": [{"value": 34.0, "step": null, "ts": 1717596329.2419267}]}, "version": 126, "at": 1717596329.244512}
{"obj": {"type": "LogFloats", "path": ["monitoring", "ee2fd087", "gpu_memory"], "values": [{"value": 7.96112060546875, "step": null, "ts": 1717596329.2419267}]}, "version": 127, "at": 1717596329.2446907}
{"obj": {"type": "LogFloats", "path": ["monitoring", "ee2fd087", "cpu"], "values": [{"value": 6.7, "step": null, "ts": 1717596329.4422805}]}, "version": 128, "at": 1717596329.4491508}
{"obj": {"type": "LogFloats", "path": ["monitoring", "ee2fd087", "memory"], "values": [{"value": 23.64047622680664, "step": null, "ts": 1717596329.4422805}]}, "version": 129, "at": 1717596329.4504905}
{"obj": {"type": "LogFloats", "path": ["monitoring", "ee2fd087", "gpu_memory"], "values": [{"value": 7.96112060546875, "step": null, "ts": 1717596329.4422805}]}, "version": 130, "at": 1717596329.4508162}
{"obj": {"type": "LogFloats", "path": ["monitoring", "ee2fd087", "cpu"], "values": [{"value": 14.1, "step": null, "ts": 1717596329.6446238}]}, "version": 131, "at": 1717596329.6476145}
{"obj": {"type": "LogFloats", "path": ["monitoring", "ee2fd087", "memory"], "values": [{"value": 23.623462677001953, "step": null, "ts": 1717596329.6446238}]}, "version": 132, "at": 1717596329.6477752}
{"obj": {"type": "LogFloats", "path": ["monitoring", "ee2fd087", "gpu_memory"], "values": [{"value": 7.96112060546875, "step": null, "ts": 1717596329.6446238}]}, "version": 133, "at": 1717596329.6478567}
{"obj": {"type": "LogFloats", "path": ["monitoring", "ee2fd087", "cpu"], "values": [{"value": 15.9, "step": null, "ts": 1717596329.8588598}]}, "version": 134, "at": 1717596329.8641927}
{"obj": {"type": "LogFloats", "path": ["monitoring", "ee2fd087", "memory"], "values": [{"value": 23.56848907470703, "step": null, "ts": 1717596329.8588598}]}, "version": 135, "at": 1717596329.8644023}
{"obj": {"type": "LogFloats", "path": ["monitoring", "ee2fd087", "gpu"], "values": [{"value": 17.0, "step": null, "ts": 1717596329.8588598}]}, "version": 136, "at": 1717596329.8644865}
{"obj": {"type": "LogFloats", "path": ["monitoring", "ee2fd087", "gpu_memory"], "values": [{"value": 7.96112060546875, "step": null, "ts": 1717596329.8588598}]}, "version": 137, "at": 1717596329.8645613}
{"obj": {"type": "LogFloats", "path": ["monitoring", "ee2fd087", "cpu"], "values": [{"value": 10.9, "step": null, "ts": 1717596330.0591266}]}, "version": 138, "at": 1717596330.0652509}
{"obj": {"type": "LogFloats", "path": ["monitoring", "ee2fd087", "memory"], "values": [{"value": 23.623634338378906, "step": null, "ts": 1717596330.0591266}]}, "version": 139, "at": 1717596330.0654218}
{"obj": {"type": "LogFloats", "path": ["monitoring", "ee2fd087", "gpu"], "values": [{"value": 34.0, "step": null, "ts": 1717596330.0591266}]}, "version": 140, "at": 1717596330.0655093}
{"obj": {"type": "LogFloats", "path": ["monitoring", "ee2fd087", "gpu_memory"], "values": [{"value": 7.96112060546875, "step": null, "ts": 1717596330.0591266}]}, "version": 141, "at": 1717596330.0655785}
{"obj": {"type": "LogFloats", "path": ["monitoring", "ee2fd087", "cpu"], "values": [{"value": 10.3, "step": null, "ts": 1717596330.2771382}]}, "version": 142, "at": 1717596330.2781124}
{"obj": {"type": "LogFloats", "path": ["monitoring", "ee2fd087", "memory"], "values": [{"value": 23.65628433227539, "step": null, "ts": 1717596330.2771382}]}, "version": 143, "at": 1717596330.2782927}
{"obj": {"type": "LogFloats", "path": ["monitoring", "ee2fd087", "gpu_memory"], "values": [{"value": 7.96112060546875, "step": null, "ts": 1717596330.2771382}]}, "version": 144, "at": 1717596330.2783709}
{"obj": {"type": "LogStrings", "path": ["monitoring", "ee2fd087", "stderr"], "values": [{"value": "/home/xxu002/snip-snl-pgd/snl_finetune_unstructured.py:185: TqdmExperimentalWarning: rich is experimental/alpha\n  for epoch in tqdm(range(args.epochs)):\n", "step": null, "ts": 1717596330.4170318}]}, "version": 145, "at": 1717596330.417094}
{"obj": {"type": "LogStrings", "path": ["monitoring", "ee2fd087", "stdout"], "values": [{"value": "\u001b[?25l", "step": null, "ts": 1717596330.4199877}]}, "version": 146, "at": 1717596330.42003}
{"obj": {"type": "LogStrings", "path": ["monitoring", "ee2fd087", "stdout"], "values": [{"value": "", "step": null, "ts": 1717596330.4202056}]}, "version": 147, "at": 1717596330.4202309}
{"obj": {"type": "LogStrings", "path": ["monitoring", "ee2fd087", "stdout"], "values": [{"value": "\r\u001b[2K\u001b[35m   0%\u001b[0m \u001b[38;5;237m\u2501\u2501\u2501\u2501\u2501\u2501\u2501\u2501\u2501\u2501\u2501\u2501\u2501\u2501\u2501\u2501\u2501\u2501\u2501\u2501\u2501\u2501\u2501\u2501\u2501\u2501\u2501\u2501\u2501\u2501\u2501\u2501\u2501\u2501\u2501\u2501\u2501\u2501\u2501\u2501\u2501\u2501\u2501\u2501\u2501\u2501\u2501\u2501\u2501\u2501\u2501\u2501\u2501\u2501\u2501\u2501\u2501\u2501\u2501\u2501\u2501\u2501\u2501\u2501\u2501\u2501\u2501\u2501\u2501\u2501\u2501\u2501\u2501\u2501\u2501\u2501\u2501\u2501\u2501\u2501\u2501\u2501\u2501\u2501\u2501\u2501\u2501\u2501\u2501\u2501\u2501\u2501\u2501\u2501\u2501\u2501\u2501\u2501\u2501\u2501\u2501\u2501\u2501\u2501\u2501\u2501\u2501\u2501\u2501\u2501\u2501\u2501\u2501\u2501\u2501\u2501\u2501\u2501\u2501\u2501\u2501\u2501\u2501\u2501\u2501\u2501\u2501\u2501\u2501\u2501\u2501\u2501\u2501\u2501\u2501\u2501\u2501\u2501\u2501\u2501\u2501\u2501\u2501\u2501\u2501\u2501\u2501\u2501\u2501\u2501\u2501\u2501\u2501\u2501\u2501\u001b[0m \u001b[32m0/300 \u001b[0m [ \u001b[33m0:00:00\u001b[0m < \u001b[36m-:--:--\u001b[0m , \u001b[31m? it/s\u001b[0m ]", "step": null, "ts": 1717596330.420345}]}, "version": 148, "at": 1717596330.4203668}
{"obj": {"type": "LogStrings", "path": ["monitoring", "ee2fd087", "stdout"], "values": [{"value": "\r\u001b[2K\u001b[35m   0%\u001b[0m \u001b[38;5;237m\u2501\u2501\u2501\u2501\u2501\u2501\u2501\u2501\u2501\u2501\u2501\u2501\u2501\u2501\u2501\u2501\u2501\u2501\u2501\u2501\u2501\u2501\u2501\u2501\u2501\u2501\u2501\u2501\u2501\u2501\u2501\u2501\u2501\u2501\u2501\u2501\u2501\u2501\u2501\u2501\u2501\u2501\u2501\u2501\u2501\u2501\u2501\u2501\u2501\u2501\u2501\u2501\u2501\u2501\u2501\u2501\u2501\u2501\u2501\u2501\u2501\u2501\u2501\u2501\u2501\u2501\u2501\u2501\u2501\u2501\u2501\u2501\u2501\u2501\u2501\u2501\u2501\u2501\u2501\u2501\u2501\u2501\u2501\u2501\u2501\u2501\u2501\u2501\u2501\u2501\u2501\u2501\u2501\u2501\u2501\u2501\u2501\u2501\u2501\u2501\u2501\u2501\u2501\u2501\u2501\u2501\u2501\u2501\u2501\u2501\u2501\u2501\u2501\u2501\u2501\u2501\u2501\u2501\u2501\u2501\u2501\u2501\u2501\u2501\u2501\u2501\u2501\u2501\u2501\u2501\u2501\u2501\u2501\u2501\u2501\u2501\u2501\u2501\u2501\u2501\u2501\u2501\u2501\u2501\u2501\u2501\u2501\u2501\u2501\u2501\u2501\u2501\u2501\u2501\u2501\u001b[0m \u001b[32m0/300 \u001b[0m [ \u001b[33m0:00:00\u001b[0m < \u001b[36m-:--:--\u001b[0m , \u001b[31m? it/s\u001b[0m ]", "step": null, "ts": 1717596330.5211453}]}, "version": 149, "at": 1717596330.521218}
{"obj": {"type": "LogStrings", "path": ["monitoring", "ee2fd087", "stdout"], "values": [{"value": "\r\u001b[2K\u001b[35m   0%\u001b[0m \u001b[38;5;237m\u2501\u2501\u2501\u2501\u2501\u2501\u2501\u2501\u2501\u2501\u2501\u2501\u2501\u2501\u2501\u2501\u2501\u2501\u2501\u2501\u2501\u2501\u2501\u2501\u2501\u2501\u2501\u2501\u2501\u2501\u2501\u2501\u2501\u2501\u2501\u2501\u2501\u2501\u2501\u2501\u2501\u2501\u2501\u2501\u2501\u2501\u2501\u2501\u2501\u2501\u2501\u2501\u2501\u2501\u2501\u2501\u2501\u2501\u2501\u2501\u2501\u2501\u2501\u2501\u2501\u2501\u2501\u2501\u2501\u2501\u2501\u2501\u2501\u2501\u2501\u2501\u2501\u2501\u2501\u2501\u2501\u2501\u2501\u2501\u2501\u2501\u2501\u2501\u2501\u2501\u2501\u2501\u2501\u2501\u2501\u2501\u2501\u2501\u2501\u2501\u2501\u2501\u2501\u2501\u2501\u2501\u2501\u2501\u2501\u2501\u2501\u2501\u2501\u2501\u2501\u2501\u2501\u2501\u2501\u2501\u2501\u2501\u2501\u2501\u2501\u2501\u2501\u2501\u2501\u2501\u2501\u2501\u2501\u2501\u2501\u2501\u2501\u2501\u2501\u2501\u2501\u2501\u2501\u2501\u2501\u2501\u2501\u2501\u2501\u2501\u2501\u2501\u2501\u2501\u2501\u001b[0m \u001b[32m0/300 \u001b[0m [ \u001b[33m0:00:00\u001b[0m < \u001b[36m-:--:--\u001b[0m , \u001b[31m? it/s\u001b[0m ]", "step": null, "ts": 1717596330.6230311}]}, "version": 150, "at": 1717596330.6230814}
{"obj": {"type": "LogStrings", "path": ["monitoring", "ee2fd087", "stdout"], "values": [{"value": "\r\u001b[2K\u001b[35m   0%\u001b[0m \u001b[38;5;237m\u2501\u2501\u2501\u2501\u2501\u2501\u2501\u2501\u2501\u2501\u2501\u2501\u2501\u2501\u2501\u2501\u2501\u2501\u2501\u2501\u2501\u2501\u2501\u2501\u2501\u2501\u2501\u2501\u2501\u2501\u2501\u2501\u2501\u2501\u2501\u2501\u2501\u2501\u2501\u2501\u2501\u2501\u2501\u2501\u2501\u2501\u2501\u2501\u2501\u2501\u2501\u2501\u2501\u2501\u2501\u2501\u2501\u2501\u2501\u2501\u2501\u2501\u2501\u2501\u2501\u2501\u2501\u2501\u2501\u2501\u2501\u2501\u2501\u2501\u2501\u2501\u2501\u2501\u2501\u2501\u2501\u2501\u2501\u2501\u2501\u2501\u2501\u2501\u2501\u2501\u2501\u2501\u2501\u2501\u2501\u2501\u2501\u2501\u2501\u2501\u2501\u2501\u2501\u2501\u2501\u2501\u2501\u2501\u2501\u2501\u2501\u2501\u2501\u2501\u2501\u2501\u2501\u2501\u2501\u2501\u2501\u2501\u2501\u2501\u2501\u2501\u2501\u2501\u2501\u2501\u2501\u2501\u2501\u2501\u2501\u2501\u2501\u2501\u2501\u2501\u2501\u2501\u2501\u2501\u2501\u2501\u2501\u2501\u2501\u2501\u2501\u2501\u2501\u2501\u2501\u001b[0m \u001b[32m0/300 \u001b[0m [ \u001b[33m0:00:00\u001b[0m < \u001b[36m-:--:--\u001b[0m , \u001b[31m? it/s\u001b[0m ]", "step": null, "ts": 1717596330.7252076}]}, "version": 151, "at": 1717596330.7252629}
{"obj": {"type": "LogStrings", "path": ["monitoring", "ee2fd087", "stdout"], "values": [{"value": "\r\u001b[2K\u001b[35m   0%\u001b[0m \u001b[38;5;237m\u2501\u2501\u2501\u2501\u2501\u2501\u2501\u2501\u2501\u2501\u2501\u2501\u2501\u2501\u2501\u2501\u2501\u2501\u2501\u2501\u2501\u2501\u2501\u2501\u2501\u2501\u2501\u2501\u2501\u2501\u2501\u2501\u2501\u2501\u2501\u2501\u2501\u2501\u2501\u2501\u2501\u2501\u2501\u2501\u2501\u2501\u2501\u2501\u2501\u2501\u2501\u2501\u2501\u2501\u2501\u2501\u2501\u2501\u2501\u2501\u2501\u2501\u2501\u2501\u2501\u2501\u2501\u2501\u2501\u2501\u2501\u2501\u2501\u2501\u2501\u2501\u2501\u2501\u2501\u2501\u2501\u2501\u2501\u2501\u2501\u2501\u2501\u2501\u2501\u2501\u2501\u2501\u2501\u2501\u2501\u2501\u2501\u2501\u2501\u2501\u2501\u2501\u2501\u2501\u2501\u2501\u2501\u2501\u2501\u2501\u2501\u2501\u2501\u2501\u2501\u2501\u2501\u2501\u2501\u2501\u2501\u2501\u2501\u2501\u2501\u2501\u2501\u2501\u2501\u2501\u2501\u2501\u2501\u2501\u2501\u2501\u2501\u2501\u2501\u2501\u2501\u2501\u2501\u2501\u2501\u2501\u2501\u2501\u2501\u2501\u2501\u2501\u2501\u2501\u2501\u001b[0m \u001b[32m0/300 \u001b[0m [ \u001b[33m0:00:00\u001b[0m < \u001b[36m-:--:--\u001b[0m , \u001b[31m? it/s\u001b[0m ]", "step": null, "ts": 1717596330.8281965}]}, "version": 152, "at": 1717596330.8282437}
{"obj": {"type": "LogStrings", "path": ["monitoring", "ee2fd087", "stdout"], "values": [{"value": "\r\u001b[2K\u001b[35m   0%\u001b[0m \u001b[38;5;237m\u2501\u2501\u2501\u2501\u2501\u2501\u2501\u2501\u2501\u2501\u2501\u2501\u2501\u2501\u2501\u2501\u2501\u2501\u2501\u2501\u2501\u2501\u2501\u2501\u2501\u2501\u2501\u2501\u2501\u2501\u2501\u2501\u2501\u2501\u2501\u2501\u2501\u2501\u2501\u2501\u2501\u2501\u2501\u2501\u2501\u2501\u2501\u2501\u2501\u2501\u2501\u2501\u2501\u2501\u2501\u2501\u2501\u2501\u2501\u2501\u2501\u2501\u2501\u2501\u2501\u2501\u2501\u2501\u2501\u2501\u2501\u2501\u2501\u2501\u2501\u2501\u2501\u2501\u2501\u2501\u2501\u2501\u2501\u2501\u2501\u2501\u2501\u2501\u2501\u2501\u2501\u2501\u2501\u2501\u2501\u2501\u2501\u2501\u2501\u2501\u2501\u2501\u2501\u2501\u2501\u2501\u2501\u2501\u2501\u2501\u2501\u2501\u2501\u2501\u2501\u2501\u2501\u2501\u2501\u2501\u2501\u2501\u2501\u2501\u2501\u2501\u2501\u2501\u2501\u2501\u2501\u2501\u2501\u2501\u2501\u2501\u2501\u2501\u2501\u2501\u2501\u2501\u2501\u2501\u2501\u2501\u2501\u2501\u2501\u2501\u2501\u2501\u2501\u2501\u2501\u001b[0m \u001b[32m0/300 \u001b[0m [ \u001b[33m0:00:00\u001b[0m < \u001b[36m-:--:--\u001b[0m , \u001b[31m? it/s\u001b[0m ]", "step": null, "ts": 1717596330.9313846}]}, "version": 153, "at": 1717596330.9314232}
{"obj": {"type": "LogStrings", "path": ["monitoring", "ee2fd087", "stdout"], "values": [{"value": "\r\u001b[2K\u001b[35m   0%\u001b[0m \u001b[38;5;237m\u2501\u2501\u2501\u2501\u2501\u2501\u2501\u2501\u2501\u2501\u2501\u2501\u2501\u2501\u2501\u2501\u2501\u2501\u2501\u2501\u2501\u2501\u2501\u2501\u2501\u2501\u2501\u2501\u2501\u2501\u2501\u2501\u2501\u2501\u2501\u2501\u2501\u2501\u2501\u2501\u2501\u2501\u2501\u2501\u2501\u2501\u2501\u2501\u2501\u2501\u2501\u2501\u2501\u2501\u2501\u2501\u2501\u2501\u2501\u2501\u2501\u2501\u2501\u2501\u2501\u2501\u2501\u2501\u2501\u2501\u2501\u2501\u2501\u2501\u2501\u2501\u2501\u2501\u2501\u2501\u2501\u2501\u2501\u2501\u2501\u2501\u2501\u2501\u2501\u2501\u2501\u2501\u2501\u2501\u2501\u2501\u2501\u2501\u2501\u2501\u2501\u2501\u2501\u2501\u2501\u2501\u2501\u2501\u2501\u2501\u2501\u2501\u2501\u2501\u2501\u2501\u2501\u2501\u2501\u2501\u2501\u2501\u2501\u2501\u2501\u2501\u2501\u2501\u2501\u2501\u2501\u2501\u2501\u2501\u2501\u2501\u2501\u2501\u2501\u2501\u2501\u2501\u2501\u2501\u2501\u2501\u2501\u2501\u2501\u2501\u2501\u2501\u2501\u2501\u2501\u001b[0m \u001b[32m0/300 \u001b[0m [ \u001b[33m0:00:00\u001b[0m < \u001b[36m-:--:--\u001b[0m , \u001b[31m? it/s\u001b[0m ]", "step": null, "ts": 1717596331.0330715}]}, "version": 154, "at": 1717596331.0331178}
{"obj": {"type": "LogStrings", "path": ["monitoring", "ee2fd087", "stdout"], "values": [{"value": "\r\u001b[2K\u001b[35m   0%\u001b[0m \u001b[38;5;237m\u2501\u2501\u2501\u2501\u2501\u2501\u2501\u2501\u2501\u2501\u2501\u2501\u2501\u2501\u2501\u2501\u2501\u2501\u2501\u2501\u2501\u2501\u2501\u2501\u2501\u2501\u2501\u2501\u2501\u2501\u2501\u2501\u2501\u2501\u2501\u2501\u2501\u2501\u2501\u2501\u2501\u2501\u2501\u2501\u2501\u2501\u2501\u2501\u2501\u2501\u2501\u2501\u2501\u2501\u2501\u2501\u2501\u2501\u2501\u2501\u2501\u2501\u2501\u2501\u2501\u2501\u2501\u2501\u2501\u2501\u2501\u2501\u2501\u2501\u2501\u2501\u2501\u2501\u2501\u2501\u2501\u2501\u2501\u2501\u2501\u2501\u2501\u2501\u2501\u2501\u2501\u2501\u2501\u2501\u2501\u2501\u2501\u2501\u2501\u2501\u2501\u2501\u2501\u2501\u2501\u2501\u2501\u2501\u2501\u2501\u2501\u2501\u2501\u2501\u2501\u2501\u2501\u2501\u2501\u2501\u2501\u2501\u2501\u2501\u2501\u2501\u2501\u2501\u2501\u2501\u2501\u2501\u2501\u2501\u2501\u2501\u2501\u2501\u2501\u2501\u2501\u2501\u2501\u2501\u2501\u2501\u2501\u2501\u2501\u2501\u2501\u2501\u2501\u2501\u2501\u001b[0m \u001b[32m0/300 \u001b[0m [ \u001b[33m0:00:00\u001b[0m < \u001b[36m-:--:--\u001b[0m , \u001b[31m? it/s\u001b[0m ]", "step": null, "ts": 1717596331.134799}]}, "version": 155, "at": 1717596331.134844}
{"obj": {"type": "LogStrings", "path": ["monitoring", "ee2fd087", "stdout"], "values": [{"value": "\r\u001b[2K\u001b[35m   0%\u001b[0m \u001b[38;5;237m\u2501\u2501\u2501\u2501\u2501\u2501\u2501\u2501\u2501\u2501\u2501\u2501\u2501\u2501\u2501\u2501\u2501\u2501\u2501\u2501\u2501\u2501\u2501\u2501\u2501\u2501\u2501\u2501\u2501\u2501\u2501\u2501\u2501\u2501\u2501\u2501\u2501\u2501\u2501\u2501\u2501\u2501\u2501\u2501\u2501\u2501\u2501\u2501\u2501\u2501\u2501\u2501\u2501\u2501\u2501\u2501\u2501\u2501\u2501\u2501\u2501\u2501\u2501\u2501\u2501\u2501\u2501\u2501\u2501\u2501\u2501\u2501\u2501\u2501\u2501\u2501\u2501\u2501\u2501\u2501\u2501\u2501\u2501\u2501\u2501\u2501\u2501\u2501\u2501\u2501\u2501\u2501\u2501\u2501\u2501\u2501\u2501\u2501\u2501\u2501\u2501\u2501\u2501\u2501\u2501\u2501\u2501\u2501\u2501\u2501\u2501\u2501\u2501\u2501\u2501\u2501\u2501\u2501\u2501\u2501\u2501\u2501\u2501\u2501\u2501\u2501\u2501\u2501\u2501\u2501\u2501\u2501\u2501\u2501\u2501\u2501\u2501\u2501\u2501\u2501\u2501\u2501\u2501\u2501\u2501\u2501\u2501\u2501\u2501\u2501\u2501\u2501\u2501\u2501\u2501\u001b[0m \u001b[32m0/300 \u001b[0m [ \u001b[33m0:00:00\u001b[0m < \u001b[36m-:--:--\u001b[0m , \u001b[31m? it/s\u001b[0m ]", "step": null, "ts": 1717596331.2365527}]}, "version": 156, "at": 1717596331.2365959}
{"obj": {"type": "LogStrings", "path": ["monitoring", "ee2fd087", "stdout"], "values": [{"value": "\r\u001b[2K\u001b[35m   0%\u001b[0m \u001b[38;5;237m\u2501\u2501\u2501\u2501\u2501\u2501\u2501\u2501\u2501\u2501\u2501\u2501\u2501\u2501\u2501\u2501\u2501\u2501\u2501\u2501\u2501\u2501\u2501\u2501\u2501\u2501\u2501\u2501\u2501\u2501\u2501\u2501\u2501\u2501\u2501\u2501\u2501\u2501\u2501\u2501\u2501\u2501\u2501\u2501\u2501\u2501\u2501\u2501\u2501\u2501\u2501\u2501\u2501\u2501\u2501\u2501\u2501\u2501\u2501\u2501\u2501\u2501\u2501\u2501\u2501\u2501\u2501\u2501\u2501\u2501\u2501\u2501\u2501\u2501\u2501\u2501\u2501\u2501\u2501\u2501\u2501\u2501\u2501\u2501\u2501\u2501\u2501\u2501\u2501\u2501\u2501\u2501\u2501\u2501\u2501\u2501\u2501\u2501\u2501\u2501\u2501\u2501\u2501\u2501\u2501\u2501\u2501\u2501\u2501\u2501\u2501\u2501\u2501\u2501\u2501\u2501\u2501\u2501\u2501\u2501\u2501\u2501\u2501\u2501\u2501\u2501\u2501\u2501\u2501\u2501\u2501\u2501\u2501\u2501\u2501\u2501\u2501\u2501\u2501\u2501\u2501\u2501\u2501\u2501\u2501\u2501\u2501\u2501\u2501\u2501\u2501\u2501\u2501\u2501\u2501\u001b[0m \u001b[32m0/300 \u001b[0m [ \u001b[33m0:00:00\u001b[0m < \u001b[36m-:--:--\u001b[0m , \u001b[31m? it/s\u001b[0m ]", "step": null, "ts": 1717596331.338371}]}, "version": 157, "at": 1717596331.3384135}
{"obj": {"type": "LogStrings", "path": ["monitoring", "ee2fd087", "stdout"], "values": [{"value": "\r\u001b[2K\u001b[35m   0%\u001b[0m \u001b[38;5;237m\u2501\u2501\u2501\u2501\u2501\u2501\u2501\u2501\u2501\u2501\u2501\u2501\u2501\u2501\u2501\u2501\u2501\u2501\u2501\u2501\u2501\u2501\u2501\u2501\u2501\u2501\u2501\u2501\u2501\u2501\u2501\u2501\u2501\u2501\u2501\u2501\u2501\u2501\u2501\u2501\u2501\u2501\u2501\u2501\u2501\u2501\u2501\u2501\u2501\u2501\u2501\u2501\u2501\u2501\u2501\u2501\u2501\u2501\u2501\u2501\u2501\u2501\u2501\u2501\u2501\u2501\u2501\u2501\u2501\u2501\u2501\u2501\u2501\u2501\u2501\u2501\u2501\u2501\u2501\u2501\u2501\u2501\u2501\u2501\u2501\u2501\u2501\u2501\u2501\u2501\u2501\u2501\u2501\u2501\u2501\u2501\u2501\u2501\u2501\u2501\u2501\u2501\u2501\u2501\u2501\u2501\u2501\u2501\u2501\u2501\u2501\u2501\u2501\u2501\u2501\u2501\u2501\u2501\u2501\u2501\u2501\u2501\u2501\u2501\u2501\u2501\u2501\u2501\u2501\u2501\u2501\u2501\u2501\u2501\u2501\u2501\u2501\u2501\u2501\u2501\u2501\u2501\u2501\u2501\u2501\u2501\u2501\u2501\u2501\u2501\u2501\u2501\u2501\u2501\u2501\u001b[0m \u001b[32m0/300 \u001b[0m [ \u001b[33m0:00:01\u001b[0m < \u001b[36m-:--:--\u001b[0m , \u001b[31m? it/s\u001b[0m ]", "step": null, "ts": 1717596331.4401147}]}, "version": 158, "at": 1717596331.440156}
